#
# A fatal error has been detected by the Java Runtime Environment:
#
#  EXCEPTION_ACCESS_VIOLATION (0xc0000005) at pc=0x000002a28754a6e9, pid=15192, tid=5900
#
# JRE version: OpenJDK Runtime Environment Temurin-21.0.9+10 (21.0.9+10) (build 21.0.9+10-LTS)
# Java VM: OpenJDK 64-Bit Server VM Temurin-21.0.9+10 (21.0.9+10-LTS, mixed mode, sharing, tiered, compressed oops, compressed class ptrs, g1 gc, windows-amd64)
# Problematic frame:
# j  com.za.zenith.world.chunks.ChunkMeshGenerator$MeshData.build()Lcom/za/zenith/engine/graphics/Mesh;+265
#
# No core dump will be written. Minidumps are not enabled by default on client versions of Windows
#
# If you would like to submit a bug report, please visit:
#   https://github.com/adoptium/adoptium-support/issues
#

---------------  S U M M A R Y ------------

Command Line: -XX:+UseG1GC -XX:+UnlockExperimentalVMOptions -XX:G1NewSizePercent=20 -XX:G1ReservePercent=20 -XX:MaxGCPauseMillis=50 -XX:G1HeapRegionSize=32M --enable-preview -Xms1g -Xmx4g -Dfile.encoding=UTF-8 -Duser.country=RU -Duser.language=ru -Duser.variant com.za.zenith.Application

Host: AMD Ryzen 5 5600X 6-Core Processor             , 12 cores, 15G,  Windows 11 , 64 bit Build 26100 (10.0.26100.7309)
Time: Fri Apr 10 15:21:23 2026 elapsed time: 11.724031 seconds (0d 0h 0m 11s)

---------------  T H R E A D  ---------------

Current thread (0x000002a2f5775830):  JavaThread "main"             [_thread_in_Java, id=5900, stack(0x000000dc11f00000,0x000000dc12000000) (1024K)]

Stack: [0x000000dc11f00000,0x000000dc12000000],  sp=0x000000dc11fff2d8,  free space=1020k
Native frames: (J=compiled Java code, j=interpreted, Vv=VM code, C=native code)
C  0x000002a28754a6e9

The last pc belongs to checkcast (printed below).

siginfo: EXCEPTION_ACCESS_VIOLATION (0xc0000005), reading address 0x000002a2b6031258


Registers:
RAX=0x000002a296031218, RBX=0x000002a2b6031218, RCX=0x0000000000000040, RDX=0x000000071c5dd2c0
RSP=0x000000dc11fff2d8, RBP=0x000000dc11fff330, RSI=0x000002a2dd2a7608, RDI=0x0000000000000001
R8 =0x000002a2f31c4500, R9 =0x0000000000000000, R10=0x000002a296000000, R11=0x000000dc11fff280
R12=0x0000000000000000, R13=0x000002a2d7b3d8b1, R14=0x000000dc11fff378, R15=0x000002a2f5775830
RIP=0x000002a28754a6e9, EFLAGS=0x0000000000010206

XMM[0]=0x0000000000000000 0x0000000000000000
XMM[1]=0x0000000000000000 0x0000000000000000
XMM[2]=0x0000000000000000 0x0000000000000000
XMM[3]=0x0000000000000000 0x0000000000000000
XMM[4]=0x0000000000000000 0x0000000000000000
XMM[5]=0x0000000000000000 0x0000000000000000
XMM[6]=0x0000000000000000 0x0000000000000000
XMM[7]=0x0000000000000000 0x0000000000000000
XMM[8]=0x0000000000000000 0x000000003f800000
XMM[9]=0x0000000000000000 0x0000000000000000
XMM[10]=0x0000000000000000 0x0000000000000000
XMM[11]=0x0000000000000000 0x0000000000000000
XMM[12]=0x0000000000000000 0x0000000000000000
XMM[13]=0x0000000000000000 0x0000000041300000
XMM[14]=0x0000000000000000 0x0000000042780000
XMM[15]=0x0000000000000000 0x000000003f800000
  MXCSR=0x00001fa4


Register to memory mapping:

RAX=0x000002a296031218 is a pointer to class: 
java.lang.Float {0x000002a296031220}
 - instance size:     2
 - klass size:        80
 - access:            public final synchronized 
 - flags:             rewritten has_nonstatic_fields is_shared_boot_class has_localvariable_table has_resolved_methods 
 - state:             fully_initialized
 - name:              'java/lang/Float'
 - super:             'java/lang/Number'
 - sub:               
 - arrays:            null
 - methods:           Array<T>(0x000002a296668300)
 - method ordering:   Array<T>(0x000002a2966693e0)
 - local interfaces:  Array<T>(0x000002a296669398)
 - trans. interfaces: Array<T>(0x000002a2966693b8)
 - secondary supers: Array<T>(0x000002a296667630)
 - hash_slot:         18
 - bitmap:            0x8000001100001000
 - constants:         constant pool [279] {0x000002a2966676e0} for 'java/lang/Float' cache=0x000002a296031610
 - class loader data:  loader data: 0x000002a2f5813670 of 'bootstrap'
 - source file:       'Float.java'
 - class annotations:       Array<T>(0x000002a2966682d8)
 - generic signature: 'Ljava/lang/Number;Ljava/lang/Comparable<Ljava/lang/Float;>;Ljava/lang/constant/Constable;Ljava/lang/constant/ConstantDesc;'
 - inner classes:     Array<T>(0x000002a2966682e8)
 - nest members:     Array<T>(0x000002a296611da8)
 - permitted subclasses:     Array<T>(0x000002a296611da8)
 - java mirror:       a 'java/lang/Class'{0x0000000706a61cb8} = 'java/lang/Float'
 - vtable length      11  (start addr: 0x000002a2960313e8)
 - itable length      11 (start addr: 0x000002a296031440)
 - ---- static fields (8 words):
 - public static final 'POSITIVE_INFINITY' 'F' @128 
 - public static final 'NEGATIVE_INFINITY' 'F' @132 
 - public static final 'NaN' 'F' @136 
 - public static final 'MAX_VALUE' 'F' @140 
 - public static final 'MIN_NORMAL' 'F' @144 
 - public static final 'MIN_VALUE' 'F' @148 
 - public static final 'SIZE' 'I' @152 
 - public static final 'PRECISION' 'I' @156 
 - public static final 'MAX_EXPONENT' 'I' @160 
 - public static final 'MIN_EXPONENT' 'I' @164 
 - public static final 'BYTES' 'I' @168 
 - public static final 'TYPE' 'Ljava/lang/Class;' @112 
 - private static final 'serialVersionUID' 'J' @120 
 - static final synthetic '$assertionsDisabled' 'Z' @172 
 - ---- non-static fields (1 words):
 - private final 'value' 'F' @12 
 - non-static oop maps: 
RBX=0x000002a2b6031218 is an unknown value
RCX=0x0000000000000040 is an unknown value
RDX=
[error occurred during error reporting (printing register info), id 0xc0000005, EXCEPTION_ACCESS_VIOLATION (0xc0000005) at pc=0x00007ffd3ab6cad1]
RSP=0x000000dc11fff2d8 is pointing into the stack for thread: 0x000002a2f5775830
RBP=0x000000dc11fff330 is pointing into the stack for thread: 0x000002a2f5775830
RSI=0x000002a2dd2a7608 points into unknown readable memory: 0x80000401141d6531 | 31 65 1d 14 01 04 00 80
RDI=0x0000000000000001 is an unknown value
R8 =0x000002a2f31c4500 points into unknown readable memory: 0x000002a2f31c0e40 | 40 0e 1c f3 a2 02 00 00
R9 =0x0 is null
R10=0x000002a296000000 is pointing into metadata
R11=0x000000dc11fff280 is pointing into the stack for thread: 0x000002a2f5775830
R12=0x0 is null
R13=0x000002a2d7b3d8b1 is pointing into metadata
R14=0x000000dc11fff378 is pointing into the stack for thread: 0x000002a2f5775830
R15=0x000002a2f5775830 is a thread

Top of Stack: (sp=0x000000dc11fff2d8)
0x000000dc11fff2d8:   deaddeaf00000fb8 000000071dd97640
0x000000dc11fff2e8:   000000dc11fff2e8 000002a2d7b3d8b1
0x000000dc11fff2f8:   0000000000000009 000002a2d7b3dab8
0x000000dc11fff308:   000002a2d7b44270 000000070efc2618
0x000000dc11fff318:   000002a2d7b3d9b0 0000000000000000
0x000000dc11fff328:   000000dc11fff380 000000071dd576e8
0x000000dc11fff338:   000002a287c7fd8c deaddeaf00000fb8
0x000000dc11fff348:   000000071dd9d350 000000071dd97640
0x000000dc11fff358:   000000071dd91930 000000071dd80220
0x000000dc11fff368:   000000071dd68e10 000000071dd57700
0x000000dc11fff378:   000000071c2d5e18 0000000000000000
0x000000dc11fff388:   0000000000000000 000002a2f5775830
0x000000dc11fff398:   00007ffd3b385a70 00000007076fb0e8
0x000000dc11fff3a8:   0000000706a20330 0000000706cf75d8
0x000000dc11fff3b8:   000000071c2d5e18 000000071c2d5ed0
0x000000dc11fff3c8:   000000071c2d5f88 000000000000000f
0x000000dc11fff3d8:   0000000000017f00 000000000005fc00
0x000000dc11fff3e8:   4270000000000000 000000071dd576d0
0x000000dc11fff3f8:   0000000706a2d518 ffffff7f41700000
0x000000dc11fff408:   000000071dd38928 0000000706a2d518
0x000000dc11fff418:   0000000706a21550 ffffff4fe1df8284
0x000000dc11fff428:   000001800000000f 0000000000000010
0x000000dc11fff438:   000000071dd38948 0000000706a3b578
0x000000dc11fff448:   0000000700000000 41300000bf800000
0x000000dc11fff458:   000000061dd3895c 000002a241980000
0x000000dc11fff468:   0000000706c467b8 0000000706d1b9c0
0x000000dc11fff478:   000002a287b8bc88 000000dc11fff4e0
0x000000dc11fff488:   0000000700000000 000000071c2d5e18
0x000000dc11fff498:   00000000000014a4 0000000000000000
0x000000dc11fff4a8:   000002a28046b81c 000000dc11fff5b0
0x000000dc11fff4b8:   000002a28046a724 000002a2f5775878
0x000000dc11fff4c8:   00007ffd3aea63da 000002a287538860 

Instructions: (pc=0x000002a28754a6e9)
0x000002a28754a5e9:   00 00 00 00 00 00 c5 f8 77 49 83 7f 08 00 0f 84
0x000002a28754a5f9:   05 00 00 00 e9 fe 68 fe ff 4c 8b 6d c0 4c 8b 75
0x000002a28754a609:   c8 4e 8d 74 f5 00 c3 49 8b 87 f8 03 00 00 49 c7
0x000002a28754a619:   87 f8 03 00 00 00 00 00 00 5a eb 11 48 8b d0 66
0x000002a28754a629:   8b 5c d9 48 48 8b 49 28 48 8b 44 d9 08 8b 5a 08
0x000002a28754a639:   49 ba 00 00 00 96 a2 02 00 00 49 03 da 48 8b 4d
0x000002a28754a649:   d8 48 85 c9 0f 84 8a 00 00 00 48 8b 79 18 48 3b
0x000002a28754a659:   fb 0f 85 0f 00 00 00 48 83 41 20 01 48 83 59 20
0x000002a28754a669:   00 e9 66 00 00 00 48 85 ff 0f 84 37 00 00 00 48
0x000002a28754a679:   8b 79 28 48 3b fb 0f 85 0f 00 00 00 48 83 41 30
0x000002a28754a689:   01 48 83 59 30 00 e9 41 00 00 00 48 85 ff 0f 85
0x000002a28754a699:   38 00 00 00 48 89 59 28 bf 01 00 00 00 48 89 79
0x000002a28754a6a9:   30 e9 26 00 00 00 48 3b 59 28 0f 85 0f 00 00 00
0x000002a28754a6b9:   48 83 41 30 01 48 83 59 30 00 e9 0d 00 00 00 48
0x000002a28754a6c9:   89 59 18 bf 01 00 00 00 48 89 79 20 48 83 c1 38
0x000002a28754a6d9:   48 89 4d d8 48 3b d8 0f 84 56 00 00 00 8b 48 14
0x000002a28754a6e9:   48 3b 04 0b 0f 84 49 00 00 00 83 f9 20 0f 85 1d
0x000002a28754a6f9:   00 00 00 57 48 8b 7b 28 8b 0f 48 83 c7 08 48 85
0x000002a28754a709:   c0 f2 48 af 5f 75 09 48 89 43 20 e9 23 00 00 00
0x000002a28754a719:   48 8b 4d d8 48 85 c9 0f 84 10 00 00 00 48 83 41
0x000002a28754a729:   d0 ff 0f 88 05 00 00 00 48 83 41 d0 01 52 e9 b9
0x000002a28754a739:   10 ff ff 48 8b c2 e9 19 00 00 00 48 8b 4d d8 48
0x000002a28754a749:   85 c9 0f 84 0c 00 00 00 80 49 01 01 48 83 c1 38
0x000002a28754a759:   48 89 4d d8 41 0f b6 5d 03 49 83 c5 03 49 ba 30
0x000002a28754a769:   15 83 3b fd 7f 00 00 41 ff 24 da 0f 1f 40 00 a0
0x000002a28754a779:   93 55 3b fd 7f 00 00 70 02 00 00 c1 00 00 00 00
0x000002a28754a789:   00 00 00 00 00 00 00 00 00 00 00 00 00 00 00 00
0x000002a28754a799:   00 00 00 00 00 00 00 58 48 85 c0 0f 84 07 02 00
0x000002a28754a7a9:   00 48 8b 4d e8 48 8b 49 08 48 8b 49 08 48 8b 51
0x000002a28754a7b9:   08 41 0f b7 5d 01 0f cb c1 eb 10 80 7c 1a 04 07
0x000002a28754a7c9:   0f 84 c6 00 00 00 50 e8 05 00 00 00 e9 96 00 00
0x000002a28754a7d9:   00 48 8d 44 24 08 4c 89 6d c0 49 8b cf c5 f8 77 


Stack slot to memory mapping:

stack at sp + 0 slots: 0xdeaddeaf00000fb8 is an unknown value
stack at sp + 1 slots: 0x000000071dd97640 is an oop: [F 
{0x000000071dd97640} - klass: {type array float}
 - length: 5952
stack at sp + 2 slots: 0x000000dc11fff2e8 is pointing into the stack for thread: 0x000002a2f5775830
stack at sp + 3 slots: 0x000002a2d7b3d8b1 is pointing into metadata
stack at sp + 4 slots: 0x0000000000000009 is an unknown value
stack at sp + 5 slots: 0x000002a2d7b3dab8 is pointing into metadata
stack at sp + 6 slots: 0x000002a2d7b44270 is pointing into metadata
stack at sp + 7 slots: 0x000000070efc2618 is an oop: java.lang.Class 
{0x000000070efc2618} - klass: 'java/lang/Class'
 - ---- fields (total size 14 words):
 - private volatile transient 'classRedefinedCount' 'I' @12  0 (0x00000000)
 - injected 'klass' 'J' @16  2897342415256 (0x000002a29710c198)
 - injected 'array_klass' 'J' @24  0 (0x0000000000000000)
 - injected 'oop_size' 'I' @32  14 (0x0000000e)
 - injected 'static_oop_field_count' 'I' @36  0 (0x00000000)
 - private volatile transient 'cachedConstructor' 'Ljava/lang/reflect/Constructor;' @40  null (0x00000000)
 - private transient 'name' 'Ljava/lang/String;' @44  "com.za.zenith.world.chunks.ChunkMeshGenerator$MeshData"{0x000000070efd1e00} (0xe1dfa3c0)
 - private transient 'module' 'Ljava/lang/Module;' @48  a 'java/lang/Module'{0x0000000706a3bda0} (0xe0d477b4)
 - private final 'classLoader' 'Ljava/lang/ClassLoader;' @52  a 'jdk/internal/loader/ClassLoaders$AppClassLoader'{0x0000000706a201b0} (0xe0d44036)
 - private transient 'classData' 'Ljava/lang/Object;' @56  null (0x00000000)
 - private transient 'packageName' 'Ljava/lang/String;' @60  "com.za.zenith.world.chunks"{0x0000000706c5da60} (0xe0d8bb4c)
 - private final 'componentType' 'Ljava/lang/Class;' @64  null (0x00000000)
 - private volatile transient 'reflectionData' 'Ljava/lang/ref/SoftReference;' @68  null (0x00000000)
 - private volatile transient 'genericInfo' 'Lsun/reflect/generics/repository/ClassRepository;' @72  null (0x00000000)
 - private volatile transient 'enumConstants' '[Ljava/lang/Object;' @76  null (0x00000000)
 - private volatile transient 'enumConstantDirectory' 'Ljava/util/Map;' @80  null (0x00000000)
 - private volatile transient 'annotationData' 'Ljava/lang/Class$AnnotationData;' @84  null (0x00000000)
 - private volatile transient 'annotationType' 'Lsun/reflect/annotation/AnnotationType;' @88  null (0x00000000)
 - transient 'classValueMap' 'Ljava/lang/ClassValue$ClassValueMap;' @92  null (0x00000000)
 - injected 'protection_domain' 'Ljava/lang/Object;' @96  a 'java/security/ProtectionDomain'{0x0000000706a20e08} (0xe0d441c1)
 - injected 'signers_name' 'Ljava/lang/Object;' @100  null (0x00000000)
 - injected 'source_file' 'Ljava/lang/Object;' @104  null (0x00000000)
 - injected '<init_lock>' 'Ljava/lang/Object;' @108  null (0x00000000)
 - signature: Lcom/za/zenith/world/chunks/ChunkMeshGenerator$MeshData;
 - ---- static fields (0):

checkcast  192 checkcast  [0x000002a28754a540, 0x000002a28754a778]  568 bytes
[MachCode]
  0x000002a28754a540: 5848 85c0 | 0f84 fa01 | 0000 488b | 4de8 488b | 4908 488b | 4908 488b | 5108 410f | b75d 010f 
  0x000002a28754a560: cbc1 eb10 | 807c 1a04 | 070f 84b6 | 0000 0050 | e805 0000 | 00e9 9600 | 0000 488d | 4424 084c 
  0x000002a28754a580: 896d c049 | 8bcf c5f8 | 7749 89af | a803 0000 | 4989 8798 | 0300 0048 | 83ec 2040 | f6c4 0f0f 
  0x000002a28754a5a0: 8419 0000 | 0048 83ec | 0848 b8e0 | f7f3 3afd | 7f00 00ff | d048 83c4 | 08e9 0c00 | 0000 48b8 
  0x000002a28754a5c0: e0f7 f33a | fd7f 0000 | ffd0 4883 | c420 49c7 | 8798 0300 | 0000 0000 | 0049 c787 | a803 0000 
  0x000002a28754a5e0: 0000 0000 | 49c7 87a0 | 0300 0000 | 0000 00c5 | f877 4983 | 7f08 000f | 8405 0000 | 00e9 fe68 
  0x000002a28754a600: feff 4c8b | 6dc0 4c8b | 75c8 4e8d | 74f5 00c3 | 498b 87f8 | 0300 0049 | c787 f803 | 0000 0000 
  0x000002a28754a620: 0000 5aeb | 1148 8bd0 | 668b 5cd9 | 4848 8b49 | 2848 8b44 | d908 8b5a | 0849 ba00 | 0000 96a2 
  0x000002a28754a640: 0200 0049 | 03da 488b | 4dd8 4885 | c90f 848a | 0000 0048 | 8b79 1848 | 3bfb 0f85 | 0f00 0000 
  0x000002a28754a660: 4883 4120 | 0148 8359 | 2000 e966 | 0000 0048 | 85ff 0f84 | 3700 0000 | 488b 7928 | 483b fb0f 
  0x000002a28754a680: 850f 0000 | 0048 8341 | 3001 4883 | 5930 00e9 | 4100 0000 | 4885 ff0f | 8538 0000 | 0048 8959 
  0x000002a28754a6a0: 28bf 0100 | 0000 4889 | 7930 e926 | 0000 0048 | 3b59 280f | 850f 0000 | 0048 8341 | 3001 4883 
  0x000002a28754a6c0: 5930 00e9 | 0d00 0000 | 4889 5918 | bf01 0000 | 0048 8979 | 2048 83c1 | 3848 894d | d848 3bd8 
  0x000002a28754a6e0: 0f84 5600 | 0000 8b48 | 1448 3b04 | 0b0f 8449 | 0000 0083 | f920 0f85 | 1d00 0000 | 5748 8b7b 
  0x000002a28754a700: 288b 0f48 | 83c7 0848 | 85c0 f248 | af5f 7509 | 4889 4320 | e923 0000 | 0048 8b4d | d848 85c9 
  0x000002a28754a720: 0f84 1000 | 0000 4883 | 41d0 ff0f | 8805 0000 | 0048 8341 | d001 52e9 | b910 ffff | 488b c2e9 
  0x000002a28754a740: 1900 0000 | 488b 4dd8 | 4885 c90f | 840c 0000 | 0080 4901 | 0148 83c1 | 3848 894d | d841 0fb6 
  0x000002a28754a760: 5d03 4983 | c503 49ba | 3015 833b | fd7f 0000 | 41ff 24da | 0f1f 4000 
[/MachCode]

---------------  P R O C E S S  ---------------

Threads class SMR info:
_java_thread_list=0x000002a2dceb47e0, length=12, elements={
0x000002a2f5775830, 0x000002a2951528d0, 0x000002a295155430, 0x000002a295159fb0,
0x000002a29515ad90, 0x000002a29515bdc0, 0x000002a29515c940, 0x000002a2951795a0,
0x000002a29519f050, 0x000002a2952ed840, 0x000002a2952ee8c0, 0x000002a2dcb20510
}

Java Threads: ( => current thread )
=>0x000002a2f5775830 JavaThread "main"                              [_thread_in_Java, id=5900, stack(0x000000dc11f00000,0x000000dc12000000) (1024K)]
  0x000002a2951528d0 JavaThread "Reference Handler"          daemon [_thread_blocked, id=10152, stack(0x000000dc12700000,0x000000dc12800000) (1024K)]
  0x000002a295155430 JavaThread "Finalizer"                  daemon [_thread_blocked, id=23520, stack(0x000000dc12800000,0x000000dc12900000) (1024K)]
  0x000002a295159fb0 JavaThread "Signal Dispatcher"          daemon [_thread_blocked, id=25460, stack(0x000000dc12900000,0x000000dc12a00000) (1024K)]
  0x000002a29515ad90 JavaThread "Attach Listener"            daemon [_thread_blocked, id=25964, stack(0x000000dc12a00000,0x000000dc12b00000) (1024K)]
  0x000002a29515bdc0 JavaThread "Service Thread"             daemon [_thread_blocked, id=8992, stack(0x000000dc12b00000,0x000000dc12c00000) (1024K)]
  0x000002a29515c940 JavaThread "Monitor Deflation Thread"   daemon [_thread_blocked, id=24408, stack(0x000000dc12c00000,0x000000dc12d00000) (1024K)]
  0x000002a2951795a0 JavaThread "C2 CompilerThread0"         daemon [_thread_blocked, id=9352, stack(0x000000dc12d00000,0x000000dc12e00000) (1024K)]
  0x000002a29519f050 JavaThread "C1 CompilerThread0"         daemon [_thread_blocked, id=8432, stack(0x000000dc12e00000,0x000000dc12f00000) (1024K)]
  0x000002a2952ed840 JavaThread "Notification Thread"        daemon [_thread_blocked, id=25388, stack(0x000000dc12f00000,0x000000dc13000000) (1024K)]
  0x000002a2952ee8c0 JavaThread "Common-Cleaner"             daemon [_thread_blocked, id=23028, stack(0x000000dc13000000,0x000000dc13100000) (1024K)]
  0x000002a2dcb20510 JavaThread "Java2D Disposer"            daemon [_thread_blocked, id=5128, stack(0x000000dc13900000,0x000000dc13a00000) (1024K)]
Total: 12

Other Threads:
  0x000002a295137120 VMThread "VM Thread"                           [id=19876, stack(0x000000dc12600000,0x000000dc12700000) (1024K)]
  0x000002a295125650 WatcherThread "VM Periodic Task Thread"        [id=4720, stack(0x000000dc12500000,0x000000dc12600000) (1024K)]
  0x000002a2f57b8fc0 WorkerThread "GC Thread#0"                     [id=22648, stack(0x000000dc12000000,0x000000dc12100000) (1024K)]
  0x000002a2dd10e650 WorkerThread "GC Thread#1"                     [id=15832, stack(0x000000dc13b00000,0x000000dc13c00000) (1024K)]
  0x000002a2dd10e9f0 WorkerThread "GC Thread#2"                     [id=24988, stack(0x000000dc13c00000,0x000000dc13d00000) (1024K)]
  0x000002a2dccaf4e0 WorkerThread "GC Thread#3"                     [id=11700, stack(0x000000dc13d00000,0x000000dc13e00000) (1024K)]
  0x000002a2dceafa00 WorkerThread "GC Thread#4"                     [id=26536, stack(0x000000dc13e00000,0x000000dc13f00000) (1024K)]
  0x000002a2dceafda0 WorkerThread "GC Thread#5"                     [id=7544, stack(0x000000dc13f00000,0x000000dc14000000) (1024K)]
  0x000002a2dceb0140 WorkerThread "GC Thread#6"                     [id=24092, stack(0x000000dc14000000,0x000000dc14100000) (1024K)]
  0x000002a2dceb04e0 WorkerThread "GC Thread#7"                     [id=16052, stack(0x000000dc14100000,0x000000dc14200000) (1024K)]
  0x000002a2dceb0880 WorkerThread "GC Thread#8"                     [id=16460, stack(0x000000dc14200000,0x000000dc14300000) (1024K)]
  0x000002a2dceb0c20 WorkerThread "GC Thread#9"                     [id=24548, stack(0x000000dc14300000,0x000000dc14400000) (1024K)]
  0x000002a2f57c1940 ConcurrentGCThread "G1 Main Marker"            [id=23308, stack(0x000000dc12100000,0x000000dc12200000) (1024K)]
  0x000002a2f57c2350 WorkerThread "G1 Conc#0"                       [id=17532, stack(0x000000dc12200000,0x000000dc12300000) (1024K)]
  0x000002a2f58283b0 ConcurrentGCThread "G1 Refine#0"               [id=2216, stack(0x000000dc12300000,0x000000dc12400000) (1024K)]
  0x000002a2f57be670 ConcurrentGCThread "G1 Service"                [id=25944, stack(0x000000dc12400000,0x000000dc12500000) (1024K)]
Total: 16

Threads with active compile tasks:
Total: 0

VM state: not at safepoint (normal execution)

VM Mutex/Monitor currently owned by a thread: None

Heap address: 0x0000000700000000, size: 4096 MB, Compressed Oops mode: Zero based, Oop shift amount: 3

CDS archive(s) mapped at: [0x000002a296000000-0x000002a296c80000-0x000002a296c80000), size 13107200, SharedBaseAddress: 0x000002a296000000, ArchiveRelocationMode: 1.
Compressed class space mapped at: 0x000002a297000000-0x000002a2d7000000, reserved size: 1073741824
Narrow klass base: 0x000002a296000000, Narrow klass shift: 0, Narrow klass range: 0x100000000

GC Precious Log:
 CardTable entry size: 512
 Card Set container configuration: InlinePtr #cards 3 size 8 Array Of Cards #cards 256 size 528 Howl #buckets 8 coarsen threshold 58982 Howl Bitmap #cards 8192 size 1040 coarsen threshold 7372 Card regions per heap region 1 cards per card region 65536
 CPUs: 12 total, 12 available
 Memory: 16310M
 Large Page Support: Disabled
 NUMA Support: Disabled
 Compressed Oops: Enabled (Zero based)
 Heap Region Size: 32M
 Heap Min Capacity: 1G
 Heap Initial Capacity: 1G
 Heap Max Capacity: 4G
 Pre-touch: Disabled
 Parallel Workers: 10
 Concurrent Workers: 3
 Concurrent Refinement Workers: 10
 Periodic GC: Disabled

Heap:
 garbage-first heap   total 1048576K, used 828431K [0x0000000700000000, 0x0000000800000000)
  region size 32768K, 19 young (622592K), 1 survivors (32768K)
 Metaspace       used 11572K, committed 11904K, reserved 1114112K
  class space    used 866K, committed 1024K, reserved 1048576K

Heap Regions: E=young(eden), S=young(survivor), O=old, HS=humongous(starts), HC=humongous(continues), CS=collection set, F=free, TAMS=top-at-mark-start, PB=parsable bottom
|   0|0x0000000700000000, 0x0000000702000000, 0x0000000702000000|100%| O|  |TAMS 0x0000000700000000| PB 0x0000000700000000| Untracked 
|   1|0x0000000702000000, 0x0000000704000000, 0x0000000704000000|100%| O|  |TAMS 0x0000000702000000| PB 0x0000000702000000| Untracked 
|   2|0x0000000704000000, 0x0000000706000000, 0x0000000706000000|100%| O|  |TAMS 0x0000000704000000| PB 0x0000000704000000| Untracked 
|   3|0x0000000706000000, 0x0000000708000000, 0x0000000708000000|100%| O|  |TAMS 0x0000000706000000| PB 0x0000000706000000| Untracked 
|   4|0x0000000708000000, 0x000000070a000000, 0x000000070a000000|100%| O|  |TAMS 0x0000000708000000| PB 0x0000000708000000| Untracked 
|   5|0x000000070a000000, 0x000000070c000000, 0x000000070c000000|100%| O|  |TAMS 0x000000070a000000| PB 0x000000070a000000| Untracked 
|   6|0x000000070c000000, 0x000000070e000000, 0x000000070e000000|100%| O|  |TAMS 0x000000070c000000| PB 0x000000070c000000| Untracked 
|   7|0x000000070e000000, 0x000000070fa725c0, 0x0000000710000000| 82%| O|  |TAMS 0x000000070e000000| PB 0x000000070e000000| Untracked 
|   8|0x0000000710000000, 0x0000000710000000, 0x0000000712000000|  0%| F|  |TAMS 0x0000000710000000| PB 0x0000000710000000| Untracked 
|   9|0x0000000712000000, 0x0000000712000000, 0x0000000714000000|  0%| F|  |TAMS 0x0000000712000000| PB 0x0000000712000000| Untracked 
|  10|0x0000000714000000, 0x0000000714000000, 0x0000000716000000|  0%| F|  |TAMS 0x0000000714000000| PB 0x0000000714000000| Untracked 
|  11|0x0000000716000000, 0x0000000716000000, 0x0000000718000000|  0%| F|  |TAMS 0x0000000716000000| PB 0x0000000716000000| Untracked 
|  12|0x0000000718000000, 0x0000000718000000, 0x000000071a000000|  0%| F|  |TAMS 0x0000000718000000| PB 0x0000000718000000| Untracked 
|  13|0x000000071a000000, 0x000000071ae91968, 0x000000071c000000| 45%| S|CS|TAMS 0x000000071a000000| PB 0x000000071a000000| Complete 
|  14|0x000000071c000000, 0x000000071e000000, 0x000000071e000000|100%| E|  |TAMS 0x000000071c000000| PB 0x000000071c000000| Complete 
|  15|0x000000071e000000, 0x0000000720000000, 0x0000000720000000|100%| E|CS|TAMS 0x000000071e000000| PB 0x000000071e000000| Complete 
|  16|0x0000000720000000, 0x0000000722000000, 0x0000000722000000|100%| E|CS|TAMS 0x0000000720000000| PB 0x0000000720000000| Complete 
|  17|0x0000000722000000, 0x0000000724000000, 0x0000000724000000|100%| E|CS|TAMS 0x0000000722000000| PB 0x0000000722000000| Complete 
|  18|0x0000000724000000, 0x0000000726000000, 0x0000000726000000|100%| E|CS|TAMS 0x0000000724000000| PB 0x0000000724000000| Complete 
|  19|0x0000000726000000, 0x0000000728000000, 0x0000000728000000|100%| E|CS|TAMS 0x0000000726000000| PB 0x0000000726000000| Complete 
|  20|0x0000000728000000, 0x000000072a000000, 0x000000072a000000|100%| E|CS|TAMS 0x0000000728000000| PB 0x0000000728000000| Complete 
|  21|0x000000072a000000, 0x000000072c000000, 0x000000072c000000|100%| E|CS|TAMS 0x000000072a000000| PB 0x000000072a000000| Complete 
|  22|0x000000072c000000, 0x000000072e000000, 0x000000072e000000|100%| E|CS|TAMS 0x000000072c000000| PB 0x000000072c000000| Complete 
|  23|0x000000072e000000, 0x0000000730000000, 0x0000000730000000|100%| E|CS|TAMS 0x000000072e000000| PB 0x000000072e000000| Complete 
|  24|0x0000000730000000, 0x0000000732000000, 0x0000000732000000|100%| E|CS|TAMS 0x0000000730000000| PB 0x0000000730000000| Complete 
|  25|0x0000000732000000, 0x0000000734000000, 0x0000000734000000|100%| E|CS|TAMS 0x0000000732000000| PB 0x0000000732000000| Complete 
|  26|0x0000000734000000, 0x0000000736000000, 0x0000000736000000|100%| E|CS|TAMS 0x0000000734000000| PB 0x0000000734000000| Complete 
|  27|0x0000000736000000, 0x0000000738000000, 0x0000000738000000|100%| E|CS|TAMS 0x0000000736000000| PB 0x0000000736000000| Complete 
|  28|0x0000000738000000, 0x000000073a000000, 0x000000073a000000|100%| E|CS|TAMS 0x0000000738000000| PB 0x0000000738000000| Complete 
|  29|0x000000073a000000, 0x000000073c000000, 0x000000073c000000|100%| E|CS|TAMS 0x000000073a000000| PB 0x000000073a000000| Complete 
|  30|0x000000073c000000, 0x000000073e000000, 0x000000073e000000|100%| E|CS|TAMS 0x000000073c000000| PB 0x000000073c000000| Complete 
|  31|0x000000073e000000, 0x0000000740000000, 0x0000000740000000|100%| E|CS|TAMS 0x000000073e000000| PB 0x000000073e000000| Complete 

Card table byte_map: [0x000002a2febd0000,0x000002a2ff3d0000] _byte_map_base: 0x000002a2fb3d0000

Marking Bits: (CMBitMap*) 0x000002a2f57b95d0
 Bits: [0x000002a28f000000, 0x000002a293000000)

Polling page: 0x000002a2f3500000

Metaspace:

Usage:
  Non-class:     10.45 MB used.
      Class:    866.95 KB used.
       Both:     11.30 MB used.

Virtual space:
  Non-class space:       64.00 MB reserved,      10.62 MB ( 17%) committed,  1 nodes.
      Class space:        1.00 GB reserved,       1.00 MB ( <1%) committed,  1 nodes.
             Both:        1.06 GB reserved,      11.62 MB (  1%) committed. 

Chunk freelists:
   Non-Class:  4.69 MB
       Class:  14.94 MB
        Both:  19.62 MB

MaxMetaspaceSize: unlimited
CompressedClassSpaceSize: 1.00 GB
Initial GC threshold: 21.00 MB
Current GC threshold: 21.00 MB
CDS: on
 - commit_granule_bytes: 65536.
 - commit_granule_words: 8192.
 - virtual_space_node_default_size: 8388608.
 - enlarge_chunks_in_place: 1.
 - use_allocation_guard: 0.


Internal statistics:

num_allocs_failed_limit: 0.
num_arena_births: 348.
num_arena_deaths: 0.
num_vsnodes_births: 2.
num_vsnodes_deaths: 0.
num_space_committed: 184.
num_space_uncommitted: 0.
num_chunks_returned_to_freelist: 0.
num_chunks_taken_from_freelist: 679.
num_chunk_merges: 0.
num_chunk_splits: 447.
num_chunks_enlarged: 283.
num_inconsistent_stats: 0.

CodeHeap 'non-profiled nmethods': size=120000Kb used=1828Kb max_used=1828Kb free=118171Kb
 bounds [0x000002a287ad0000, 0x000002a287d40000, 0x000002a28f000000]
CodeHeap 'profiled nmethods': size=120000Kb used=4547Kb max_used=4547Kb free=115452Kb
 bounds [0x000002a280000000, 0x000002a280480000, 0x000002a287530000]
CodeHeap 'non-nmethods': size=5760Kb used=2100Kb max_used=2180Kb free=3659Kb
 bounds [0x000002a287530000, 0x000002a2877a0000, 0x000002a287ad0000]
CodeCache: size=245760Kb, used=8475Kb, max_used=8555Kb, free=237282Kb
 total_blobs=3609, nmethods=2365, adapters=1149, full_count=0
Compilation: enabled, stopped_count=0, restarted_count=0

Compilation events (20 events):
Event: 9.389 Thread 0x000002a29519f050 2356       3       org.lwjgl.opengl.GL11C::glDrawElements (8 bytes)
Event: 9.389 Thread 0x000002a29519f050 nmethod 2356 0x000002a280470190 code [0x000002a280470340, 0x000002a280470458]
Event: 10.366 Thread 0x000002a2951795a0 2357       4       jdk.internal.misc.Unsafe::checkNativeAddress (28 bytes)
Event: 10.366 Thread 0x000002a2951795a0 nmethod 2357 0x000002a287c96e90 code [0x000002a287c97020, 0x000002a287c970a8]
Event: 10.386 Thread 0x000002a2951795a0 2358       4       jdk.internal.misc.Unsafe::checkOffset (32 bytes)
Event: 10.387 Thread 0x000002a2951795a0 nmethod 2358 0x000002a287c97190 code [0x000002a287c97320, 0x000002a287c973d8]
Event: 10.528 Thread 0x000002a2951795a0 2359       4       jdk.internal.misc.Unsafe::checkSize (32 bytes)
Event: 10.528 Thread 0x000002a2951795a0 nmethod 2359 0x000002a287c97490 code [0x000002a287c97620, 0x000002a287c976d8]
Event: 10.546 Thread 0x000002a2951795a0 2360       4       jdk.internal.misc.Unsafe::copyMemory (33 bytes)
Event: 10.549 Thread 0x000002a2951795a0 nmethod 2360 0x000002a287c97790 code [0x000002a287c97940, 0x000002a287c97d08]
Event: 10.576 Thread 0x000002a2951795a0 2361       4       java.nio.Buffer::remaining (20 bytes)
Event: 10.577 Thread 0x000002a2951795a0 nmethod 2361 0x000002a287c98090 code [0x000002a287c98220, 0x000002a287c982b8]
Event: 10.664 Thread 0x000002a29519f050 2362       3       org.lwjgl.opengl.GL20C::glUniformMatrix4fv (16 bytes)
Event: 10.665 Thread 0x000002a29519f050 nmethod 2362 0x000002a280470510 code [0x000002a280470700, 0x000002a280470a88]
Event: 10.804 Thread 0x000002a2951795a0 2363       4       org.lwjgl.system.MemoryUtil::memSet (92 bytes)
Event: 10.805 Thread 0x000002a2951795a0 nmethod 2363 0x000002a287c98390 code [0x000002a287c98520, 0x000002a287c98620]
Event: 10.805 Thread 0x000002a2951795a0 2364       4       org.lwjgl.system.MemoryStack::callocInt (30 bytes)
Event: 10.806 Thread 0x000002a2951795a0 nmethod 2364 0x000002a287c98710 code [0x000002a287c988c0, 0x000002a287c98ae0]
Event: 11.424 Thread 0x000002a2951795a0 2365       4       org.lwjgl.system.MemoryUtil::nmemAllocChecked (37 bytes)
Event: 11.425 Thread 0x000002a2951795a0 nmethod 2365 0x000002a287c98d10 code [0x000002a287c98ea0, 0x000002a287c98f88]

GC Heap History (20 events):
Event: 9.521 GC heap before
{Heap before GC invocations=25 (full 0):
 garbage-first heap   total 1048576K, used 850730K [0x0000000700000000, 0x0000000800000000)
  region size 32768K, 19 young (622592K), 1 survivors (32768K)
 Metaspace       used 11572K, committed 11904K, reserved 1114112K
  class space    used 866K, committed 1024K, reserved 1048576K
}
Event: 9.524 GC heap after
{Heap after GC invocations=26 (full 0):
 garbage-first heap   total 1048576K, used 262069K [0x0000000700000000, 0x0000000800000000)
  region size 32768K, 1 young (32768K), 1 survivors (32768K)
 Metaspace       used 11572K, committed 11904K, reserved 1114112K
  class space    used 866K, committed 1024K, reserved 1048576K
}
Event: 9.773 GC heap before
{Heap before GC invocations=26 (full 0):
 garbage-first heap   total 1048576K, used 851893K [0x0000000700000000, 0x0000000800000000)
  region size 32768K, 19 young (622592K), 1 survivors (32768K)
 Metaspace       used 11572K, committed 11904K, reserved 1114112K
  class space    used 866K, committed 1024K, reserved 1048576K
}
Event: 9.775 GC heap after
{Heap after GC invocations=27 (full 0):
 garbage-first heap   total 1048576K, used 262541K [0x0000000700000000, 0x0000000800000000)
  region size 32768K, 1 young (32768K), 1 survivors (32768K)
 Metaspace       used 11572K, committed 11904K, reserved 1114112K
  class space    used 866K, committed 1024K, reserved 1048576K
}
Event: 9.990 GC heap before
{Heap before GC invocations=27 (full 0):
 garbage-first heap   total 1048576K, used 852365K [0x0000000700000000, 0x0000000800000000)
  region size 32768K, 19 young (622592K), 1 survivors (32768K)
 Metaspace       used 11572K, committed 11904K, reserved 1114112K
  class space    used 866K, committed 1024K, reserved 1048576K
}
Event: 9.992 GC heap after
{Heap after GC invocations=28 (full 0):
 garbage-first heap   total 1048576K, used 263677K [0x0000000700000000, 0x0000000800000000)
  region size 32768K, 1 young (32768K), 1 survivors (32768K)
 Metaspace       used 11572K, committed 11904K, reserved 1114112K
  class space    used 866K, committed 1024K, reserved 1048576K
}
Event: 10.212 GC heap before
{Heap before GC invocations=28 (full 0):
 garbage-first heap   total 1048576K, used 853501K [0x0000000700000000, 0x0000000800000000)
  region size 32768K, 19 young (622592K), 1 survivors (32768K)
 Metaspace       used 11572K, committed 11904K, reserved 1114112K
  class space    used 866K, committed 1024K, reserved 1048576K
}
Event: 10.214 GC heap after
{Heap after GC invocations=29 (full 0):
 garbage-first heap   total 1048576K, used 264170K [0x0000000700000000, 0x0000000800000000)
  region size 32768K, 1 young (32768K), 1 survivors (32768K)
 Metaspace       used 11572K, committed 11904K, reserved 1114112K
  class space    used 866K, committed 1024K, reserved 1048576K
}
Event: 10.428 GC heap before
{Heap before GC invocations=29 (full 0):
 garbage-first heap   total 1048576K, used 853994K [0x0000000700000000, 0x0000000800000000)
  region size 32768K, 19 young (622592K), 1 survivors (32768K)
 Metaspace       used 11572K, committed 11904K, reserved 1114112K
  class space    used 866K, committed 1024K, reserved 1048576K
}
Event: 10.430 GC heap after
{Heap after GC invocations=30 (full 0):
 garbage-first heap   total 1048576K, used 265433K [0x0000000700000000, 0x0000000800000000)
  region size 32768K, 1 young (32768K), 1 survivors (32768K)
 Metaspace       used 11572K, committed 11904K, reserved 1114112K
  class space    used 866K, committed 1024K, reserved 1048576K
}
Event: 10.642 GC heap before
{Heap before GC invocations=30 (full 0):
 garbage-first heap   total 1048576K, used 855257K [0x0000000700000000, 0x0000000800000000)
  region size 32768K, 19 young (622592K), 1 survivors (32768K)
 Metaspace       used 11572K, committed 11904K, reserved 1114112K
  class space    used 866K, committed 1024K, reserved 1048576K
}
Event: 10.644 GC heap after
{Heap after GC invocations=31 (full 0):
 garbage-first heap   total 1048576K, used 266568K [0x0000000700000000, 0x0000000800000000)
  region size 32768K, 1 young (32768K), 1 survivors (32768K)
 Metaspace       used 11572K, committed 11904K, reserved 1114112K
  class space    used 866K, committed 1024K, reserved 1048576K
}
Event: 10.854 GC heap before
{Heap before GC invocations=31 (full 0):
 garbage-first heap   total 1048576K, used 856392K [0x0000000700000000, 0x0000000800000000)
  region size 32768K, 19 young (622592K), 1 survivors (32768K)
 Metaspace       used 11572K, committed 11904K, reserved 1114112K
  class space    used 866K, committed 1024K, reserved 1048576K
}
Event: 10.856 GC heap after
{Heap after GC invocations=32 (full 0):
 garbage-first heap   total 1048576K, used 267140K [0x0000000700000000, 0x0000000800000000)
  region size 32768K, 1 young (32768K), 1 survivors (32768K)
 Metaspace       used 11572K, committed 11904K, reserved 1114112K
  class space    used 866K, committed 1024K, reserved 1048576K
}
Event: 11.064 GC heap before
{Heap before GC invocations=32 (full 0):
 garbage-first heap   total 1048576K, used 856964K [0x0000000700000000, 0x0000000800000000)
  region size 32768K, 19 young (622592K), 1 survivors (32768K)
 Metaspace       used 11572K, committed 11904K, reserved 1114112K
  class space    used 866K, committed 1024K, reserved 1048576K
}
Event: 11.066 GC heap after
{Heap after GC invocations=33 (full 0):
 garbage-first heap   total 1048576K, used 268031K [0x0000000700000000, 0x0000000800000000)
  region size 32768K, 1 young (32768K), 1 survivors (32768K)
 Metaspace       used 11572K, committed 11904K, reserved 1114112K
  class space    used 866K, committed 1024K, reserved 1048576K
}
Event: 11.277 GC heap before
{Heap before GC invocations=33 (full 0):
 garbage-first heap   total 1048576K, used 857855K [0x0000000700000000, 0x0000000800000000)
  region size 32768K, 19 young (622592K), 1 survivors (32768K)
 Metaspace       used 11572K, committed 11904K, reserved 1114112K
  class space    used 866K, committed 1024K, reserved 1048576K
}
Event: 11.280 GC heap after
{Heap after GC invocations=34 (full 0):
 garbage-first heap   total 1048576K, used 269710K [0x0000000700000000, 0x0000000800000000)
  region size 32768K, 1 young (32768K), 1 survivors (32768K)
 Metaspace       used 11572K, committed 11904K, reserved 1114112K
  class space    used 866K, committed 1024K, reserved 1048576K
}
Event: 11.499 GC heap before
{Heap before GC invocations=34 (full 0):
 garbage-first heap   total 1048576K, used 859534K [0x0000000700000000, 0x0000000800000000)
  region size 32768K, 19 young (622592K), 1 survivors (32768K)
 Metaspace       used 11572K, committed 11904K, reserved 1114112K
  class space    used 866K, committed 1024K, reserved 1048576K
}
Event: 11.502 GC heap after
{Heap after GC invocations=35 (full 0):
 garbage-first heap   total 1048576K, used 271375K [0x0000000700000000, 0x0000000800000000)
  region size 32768K, 1 young (32768K), 1 survivors (32768K)
 Metaspace       used 11572K, committed 11904K, reserved 1114112K
  class space    used 866K, committed 1024K, reserved 1048576K
}

Dll operation events (11 events):
Event: 0.010 Loaded shared library C:\Program Files\Eclipse Adoptium\jdk-21.0.9.10-hotspot\bin\java.dll
Event: 0.045 Loaded shared library C:\Program Files\Eclipse Adoptium\jdk-21.0.9.10-hotspot\bin\jsvml.dll
Event: 0.096 Loaded shared library C:\Program Files\Eclipse Adoptium\jdk-21.0.9.10-hotspot\bin\net.dll
Event: 0.098 Loaded shared library C:\Program Files\Eclipse Adoptium\jdk-21.0.9.10-hotspot\bin\nio.dll
Event: 0.103 Loaded shared library C:\Program Files\Eclipse Adoptium\jdk-21.0.9.10-hotspot\bin\zip.dll
Event: 0.178 Loaded shared library C:\Program Files\Eclipse Adoptium\jdk-21.0.9.10-hotspot\bin\jimage.dll
Event: 0.202 Loaded shared library C:\Program Files\Eclipse Adoptium\jdk-21.0.9.10-hotspot\bin\verify.dll
Event: 0.407 Loaded shared library C:\Users\akopa\AppData\Local\Temp\lwjgl_akopa\3.3.3+5\x64\lwjgl.dll
Event: 0.509 Loaded shared library C:\Users\akopa\AppData\Local\Temp\lwjgl_akopa\3.3.3+5\x64\lwjgl_stb.dll
Event: 1.388 Loaded shared library C:\Users\akopa\AppData\Local\Temp\lwjgl_akopa\3.3.3+5\x64\lwjgl_opengl.dll
Event: 2.230 Loaded shared library C:\Program Files\Eclipse Adoptium\jdk-21.0.9.10-hotspot\bin\awt.dll

Deoptimization events (20 events):
Event: 5.400 Thread 0x000002a2f5775830 DEOPT PACKING pc=0x000002a28043a290 sp=0x000000dc11fff290
Event: 5.400 Thread 0x000002a2f5775830 DEOPT UNPACKING pc=0x000002a287584bc2 sp=0x000000dc11ffe818 mode 0
Event: 5.405 Thread 0x000002a2f5775830 Uncommon trap: trap_request=0xffffff45 fr.pc=0x000002a287c1f974 relative=0x00000000000047b4
Event: 5.405 Thread 0x000002a2f5775830 Uncommon trap: reason=unstable_if action=reinterpret pc=0x000002a287c1f974 method=com.za.zenith.world.chunks.ChunkMeshGenerator.generateMesh(Lcom/za/zenith/world/chunks/Chunk;Lcom/za/zenith/world/World;Lcom/za/zenith/engine/graphics/DynamicTextureAtlas;)L
Event: 5.406 Thread 0x000002a2f5775830 DEOPT PACKING pc=0x000002a287c1f974 sp=0x000000dc11fff370
Event: 5.406 Thread 0x000002a2f5775830 DEOPT UNPACKING pc=0x000002a287584422 sp=0x000000dc11fff320 mode 2
Event: 5.733 Thread 0x000002a2f5775830 Uncommon trap: trap_request=0xffffff45 fr.pc=0x000002a287c32a74 relative=0x0000000000003914
Event: 5.733 Thread 0x000002a2f5775830 Uncommon trap: reason=unstable_if action=reinterpret pc=0x000002a287c32a74 method=com.za.zenith.world.chunks.ChunkMeshGenerator.generateMesh(Lcom/za/zenith/world/chunks/Chunk;Lcom/za/zenith/world/World;Lcom/za/zenith/engine/graphics/DynamicTextureAtlas;)L
Event: 5.733 Thread 0x000002a2f5775830 DEOPT PACKING pc=0x000002a287c32a74 sp=0x000000dc11fff380
Event: 5.733 Thread 0x000002a2f5775830 DEOPT UNPACKING pc=0x000002a287584422 sp=0x000000dc11fff320 mode 2
Event: 5.819 Thread 0x000002a2f5775830 Uncommon trap: trap_request=0xffffff54 fr.pc=0x000002a287c5520c relative=0x000000000000006c
Event: 5.819 Thread 0x000002a2f5775830 Uncommon trap: reason=speculate_null_assert action=make_not_entrant pc=0x000002a287c5520c method=sun.misc.Unsafe.getLong(Ljava/lang/Object;J)J @ 5 c2
Event: 5.819 Thread 0x000002a2f5775830 DEOPT PACKING pc=0x000002a287c5520c sp=0x000000dc11fff3a0
Event: 5.819 Thread 0x000002a2f5775830 DEOPT UNPACKING pc=0x000002a287584422 sp=0x000000dc11fff328 mode 2
Event: 5.903 Thread 0x000002a2f5775830 DEOPT PACKING pc=0x000002a28042aa6a sp=0x000000dc11fff190
Event: 5.903 Thread 0x000002a2f5775830 DEOPT UNPACKING pc=0x000002a287584bc2 sp=0x000000dc11ffe818 mode 0
Event: 11.719 Thread 0x000002a2f5775830 Uncommon trap: trap_request=0xffffffde fr.pc=0x000002a287c1989c relative=0x0000000000001b7c
Event: 11.719 Thread 0x000002a2f5775830 Uncommon trap: reason=class_check action=maybe_recompile pc=0x000002a287c1989c method=com.za.zenith.world.chunks.ChunkMeshGenerator$MeshData.build()Lcom/za/zenith/engine/graphics/Mesh; @ 265 c2
Event: 11.719 Thread 0x000002a2f5775830 DEOPT PACKING pc=0x000002a287c1989c sp=0x000000dc11fff2e0
Event: 11.719 Thread 0x000002a2f5775830 DEOPT UNPACKING pc=0x000002a287584422 sp=0x000000dc11fff2a0 mode 2

Classes loaded (20 events):
Event: 2.477 Loading class java/lang/invoke/MethodHandleImpl$Makers$2
Event: 2.477 Loading class java/lang/invoke/MethodHandleImpl$Makers$2 done
Event: 2.477 Loading class java/lang/invoke/MethodHandleImpl$Makers$3
Event: 2.477 Loading class java/lang/invoke/MethodHandleImpl$Makers$3 done
Event: 2.479 Loading class java/lang/runtime/ObjectMethods$1
Event: 2.479 Loading class java/lang/runtime/ObjectMethods$1 done
Event: 2.483 Loading class java/lang/invoke/DirectMethodHandle$1
Event: 2.483 Loading class java/lang/invoke/DirectMethodHandle$1 done
Event: 2.711 Loading class java/lang/invoke/MethodHandleImpl$CountingWrapper
Event: 2.711 Loading class java/lang/invoke/MethodHandleImpl$CountingWrapper done
Event: 2.713 Loading class java/lang/invoke/MethodHandleImpl$CountingWrapper$1
Event: 2.713 Loading class java/lang/invoke/MethodHandleImpl$CountingWrapper$1 done
Event: 3.840 Loading class java/lang/Math$RandomNumberGeneratorHolder
Event: 3.841 Loading class java/lang/Math$RandomNumberGeneratorHolder done
Event: 3.876 Loading class java/lang/FdLibm$Atan2
Event: 3.877 Loading class java/lang/FdLibm$Atan2 done
Event: 3.877 Loading class java/lang/FdLibm
Event: 3.877 Loading class java/lang/FdLibm done
Event: 3.877 Loading class java/lang/FdLibm$Atan
Event: 3.877 Loading class java/lang/FdLibm$Atan done

Classes unloaded (0 events):
No events

Classes redefined (0 events):
No events

Internal exceptions (20 events):
Event: 2.264 Thread 0x000002a2f5775830 Exception <a 'java/lang/NoSuchMethodError'{0x000000073c5f0948}: 'java.lang.Object java.lang.invoke.DirectMethodHandle$Holder.invokeStaticInit(java.lang.Object, int, int, int, int)'> (0x000000073c5f0948) 
thrown [s\src\hotspot\share\interpreter\linkResolver.cpp, line 773]
Event: 2.285 Thread 0x000002a2f5775830 Exception <a 'java/lang/NoSuchMethodError'{0x000000073c6b1c08}: 'java.lang.Object java.lang.invoke.DirectMethodHandle$Holder.invokeStaticInit(java.lang.Object, java.lang.Object, int, int, int, int)'> (0x000000073c6b1c08) 
thrown [s\src\hotspot\share\interpreter\linkResolver.cpp, line 773]
Event: 2.475 Thread 0x000002a2f5775830 Exception <a 'java/lang/NoSuchMethodError'{0x000000073d236ef0}: 'java.lang.Object java.lang.invoke.DirectMethodHandle$Holder.invokeStaticInit(java.lang.Object, java.lang.Object, java.lang.Object, java.lang.Object, java.lang.Object, java.lang.Object, java.lang.Object)'> (0x000000073d236ef0) 
thrown [s\src\hotspot\share\interpreter\linkResolver.cpp, line 773]
Event: 2.476 Thread 0x000002a2f5775830 Exception <a 'java/lang/NoSuchMethodError'{0x000000073d23c298}: 'java.lang.Object java.lang.invoke.Invokers$Holder.invoke_MT(java.lang.Object, java.lang.Object, java.lang.Object, java.lang.Object, java.lang.Object, java.lang.Object, java.lang.Object, java.lang.Object, java.lang.Object)'> (0x000000073d23c298) 
thrown [s\src\hotspot\share\interpreter\linkResolver.cpp, line 773]
Event: 2.479 Thread 0x000002a2f5775830 Exception <a 'java/lang/NoSuchMethodError'{0x000000073d25aee0}: 'int java.lang.invoke.DirectMethodHandle$Holder.invokeVirtual(java.lang.Object, java.lang.Object, java.lang.Object)'> (0x000000073d25aee0) 
thrown [s\src\hotspot\share\interpreter\linkResolver.cpp, line 773]
Event: 2.480 Thread 0x000002a2f5775830 Exception <a 'java/lang/NoSuchMethodError'{0x000000073d25e5a0}: 'int java.lang.invoke.DirectMethodHandle$Holder.invokeVirtual(java.lang.Object, java.lang.Object)'> (0x000000073d25e5a0) 
thrown [s\src\hotspot\share\interpreter\linkResolver.cpp, line 773]
Event: 2.480 Thread 0x000002a2f5775830 Exception <a 'java/lang/NoSuchMethodError'{0x000000073d262910}: 'int java.lang.invoke.DirectMethodHandle$Holder.invokeStaticInit(java.lang.Object, java.lang.Object, java.lang.Object)'> (0x000000073d262910) 
thrown [s\src\hotspot\share\interpreter\linkResolver.cpp, line 773]
Event: 2.481 Thread 0x000002a2f5775830 Exception <a 'java/lang/NoSuchMethodError'{0x000000073d265f78}: 'int java.lang.invoke.DirectMethodHandle$Holder.invokeStaticInit(java.lang.Object, int, int)'> (0x000000073d265f78) 
thrown [s\src\hotspot\share\interpreter\linkResolver.cpp, line 773]
Event: 2.481 Thread 0x000002a2f5775830 Exception <a 'java/lang/NoSuchMethodError'{0x000000073d26d470}: 'int java.lang.invoke.DirectMethodHandle$Holder.invokeStaticInit(java.lang.Object, long, long)'> (0x000000073d26d470) 
thrown [s\src\hotspot\share\interpreter\linkResolver.cpp, line 773]
Event: 2.482 Thread 0x000002a2f5775830 Exception <a 'java/lang/NoSuchMethodError'{0x000000073d273f08}: 'int java.lang.invoke.DirectMethodHandle$Holder.invokeStaticInit(java.lang.Object, float, float)'> (0x000000073d273f08) 
thrown [s\src\hotspot\share\interpreter\linkResolver.cpp, line 773]
Event: 2.482 Thread 0x000002a2f5775830 Exception <a 'java/lang/NoSuchMethodError'{0x000000073d27a998}: 'int java.lang.invoke.DirectMethodHandle$Holder.invokeStaticInit(java.lang.Object, double, double)'> (0x000000073d27a998) 
thrown [s\src\hotspot\share\interpreter\linkResolver.cpp, line 773]
Event: 2.483 Thread 0x000002a2f5775830 Exception <a 'java/lang/NoSuchMethodError'{0x000000073d27ede8}: 'int java.lang.invoke.DirectMethodHandle$Holder.invokeStatic(java.lang.Object, long)'> (0x000000073d27ede8) 
thrown [s\src\hotspot\share\interpreter\linkResolver.cpp, line 773]
Event: 2.484 Thread 0x000002a2f5775830 Exception <a 'java/lang/NoSuchMethodError'{0x000000073d28fb48}: 'int java.lang.invoke.DirectMethodHandle$Holder.invokeSpecial(java.lang.Object, java.lang.Object, int)'> (0x000000073d28fb48) 
thrown [s\src\hotspot\share\interpreter\linkResolver.cpp, line 773]
Event: 2.485 Thread 0x000002a2f5775830 Exception <a 'java/lang/NoSuchMethodError'{0x000000073d2a4210}: 'int java.lang.invoke.Invokers$Holder.linkToTargetMethod(java.lang.Object, java.lang.Object)'> (0x000000073d2a4210) 
thrown [s\src\hotspot\share\interpreter\linkResolver.cpp, line 773]
Event: 2.709 Thread 0x000002a2f5775830 Exception <a 'java/lang/NoSuchMethodError'{0x000000073f0645d0}: 'int java.lang.invoke.DirectMethodHandle$Holder.invokeSpecial(java.lang.Object, java.lang.Object, java.lang.Object, java.lang.Object)'> (0x000000073f0645d0) 
thrown [s\src\hotspot\share\interpreter\linkResolver.cpp, line 773]
Event: 2.711 Thread 0x000002a2f5775830 Exception <a 'java/lang/NoSuchMethodError'{0x000000073f0758f0}: 'java.lang.Object java.lang.invoke.DirectMethodHandle$Holder.invokeSpecial(java.lang.Object, java.lang.Object, int, java.lang.Object, java.lang.Object)'> (0x000000073f0758f0) 
thrown [s\src\hotspot\share\interpreter\linkResolver.cpp, line 773]
Event: 2.711 Thread 0x000002a2f5775830 Exception <a 'java/lang/NoSuchMethodError'{0x000000073f079280}: 'java.lang.Object java.lang.invoke.DelegatingMethodHandle$Holder.delegate(java.lang.Object, int, java.lang.Object, java.lang.Object)'> (0x000000073f079280) 
thrown [s\src\hotspot\share\interpreter\linkResolver.cpp, line 773]
Event: 2.713 Thread 0x000002a2f5775830 Exception <a 'java/lang/NoSuchMethodError'{0x000000073f088180}: 'int java.lang.invoke.Invokers$Holder.linkToTargetMethod(java.lang.Object, java.lang.Object, java.lang.Object)'> (0x000000073f088180) 
thrown [s\src\hotspot\share\interpreter\linkResolver.cpp, line 773]
Event: 2.723 Thread 0x000002a2f5775830 Exception <a 'java/lang/NoSuchMethodError'{0x000000073ffcfcf8}: 'java.lang.Object java.lang.invoke.Invokers$Holder.invoke_MT(java.lang.Object, java.lang.Object, java.lang.Object, java.lang.Object, java.lang.Object, java.lang.Object, java.lang.Object, java.lang.Object, java.lang.Object, java.lang.Object)'> (0x000000073ffcfcf8) 
thrown [s\src\hotspot\share\interpreter\linkResolver.cpp, line 773]
Event: 3.795 Thread 0x000002a2f5775830 Implicit null exception at 0x000002a287b9fede to 0x000002a287b9ff57

ZGC Phase Switch (0 events):
No events

VM Operations (20 events):
Event: 9.521 Executing VM operation: G1CollectForAllocation (G1 Evacuation Pause)
Event: 9.524 Executing VM operation: G1CollectForAllocation (G1 Evacuation Pause) done
Event: 9.773 Executing VM operation: G1CollectForAllocation (G1 Evacuation Pause)
Event: 9.775 Executing VM operation: G1CollectForAllocation (G1 Evacuation Pause) done
Event: 9.990 Executing VM operation: G1CollectForAllocation (G1 Evacuation Pause)
Event: 9.992 Executing VM operation: G1CollectForAllocation (G1 Evacuation Pause) done
Event: 10.212 Executing VM operation: G1CollectForAllocation (G1 Evacuation Pause)
Event: 10.214 Executing VM operation: G1CollectForAllocation (G1 Evacuation Pause) done
Event: 10.428 Executing VM operation: G1CollectForAllocation (G1 Evacuation Pause)
Event: 10.430 Executing VM operation: G1CollectForAllocation (G1 Evacuation Pause) done
Event: 10.642 Executing VM operation: G1CollectForAllocation (G1 Evacuation Pause)
Event: 10.644 Executing VM operation: G1CollectForAllocation (G1 Evacuation Pause) done
Event: 10.854 Executing VM operation: G1CollectForAllocation (G1 Evacuation Pause)
Event: 10.856 Executing VM operation: G1CollectForAllocation (G1 Evacuation Pause) done
Event: 11.064 Executing VM operation: G1CollectForAllocation (G1 Evacuation Pause)
Event: 11.066 Executing VM operation: G1CollectForAllocation (G1 Evacuation Pause) done
Event: 11.277 Executing VM operation: G1CollectForAllocation (G1 Evacuation Pause)
Event: 11.280 Executing VM operation: G1CollectForAllocation (G1 Evacuation Pause) done
Event: 11.499 Executing VM operation: G1CollectForAllocation (G1 Evacuation Pause)
Event: 11.502 Executing VM operation: G1CollectForAllocation (G1 Evacuation Pause) done

Memory protections (0 events):
No events

Nmethod flushes (0 events):
No events

Events (20 events):
Event: 0.044 Thread 0x000002a2f5775830 Thread added: 0x000002a29519f050
Event: 0.077 Thread 0x000002a2f5775830 Thread added: 0x000002a2952ed840
Event: 0.080 Thread 0x000002a2f5775830 Thread added: 0x000002a2952ee8c0
Event: 0.461 Thread 0x000002a2951795a0 Thread added: 0x000002a29519c0a0
Event: 1.546 Thread 0x000002a29519c0a0 Thread exited: 0x000002a29519c0a0
Event: 2.290 Thread 0x000002a2951795a0 Thread added: 0x000002a29519f720
Event: 2.292 Thread 0x000002a2f5775830 Thread added: 0x000002a2dcb20510
Event: 2.400 Thread 0x000002a29519f050 Thread added: 0x000002a29519e980
Event: 2.648 Thread 0x000002a29519e980 Thread exited: 0x000002a29519e980
Event: 2.658 Thread 0x000002a29519f720 Thread exited: 0x000002a29519f720
Event: 2.720 Thread 0x000002a2951795a0 Thread added: 0x000002a29519f720
Event: 2.739 Thread 0x000002a29519f050 Thread added: 0x000002a29519e2b0
Event: 3.018 Thread 0x000002a29519e2b0 Thread exited: 0x000002a29519e2b0
Event: 3.181 Thread 0x000002a29519f720 Thread exited: 0x000002a29519f720
Event: 3.887 Thread 0x000002a2951795a0 Thread added: 0x000002a29519ce40
Event: 4.183 Thread 0x000002a29519ce40 Thread added: 0x000002a29519f720
Event: 4.326 Thread 0x000002a29519f720 Thread exited: 0x000002a29519f720
Event: 4.955 Thread 0x000002a29519f050 Thread added: 0x000002a29519c0a0
Event: 5.254 Thread 0x000002a29519c0a0 Thread exited: 0x000002a29519c0a0
Event: 6.772 Thread 0x000002a29519ce40 Thread exited: 0x000002a29519ce40


Dynamic libraries:
0x00007ff7acb10000 - 0x00007ff7acb1e000 	C:\Program Files\Eclipse Adoptium\jdk-21.0.9.10-hotspot\bin\java.exe
0x00007ffdb0760000 - 0x00007ffdb09c7000 	C:\WINDOWS\SYSTEM32\ntdll.dll
0x00007ffdaf2e0000 - 0x00007ffdaf3a9000 	C:\WINDOWS\System32\KERNEL32.DLL
0x00007ffdadce0000 - 0x00007ffdae0cf000 	C:\WINDOWS\System32\KERNELBASE.dll
0x00007ffdae3b0000 - 0x00007ffdae4fb000 	C:\WINDOWS\System32\ucrtbase.dll
0x00007ffd9e3f0000 - 0x00007ffd9e40e000 	C:\Program Files\Eclipse Adoptium\jdk-21.0.9.10-hotspot\bin\VCRUNTIME140.dll
0x00007ffd9e3d0000 - 0x00007ffd9e3e8000 	C:\Program Files\Eclipse Adoptium\jdk-21.0.9.10-hotspot\bin\jli.dll
0x00007ffdafbc0000 - 0x00007ffdafd85000 	C:\WINDOWS\System32\USER32.dll
0x00007ffdae380000 - 0x00007ffdae3a7000 	C:\WINDOWS\System32\win32u.dll
0x00007ffd8dd60000 - 0x00007ffd8dff3000 	C:\WINDOWS\WinSxS\amd64_microsoft.windows.common-controls_6595b64144ccf1df_6.0.26100.7309_none_3e05feeae336a044\COMCTL32.dll
0x00007ffdaf430000 - 0x00007ffdaf45b000 	C:\WINDOWS\System32\GDI32.dll
0x00007ffdaee70000 - 0x00007ffdaef19000 	C:\WINDOWS\System32\msvcrt.dll
0x00007ffdae250000 - 0x00007ffdae37c000 	C:\WINDOWS\System32\gdi32full.dll
0x00007ffdae0e0000 - 0x00007ffdae183000 	C:\WINDOWS\System32\msvcp_win.dll
0x00007ffdaff70000 - 0x00007ffdaffa1000 	C:\WINDOWS\System32\IMM32.DLL
0x00007ffd9e2e0000 - 0x00007ffd9e2ec000 	C:\Program Files\Eclipse Adoptium\jdk-21.0.9.10-hotspot\bin\vcruntime140_1.dll
0x00007ffd97870000 - 0x00007ffd978fd000 	C:\Program Files\Eclipse Adoptium\jdk-21.0.9.10-hotspot\bin\msvcp140.dll
0x00007ffd3ab60000 - 0x00007ffd3b900000 	C:\Program Files\Eclipse Adoptium\jdk-21.0.9.10-hotspot\bin\server\jvm.dll
0x00007ffdaea40000 - 0x00007ffdaeaf4000 	C:\WINDOWS\System32\ADVAPI32.dll
0x00007ffdaec50000 - 0x00007ffdaecf6000 	C:\WINDOWS\System32\sechost.dll
0x00007ffdaf460000 - 0x00007ffdaf578000 	C:\WINDOWS\System32\RPCRT4.dll
0x00007ffdaf3b0000 - 0x00007ffdaf424000 	C:\WINDOWS\System32\WS2_32.dll
0x00007ffdad710000 - 0x00007ffdad76e000 	C:\WINDOWS\SYSTEM32\POWRPROF.dll
0x00007ffd9f740000 - 0x00007ffd9f775000 	C:\WINDOWS\SYSTEM32\WINMM.dll
0x00007ffda6c90000 - 0x00007ffda6c9b000 	C:\WINDOWS\SYSTEM32\VERSION.dll
0x00007ffdad6f0000 - 0x00007ffdad704000 	C:\WINDOWS\SYSTEM32\UMPDC.dll
0x00007ffdac620000 - 0x00007ffdac63b000 	C:\WINDOWS\SYSTEM32\kernel.appcore.dll
0x00007ffd9e2d0000 - 0x00007ffd9e2da000 	C:\Program Files\Eclipse Adoptium\jdk-21.0.9.10-hotspot\bin\jimage.dll
0x00007ffd9ec40000 - 0x00007ffd9ee82000 	C:\WINDOWS\SYSTEM32\DBGHELP.DLL
0x00007ffdaf580000 - 0x00007ffdaf905000 	C:\WINDOWS\System32\combase.dll
0x00007ffdaf200000 - 0x00007ffdaf2d6000 	C:\WINDOWS\System32\OLEAUT32.dll
0x00007ffd86e10000 - 0x00007ffd86e4c000 	C:\WINDOWS\SYSTEM32\dbgcore.DLL
0x00007ffdadab0000 - 0x00007ffdadb55000 	C:\WINDOWS\System32\bcryptPrimitives.dll
0x00007ffd97850000 - 0x00007ffd97870000 	C:\Program Files\Eclipse Adoptium\jdk-21.0.9.10-hotspot\bin\java.dll
0x00007ffdaffb0000 - 0x00007ffdb0703000 	C:\WINDOWS\System32\SHELL32.dll
0x00007ffdad940000 - 0x00007ffdadaaa000 	C:\WINDOWS\System32\wintypes.dll
0x00007ffdab490000 - 0x00007ffdabcee000 	C:\WINDOWS\SYSTEM32\windows.storage.dll
0x00007ffdaef20000 - 0x00007ffdaf015000 	C:\WINDOWS\System32\SHCORE.dll
0x00007ffdaee00000 - 0x00007ffdaee66000 	C:\WINDOWS\System32\shlwapi.dll
0x00007ffdad7d0000 - 0x00007ffdad7f9000 	C:\WINDOWS\SYSTEM32\profapi.dll
0x00007ffd97770000 - 0x00007ffd97847000 	C:\Program Files\Eclipse Adoptium\jdk-21.0.9.10-hotspot\bin\jsvml.dll
0x00007ffd9e2c0000 - 0x00007ffd9e2d0000 	C:\Program Files\Eclipse Adoptium\jdk-21.0.9.10-hotspot\bin\net.dll
0x00007ffda7900000 - 0x00007ffda7a28000 	C:\WINDOWS\SYSTEM32\WINHTTP.dll
0x00007ffdacb70000 - 0x00007ffdacbdb000 	C:\WINDOWS\system32\mswsock.dll
0x00007ffd97750000 - 0x00007ffd97766000 	C:\Program Files\Eclipse Adoptium\jdk-21.0.9.10-hotspot\bin\nio.dll
0x00007ffd97730000 - 0x00007ffd97748000 	C:\Program Files\Eclipse Adoptium\jdk-21.0.9.10-hotspot\bin\zip.dll
0x00007ffd97720000 - 0x00007ffd97730000 	C:\Program Files\Eclipse Adoptium\jdk-21.0.9.10-hotspot\bin\verify.dll
0x00007ffd3e180000 - 0x00007ffd3e1fb000 	C:\Users\akopa\AppData\Local\Temp\lwjgl_akopa\3.3.3+5\x64\lwjgl.dll
0x00007ffd3aad0000 - 0x00007ffd3ab52000 	C:\Users\akopa\AppData\Local\Temp\lwjgl_akopa\3.3.3+5\x64\lwjgl_stb.dll
0x00007ffd3aa40000 - 0x00007ffd3aac2000 	C:\Users\akopa\AppData\Local\Temp\lwjgl_akopa\3.3.3+5\x64\glfw.dll
0x00007ffd41150000 - 0x00007ffd4119b000 	C:\WINDOWS\SYSTEM32\dinput8.dll
0x00007ffd84d90000 - 0x00007ffd84dac000 	C:\WINDOWS\SYSTEM32\xinput1_4.dll
0x00007ffdad3f0000 - 0x00007ffdad447000 	C:\WINDOWS\SYSTEM32\cfgmgr32.dll
0x00007ffdad450000 - 0x00007ffdad47d000 	C:\WINDOWS\SYSTEM32\DEVOBJ.dll
0x00007ffdaade0000 - 0x00007ffdaae10000 	C:\WINDOWS\SYSTEM32\dwmapi.dll
0x00007ffd893b0000 - 0x00007ffd89595000 	C:\WINDOWS\SYSTEM32\inputhost.dll
0x00007ffdaa510000 - 0x00007ffdaa637000 	C:\WINDOWS\SYSTEM32\CoreMessaging.dll
0x00007ffdaab30000 - 0x00007ffdaabdb000 	C:\WINDOWS\system32\uxtheme.dll
0x00007ffdacdc0000 - 0x00007ffdacdcc000 	C:\WINDOWS\SYSTEM32\CRYPTBASE.DLL
0x00007ffdaf910000 - 0x00007ffdafa6e000 	C:\WINDOWS\System32\MSCTF.dll
0x00007ffd3df30000 - 0x00007ffd3e040000 	C:\WINDOWS\SYSTEM32\opengl32.dll
0x00007ffd8c850000 - 0x00007ffd8c87d000 	C:\WINDOWS\SYSTEM32\GLU32.dll
0x00007ffdaac30000 - 0x00007ffdaac74000 	C:\WINDOWS\SYSTEM32\dxcore.dll
0x00007ffd98380000 - 0x00007ffd9839a000 	C:\WINDOWS\SYSTEM32\windows.staterepositorycore.dll
0x00007ffcff060000 - 0x00007ffd01985000 	C:\WINDOWS\System32\DriverStore\FileRepository\nv_dispig.inf_amd64_f4c7a2fd13e0f763\nvoglv64.dll
0x00007ffdae520000 - 0x00007ffdae9aa000 	C:\WINDOWS\System32\SETUPAPI.dll
0x00007ffdafd90000 - 0x00007ffdaff27000 	C:\WINDOWS\System32\ole32.dll
0x00007ffdaa8e0000 - 0x00007ffdaa909000 	C:\WINDOWS\SYSTEM32\WTSAPI32.dll
0x00007ffdadb60000 - 0x00007ffdadcd7000 	C:\WINDOWS\System32\CRYPT32.dll
0x00007ffdac8c0000 - 0x00007ffdac909000 	C:\WINDOWS\SYSTEM32\SspiCli.dll
0x00007ffdacfc0000 - 0x00007ffdacfd3000 	C:\WINDOWS\SYSTEM32\msasn1.dll
0x00007ffda6720000 - 0x00007ffda675b000 	C:\WINDOWS\SYSTEM32\cryptnet.dll
0x00007ffdace60000 - 0x00007ffdacec5000 	C:\WINDOWS\SYSTEM32\wldp.dll
0x00007ffda6510000 - 0x00007ffda668b000 	C:\WINDOWS\SYSTEM32\drvstore.dll
0x00007ffdad8b0000 - 0x00007ffdad930000 	C:\WINDOWS\System32\WINTRUST.dll
0x00007ffdac740000 - 0x00007ffdac776000 	C:\WINDOWS\SYSTEM32\ntmarta.dll
0x00007ffdaff40000 - 0x00007ffdaff60000 	C:\WINDOWS\System32\imagehlp.dll
0x00007ffdacf60000 - 0x00007ffdacf7b000 	C:\WINDOWS\System32\CRYPTSP.dll
0x00007ffdac580000 - 0x00007ffdac5ba000 	C:\WINDOWS\system32\rsaenh.dll
0x00007ffdad7a0000 - 0x00007ffdad7ca000 	C:\WINDOWS\System32\bcrypt.dll
0x00007ffda16a0000 - 0x00007ffda639f000 	C:\WINDOWS\System32\DriverStore\FileRepository\nv_dispig.inf_amd64_f4c7a2fd13e0f763\nvgpucomp64.dll
0x00007ffd73080000 - 0x00007ffd731c7000 	C:\WINDOWS\system32\nvspcap64.dll
0x00007ffdad4b0000 - 0x00007ffdad514000 	C:\WINDOWS\SYSTEM32\WINSTA.dll
0x00007ffd895a0000 - 0x00007ffd896e8000 	C:\WINDOWS\SYSTEM32\textinputframework.dll
0x00007ffd3e4d0000 - 0x00007ffd3e52e000 	C:\Users\akopa\AppData\Local\Temp\lwjgl_akopa\3.3.3+5\x64\lwjgl_opengl.dll
0x00007ffd13110000 - 0x00007ffd1329f000 	C:\Program Files\Eclipse Adoptium\jdk-21.0.9.10-hotspot\bin\awt.dll
0x00007ffdaa910000 - 0x00007ffdaa9af000 	C:\WINDOWS\SYSTEM32\apphelp.dll
0x00007ffdacc20000 - 0x00007ffdacc4b000 	C:\WINDOWS\SYSTEM32\USERENV.dll
0x00007ffdac010000 - 0x00007ffdac044000 	C:\WINDOWS\SYSTEM32\IPHLPAPI.DLL
0x00007ffdaea30000 - 0x00007ffdaea3a000 	C:\WINDOWS\System32\NSI.dll

JVMTI agents: none

dbghelp: loaded successfully - version: 4.0.5 - missing functions: none
symbol engine: initialized successfully - sym options: 0x614 - pdb path: .;C:\Program Files\Eclipse Adoptium\jdk-21.0.9.10-hotspot\bin;C:\WINDOWS\SYSTEM32;C:\WINDOWS\WinSxS\amd64_microsoft.windows.common-controls_6595b64144ccf1df_6.0.26100.7309_none_3e05feeae336a044;C:\Program Files\Eclipse Adoptium\jdk-21.0.9.10-hotspot\bin\server;C:\Users\akopa\AppData\Local\Temp\lwjgl_akopa\3.3.3+5\x64;C:\WINDOWS\System32\DriverStore\FileRepository\nv_dispig.inf_amd64_f4c7a2fd13e0f763

VM Arguments:
jvm_args: -XX:+UseG1GC -XX:+UnlockExperimentalVMOptions -XX:G1NewSizePercent=20 -XX:G1ReservePercent=20 -XX:MaxGCPauseMillis=50 -XX:G1HeapRegionSize=32M --enable-preview -Xms1g -Xmx4g -Dfile.encoding=UTF-8 -Duser.country=RU -Duser.language=ru -Duser.variant 
java_command: com.za.zenith.Application
java_class_path (initial): C:\Users\akopa\IdeaProjects\MinecraftButBetter\build\classes\java\main;C:\Users\akopa\IdeaProjects\MinecraftButBetter\build\resources\main;C:\Users\akopa\.gradle\caches\modules-2\files-2.1\org.lwjgl\lwjgl-glfw\3.3.3\efa1eb78c5ccd840e9f329717109b5e892d72f8e\lwjgl-glfw-3.3.3.jar;C:\Users\akopa\.gradle\caches\modules-2\files-2.1\org.lwjgl\lwjgl-glfw\3.3.3\e449e28b4891fc423c54c85fbc5bb0b9efece67a\lwjgl-glfw-3.3.3-natives-windows.jar;C:\Users\akopa\.gradle\caches\modules-2\files-2.1\org.lwjgl\lwjgl-openal\3.3.3\daada81ceb5fc0c291fbfdd4433cb8d9423577f2\lwjgl-openal-3.3.3.jar;C:\Users\akopa\.gradle\caches\modules-2\files-2.1\org.lwjgl\lwjgl-openal\3.3.3\cf83862ae95d98496b26915024c7e666d8ab1c8f\lwjgl-openal-3.3.3-natives-windows.jar;C:\Users\akopa\.gradle\caches\modules-2\files-2.1\org.lwjgl\lwjgl-opengl\3.3.3\2f6b0147078396a58979125a4c947664e98293a\lwjgl-opengl-3.3.3.jar;C:\Users\akopa\.gradle\caches\modules-2\files-2.1\org.lwjgl\lwjgl-opengl\3.3.3\e6c1eec8be8a71951b830a4d69efc01c6531900c\lwjgl-opengl-3.3.3-natives-windows.jar;C:\Users\akopa\.gradle\caches\modules-2\files-2.1\org.lwjgl\lwjgl-stb\3.3.3\25dd6161988d7e65f71d5065c99902402ee32746\lwjgl-stb-3.3.3.jar;C:\Users\akopa\.gradle\caches\modules-2\files-2.1\org.lwjgl\lwjgl-stb\3.3.3\1d9facdf6541de114b0f963be33505b7679c78cb\lwjgl-stb-3.3.3-natives-windows.jar;C:\Users\akopa\.gradle\caches\modules-2\files-2.1\org.lwjgl\lwjgl\3.3.3\29589b5f87ed335a6c7e7ee6a5775f81f97ecb84\lwjgl-3.3.3.jar;C:\Users\akopa\.gradle\caches\modules-2\files-2.1\org.lwjgl\lwjgl\3.3.3\a5ed18a2b82fc91b81f40d717cb1f64c9dcb0540\lwjgl-3.3.3-natives-windows.jar;C:\Users\akopa\.gradle\caches\modules-2\files-2.1\org.joml\joml\1.10.5\22566d58af70ad3d72308bab63b8339906deb649\joml-1.10.5.jar;C:\Users\akopa\.gradle\caches\modules-2\files-2.1\com.google.code.gson\gson\2.10.1\b3add478d4382b78ea20b1671390a858002feb6c\gson-2.10.1.jar;C:\Users\akopa\.gradle\caches\modules-2\files-2.1\com.esotericsoftware\kryonet\2.22.0-RC1\2f25f7250a3096a8d1b8182946f6572d90d280d0\kryonet-2.22.0-RC1.jar;C:\Users\akopa\.gradle\caches\modules-2\files-2.1\com.esotericsoftware.kryo\kryo\2.24.0\c6b206e80cfd97e66a1364003724491c757b92f\kryo-2.24.0.jar;C:\Users\akopa\.gradle\caches\modules-2\files-2.1\com.esotericsoftware\jsonbeans\0.7\de977f0875708eddd154f2a4c3a3f58a13ef297\jsonbeans-0.7.jar;C:\Users\akopa\.gradle\caches\modules-2\files-2.1\com.esotericsoftware.minlog\minlog\1.2\59bfcd171d82f9981a5e242b9e840191f650e209\minlog-1.2.jar;C:\Users\akopa\.gradle\caches\modules-2\files-2.1\org.objenesis\objenesis\2.1\87c0ea803b69252868d09308b4618f766f135a96\objenesis-2.1.jar
Launcher Type: SUN_STANDARD

[Global flags]
     intx CICompilerCount                          = 4                                         {product} {ergonomic}
     uint ConcGCThreads                            = 3                                         {product} {ergonomic}
     uint G1ConcRefinementThreads                  = 10                                        {product} {ergonomic}
     uint G1EagerReclaimRemSetThreshold            = 256                                  {experimental} {ergonomic}
   size_t G1HeapRegionSize                         = 33554432                                  {product} {command line}
    uintx G1NewSizePercent                         = 20                                   {experimental} {command line}
     uint G1RemSetArrayOfCardsEntries              = 256                                  {experimental} {ergonomic}
     uint G1RemSetHowlMaxNumBuckets                = 8                                    {experimental} {ergonomic}
     uint G1RemSetHowlNumBuckets                   = 8                                    {experimental} {ergonomic}
    uintx G1ReservePercent                         = 20                                        {product} {command line}
    uintx GCDrainStackTargetSize                   = 64                                        {product} {ergonomic}
   size_t InitialHeapSize                          = 1073741824                                {product} {command line}
   size_t MarkStackSize                            = 4194304                                   {product} {ergonomic}
    uintx MaxGCPauseMillis                         = 50                                        {product} {command line}
   size_t MaxHeapSize                              = 4294967296                                {product} {command line}
   size_t MaxNewSize                               = 2550136832                                {product} {ergonomic}
   size_t MinHeapDeltaBytes                        = 33554432                                  {product} {ergonomic}
   size_t MinHeapSize                              = 1073741824                                {product} {command line}
    uintx NonNMethodCodeHeapSize                   = 5839372                                {pd product} {ergonomic}
    uintx NonProfiledCodeHeapSize                  = 122909434                              {pd product} {ergonomic}
    uintx ProfiledCodeHeapSize                     = 122909434                              {pd product} {ergonomic}
    uintx ReservedCodeCacheSize                    = 251658240                              {pd product} {ergonomic}
     bool SegmentedCodeCache                       = true                                      {product} {ergonomic}
   size_t SoftMaxHeapSize                          = 4294967296                             {manageable} {ergonomic}
     bool UnlockExperimentalVMOptions              = true                                 {experimental} {command line}
     bool UseCompressedOops                        = true                           {product lp64_product} {ergonomic}
     bool UseG1GC                                  = true                                      {product} {command line}
     bool UseLargePagesIndividualAllocation        = false                                  {pd product} {ergonomic}

Logging:
Log output configuration:
 #0: stdout all=warning uptime,level,tags foldmultilines=false
 #1: stderr all=off uptime,level,tags foldmultilines=false

Release file:
IMPLEMENTOR="Eclipse Adoptium" 
IMPLEMENTOR_VERSION="Temurin-21.0.9+10" 
JAVA_RUNTIME_VERSION="21.0.9+10-LTS" 
JAVA_VERSION="21.0.9" 
JAVA_VERSION_DATE="2025-10-21" 
LIBC="default" 
MODULES="java.base java.compiler java.datatransfer java.xml java.prefs java.desktop java.instrument java.logging java.management java.security.sasl java.naming java.rmi java.management.rmi java.net.http java.scripting java.security.jgss java.transaction.xa java.sql java.sql.rowset java.xml.crypto java.se java.smartcardio jdk.accessibility jdk.internal.jvmstat jdk.attach jdk.charsets jdk.internal.opt jdk.zipfs jdk.compiler jdk.crypto.ec jdk.crypto.cryptoki jdk.crypto.mscapi jdk.dynalink jdk.internal.ed jdk.editpad jdk.hotspot.agent jdk.httpserver jdk.incubator.vector jdk.internal.le jdk.internal.vm.ci jdk.internal.vm.compiler jdk.internal.vm.compiler.management jdk.jartool jdk.javadoc jdk.jcmd jdk.management jdk.management.agent jdk.jconsole jdk.jdeps jdk.jdwp.agent jdk.jdi jdk.jfr jdk.jlink jdk.jpackage jdk.jshell jdk.jsobject jdk.jstatd jdk.localedata jdk.management.jfr jdk.naming.dns jdk.naming.rmi jdk.net jdk.nio.mapmode jdk.random jdk.sctp jdk.security.auth jdk.security.jgss jdk.unsupported jdk.unsupported.desktop jdk.xml.dom" 
OS_ARCH="x86_64" 
OS_NAME="Windows" 
SOURCE=".:git:759062135b07" 
BUILD_SOURCE="git:839fa0b45d809157cffd3dc8515aad262a4a1776"
BUILD_SOURCE_REPO="https://github.com/adoptium/temurin-build.git"
SOURCE_REPO="https://github.com/adoptium/jdk21u.git"
FULL_VERSION="21.0.9+10-LTS"
SEMANTIC_VERSION="21.0.9+10"
BUILD_INFO="OS: Windows Server 2022 Version: 10.0"
JVM_VARIANT="Hotspot"
JVM_VERSION="21.0.9+10-LTS"
IMAGE_TYPE="JDK"

Environment Variables:
CLASSPATH=C:\Users\akopa\IdeaProjects\MinecraftButBetter\\gradle\wrapper\gradle-wrapper.jar
PATH=C:\Program Files (x86)\Common Files\Intel\Shared Libraries\redist\intel64\compiler;C:\Program Files\Eclipse Adoptium\jdk-21.0.9.10-hotspot\bin;C:\WINDOWS\system32;C:\WINDOWS;C:\WINDOWS\System32\Wbem;C:\WINDOWS\System32\WindowsPowerShell\v1.0\;C:\WINDOWS\System32\OpenSSH\;C:\Program Files\NVIDIA Corporation\NVIDIA App\NvDLISR;C:\Program Files (x86)\NVIDIA Corporation\PhysX\Common;C:\Program Files\Cloudflare\Cloudflare WARP\;C:\Program Files\Git\cmd;C:\Program Files\cursor\resources\app\bin;C:\Program Files\nodejs\;C:\Program Files\Docker\Docker\resources\bin;C:\Program Files\Git LFS;C:\apache-maven-3.9.14\bin;C:\Users\akopa\.cargo\bin;C:\Users\akopa\.local\bin;C:\Users\akopa\AppData\Local\Microsoft\WindowsApps;C:\Program Files\JetBrains\IntelliJ IDEA 2025.3.1\bin;C:\Users\akopa\AppData\Roaming\npm
USERNAME=akopa
LANG=en_US.UTF-8
OS=Windows_NT
PROCESSOR_IDENTIFIER=AMD64 Family 25 Model 33 Stepping 2, AuthenticAMD
TMP=C:\Users\akopa\AppData\Local\Temp
TEMP=C:\Users\akopa\AppData\Local\Temp




Periodic native trim disabled

---------------  S Y S T E M  ---------------

OS:
 Windows 11 , 64 bit Build 26100 (10.0.26100.7309)
OS uptime: 0 days 4:00 hours
Hyper-V role detected

CPU: total 12 (initial active 12) (12 cores per cpu, 2 threads per core) family 25 model 33 stepping 2 microcode 0xa20120e, cx8, cmov, fxsr, ht, mmx, 3dnowpref, sse, sse2, sse3, ssse3, sse4a, sse4.1, sse4.2, popcnt, lzcnt, tsc, tscinvbit, avx, avx2, aes, erms, clmul, bmi1, bmi2, adx, sha, fma, vzeroupper, clflush, clflushopt, hv, rdtscp, rdpid, fsrm, f16c, cet_ss
Processor Information for the first 12 processors :
  Max Mhz: 3701, Current Mhz: 3701, Mhz Limit: 3701

Memory: 4k page, system-wide physical 16310M (1958M free)
TotalPageFile size 29622M (AvailPageFile size 2364M)
current process WorkingSet (physical memory assigned to process): 1177M, peak: 1182M
current process commit charge ("private bytes"): 1558M, peak: 1558M

vm_info: OpenJDK 64-Bit Server VM (21.0.9+10-LTS) for windows-amd64 JRE (21.0.9+10-LTS), built on 2025-10-21T00:00:00Z by "admin" with unknown MS VC++:1942

END.
