#
# A fatal error has been detected by the Java Runtime Environment:
#
#  EXCEPTION_ACCESS_VIOLATION (0xc0000005) at pc=0x00007ffa30c96b14, pid=20468, tid=20156
#
# JRE version: OpenJDK Runtime Environment Temurin-21.0.9+10 (21.0.9+10) (build 21.0.9+10-LTS)
# Java VM: OpenJDK 64-Bit Server VM Temurin-21.0.9+10 (21.0.9+10-LTS, mixed mode, sharing, tiered, compressed oops, compressed class ptrs, g1 gc, windows-amd64)
# Problematic frame:
# C  [nvoglv64.dll+0x7c6b14]
#
# No core dump will be written. Minidumps are not enabled by default on client versions of Windows
#
# If you would like to submit a bug report, please visit:
#   https://github.com/adoptium/adoptium-support/issues
# The crash happened outside the Java Virtual Machine in native code.
# See problematic frame for where to report the bug.
#

---------------  S U M M A R Y ------------

Command Line: -XX:+UseG1GC -XX:+UnlockExperimentalVMOptions -XX:G1NewSizePercent=20 -XX:G1ReservePercent=20 -XX:MaxGCPauseMillis=50 -XX:G1HeapRegionSize=32M --enable-preview -Xms1g -Xmx4g -Dfile.encoding=UTF-8 -Duser.country=RU -Duser.language=ru -Duser.variant com.za.minecraft.Application

Host: AMD Ryzen 5 5600X 6-Core Processor             , 12 cores, 15G,  Windows 11 , 64 bit Build 26100 (10.0.26100.7309)
Time: Mon Mar 23 13:23:12 2026 elapsed time: 22.341283 seconds (0d 0h 0m 22s)

---------------  T H R E A D  ---------------

Current thread (0x000001f2b04c6ef0):  JavaThread "main"             [_thread_in_native, id=20156, stack(0x0000009b3ff00000,0x0000009b40000000) (1024K)]

Stack: [0x0000009b3ff00000,0x0000009b40000000],  sp=0x0000009b3ffff160,  free space=1020k
Native frames: (J=compiled Java code, j=interpreted, Vv=VM code, C=native code)
C  [nvoglv64.dll+0x7c6b14]

Java frames: (J=compiled Java code, j=interpreted, Vv=VM code)
j  org.lwjgl.opengl.GL20C.glDeleteProgram(I)V+0
j  org.lwjgl.opengl.GL20.glDeleteProgram(I)V+1
j  com.za.minecraft.engine.graphics.Shader.cleanup()V+4
j  com.za.minecraft.engine.graphics.PostProcessor.cleanup()V+11
j  com.za.minecraft.engine.graphics.Renderer.cleanup()V+99
j  com.za.minecraft.engine.core.GameLoop.cleanup()V+39
j  com.za.minecraft.engine.core.GameLoop.runWithMode(Lcom/za/minecraft/engine/core/GameMode;Ljava/lang/String;Ljava/lang/String;)V+24
j  com.za.minecraft.engine.core.GameLoop.runSingleplayer()V+7
j  com.za.minecraft.Application.main([Ljava/lang/String;)V+62
v  ~StubRoutines::call_stub 0x000001f2c241100d

siginfo: EXCEPTION_ACCESS_VIOLATION (0xc0000005), reading address 0x0000008800000904


Registers:
RAX=0x0000000000000000, RBX=0x000001f319bb9030, RCX=0x00000088000008fc, RDX=0x0000000000000000
RSP=0x0000009b3ffff160, RBP=0x0000000000000000, RSI=0x0000000000000000, RDI=0x000001f319b08040
R8 =0x000001f2b03327c0, R9 =0x000001f2b0331800, R10=0x000001f2b0330000, R11=0x0000009b3fffeff0
R12=0x0000000000000000, R13=0x000001f314756b10, R14=0x0000000000000000, R15=0x0000000000000000
RIP=0x00007ffa30c96b14, EFLAGS=0x0000000000010206

XMM[0]=0x0000000000000000 0x0000000000000000
XMM[1]=0x0000000000000000 0x0000000000000000
XMM[2]=0x2525252525252525 0x2525252525252525
XMM[3]=0x0000000000000000 0x0000000000000000
XMM[4]=0x0000000000000000 0x0000000000000000
XMM[5]=0x4330324c475f6c67 0x6e65706f5f6c676a
XMM[6]=0x0000000000000000 0x00000000beb5999a
XMM[7]=0x0000000000000000 0x00000000bf5c71c8
XMM[8]=0x0000000000000000 0x000000003d800000
XMM[9]=0x0000000000000000 0x0000000040000000
XMM[10]=0x0000000000000000 0x0000000041800000
XMM[11]=0x0000000000000000 0x80000000c25bd106
XMM[12]=0x0000000000000000 0x0000000044340000
XMM[13]=0x0000000000000000 0x8000000000000000
XMM[14]=0x0000000000000000 0x3fefffff00000000
XMM[15]=0x0000000000000000 0x0000000080000000
  MXCSR=0x00001fa4


Register to memory mapping:

RAX=0x0 is null
RBX=0x000001f319bb9030 points into unknown readable memory: 0x0000000000000000 | 00 00 00 00 00 00 00 00
RCX=0x00000088000008fc is an unknown value
RDX=0x0 is null
RSP=0x0000009b3ffff160 is pointing into the stack for thread: 0x000001f2b04c6ef0
RBP=0x0 is null
RSI=0x0 is null
RDI=0x000001f319b08040 points into unknown readable memory: 0x0000026800000018 | 18 00 00 00 68 02 00 00
R8 =0x000001f2b03327c0 points into unknown readable memory: 0x000001f2b0330cf0 | f0 0c 33 b0 f2 01 00 00
R9 =0x000001f2b0331800 points into unknown readable memory: 0x000001f2b0330cc0 | c0 0c 33 b0 f2 01 00 00
R10=0x000001f2b0330000 points into unknown readable memory: 0x0000000000000000 | 00 00 00 00 00 00 00 00
R11=0x0000009b3fffeff0 is pointing into the stack for thread: 0x000001f2b04c6ef0
R12=0x0 is null
R13=0x000001f314756b10 is pointing into metadata
R14=0x0 is null
R15=0x0 is null

Top of Stack: (sp=0x0000009b3ffff160)
0x0000009b3ffff160:   0000000000000000 000001f319bb9030
0x0000009b3ffff170:   000001f319470000 000001f319bfb560
0x0000009b3ffff180:   0000000000000000 00007ffa30cdd4cd
0x0000009b3ffff190:   000001f319470000 000001f319470000
0x0000009b3ffff1a0:   000001f319bb9030 000001f319afe010
0x0000009b3ffff1b0:   000001f2b04c6ef0 000001f319bfb560
0x0000009b3ffff1c0:   000001f319afe010 00007ffa30cdc44f
0x0000009b3ffff1d0:   000001f319470000 00007ffa30e20f20
0x0000009b3ffff1e0:   000001f319bfb560 000001f313122f00
0x0000009b3ffff1f0:   0000009b3ffff3a0 00007ffa30cdc5e8
0x0000009b3ffff200:   000001f319bfb560 000001f319470000
0x0000009b3ffff210:   000001f2d3039a80 000001f319470000
0x0000009b3ffff220:   0000000000000006 000001f2b04c6ef0
0x0000009b3ffff230:   000001f314756b10 0000000000000000
0x0000009b3ffff240:   000001f319470000 000001f2d3039a80
0x0000009b3ffff250:   000001f2b04c6ef0 000001f319470000
0x0000009b3ffff260:   000001f319bfb560 00007ffa30cdc69f
0x0000009b3ffff270:   000001f2d3039a80 000001f313c02050
0x0000009b3ffff280:   000001f319470000 0000009b3ffff3a0
0x0000009b3ffff290:   0000009b3ffff2a0 00007ffa3878f745
0x0000009b3ffff2a0:   00007ffa30cdc490 000001f319bfb560
0x0000009b3ffff2b0:   0000000000000000 0000000000000000
0x0000009b3ffff2c0:   000001f314756b18 0000009b3ffff380
0x0000009b3ffff2d0:   0000000000000006 00007ffa30caf13c
0x0000009b3ffff2e0:   0000000000000006 0000009b3ffff380
0x0000009b3ffff2f0:   000001f2d3039a80 0000009b3ffff3a0
0x0000009b3ffff300:   000001f2c2418860 000001f2c241cd6b
0x0000009b3ffff310:   000001f314756b18 000001f2d3039a80
0x0000009b3ffff320:   000001f2d3039a80 00007ffa38a3a3bd
0x0000009b3ffff330:   000001f2c241c9ff 0000009b3ffff338
0x0000009b3ffff340:   000001f314756b10 0000000000000004
0x0000009b3ffff350:   000001f314773ce0 0000000000000000 

Instructions: (pc=0x00007ffa30c96b14)
0x00007ffa30c96a14:   20 41 56 48 83 ec 20 48 8b 41 68 45 33 f6 48 89
0x00007ffa30c96a24:   7c 24 40 48 8b d9 48 85 c0 74 1e c6 00 01 48 8b
0x00007ffa30c96a34:   41 68 ff 48 04 48 8b 49 68 44 39 71 04 75 06 ff
0x00007ffa30c96a44:   15 0f 2a eb 01 4c 89 73 68 48 8b 4b 08 48 85 c9
0x00007ffa30c96a54:   74 0a ff 15 fc 29 eb 01 4c 89 73 08 48 8b 4b 10
0x00007ffa30c96a64:   48 85 c9 74 0a ff 15 e9 29 eb 01 4c 89 73 10 48
0x00007ffa30c96a74:   8b 4b 18 48 85 c9 74 0a ff 15 d6 29 eb 01 4c 89
0x00007ffa30c96a84:   73 18 48 8b 4b 70 48 85 c9 74 06 ff 15 c3 29 eb
0x00007ffa30c96a94:   01 48 8b 8b e8 02 00 00 48 85 c9 74 06 ff 15 b1
0x00007ffa30c96aa4:   29 eb 01 48 8b 8b 80 00 00 00 48 85 c9 74 06 ff
0x00007ffa30c96ab4:   15 9f 29 eb 01 48 8b 8b e0 02 00 00 48 85 c9 74
0x00007ffa30c96ac4:   0c e8 d6 76 f7 ff 4c 89 b3 e0 02 00 00 48 8b 8b
0x00007ffa30c96ad4:   a0 00 00 00 48 85 c9 74 06 ff 15 75 29 eb 01 48
0x00007ffa30c96ae4:   8b bb c0 00 00 00 48 85 ff 0f 84 8c 00 00 00 48
0x00007ffa30c96af4:   89 74 24 38 4c 39 77 58 74 3b 48 89 6c 24 30 41
0x00007ffa30c96b04:   8b ee 44 39 77 54 7e 1e 49 8b f6 90 48 8b 4f 58
0x00007ffa30c96b14:   48 8b 4c 0e 08 ff 15 39 29 eb 01 ff c5 48 8d 76
0x00007ffa30c96b24:   10 3b 6f 54 7c e6 48 8b 4f 58 ff 15 24 29 eb 01
0x00007ffa30c96b34:   48 8b 6c 24 30 44 39 37 76 33 4c 39 77 08 74 2d
0x00007ffa30c96b44:   41 8b f6 66 0f 1f 84 00 00 00 00 00 48 8b 4f 08
0x00007ffa30c96b54:   8b c6 48 69 d0 e0 00 00 00 48 8b 8c 0a c0 00 00
0x00007ffa30c96b64:   00 ff 15 ed 28 eb 01 ff c6 3b 37 72 df 48 8b cf
0x00007ffa30c96b74:   ff 15 de 28 eb 01 48 8b 74 24 38 48 8b 8b 88 01
0x00007ffa30c96b84:   00 00 48 8b 7c 24 40 48 85 c9 74 06 ff 15 c2 28
0x00007ffa30c96b94:   eb 01 48 8b 8b 80 01 00 00 48 85 c9 74 06 ff 15
0x00007ffa30c96ba4:   b0 28 eb 01 48 8b 8b 78 01 00 00 48 85 c9 74 06
0x00007ffa30c96bb4:   ff 15 9e 28 eb 01 48 8b 8b 90 01 00 00 48 85 c9
0x00007ffa30c96bc4:   74 06 ff 15 8c 28 eb 01 48 8b 8b d0 02 00 00 ff
0x00007ffa30c96bd4:   15 7f 28 eb 01 48 8b 8b 90 00 00 00 48 85 c9 74
0x00007ffa30c96be4:   0d ff 15 6d 28 eb 01 4c 89 b3 90 00 00 00 48 8b
0x00007ffa30c96bf4:   cb e8 76 66 32 00 48 8b cb e8 5e 1c f4 ff 48 8b
0x00007ffa30c96c04:   cb 48 8b 5c 24 48 48 83 c4 20 41 5e 48 ff 25 41 


Stack slot to memory mapping:

stack at sp + 0 slots: 0x0 is null
stack at sp + 1 slots: 0x000001f319bb9030 points into unknown readable memory: 0x0000000000000000 | 00 00 00 00 00 00 00 00
stack at sp + 2 slots: 0x000001f319470000 points into unknown readable memory: 0x000001f3196e0080 | 80 00 6e 19 f3 01 00 00
stack at sp + 3 slots: 0x000001f319bfb560 points into unknown readable memory: 0x0000000600000000 | 00 00 00 00 06 00 00 00
stack at sp + 4 slots: 0x0 is null
stack at sp + 5 slots: 0x00007ffa30cdd4cd nvoglv64.dll
stack at sp + 6 slots: 0x000001f319470000 points into unknown readable memory: 0x000001f3196e0080 | 80 00 6e 19 f3 01 00 00
stack at sp + 7 slots: 0x000001f319470000 points into unknown readable memory: 0x000001f3196e0080 | 80 00 6e 19 f3 01 00 00


---------------  P R O C E S S  ---------------

Threads class SMR info:
_java_thread_list=0x000001f319f130b0, length=12, elements={
0x000001f2b04c6ef0, 0x000001f3131531d0, 0x000001f313153c20, 0x000001f313154c60,
0x000001f313155a60, 0x000001f3131564b0, 0x000001f313156f00, 0x000001f313159dc0,
0x000001f313180030, 0x000001f3132e5a40, 0x000001f3132e68c0, 0x000001f319c1b640
}

Java Threads: ( => current thread )
=>0x000001f2b04c6ef0 JavaThread "main"                              [_thread_in_native, id=20156, stack(0x0000009b3ff00000,0x0000009b40000000) (1024K)]
  0x000001f3131531d0 JavaThread "Reference Handler"          daemon [_thread_blocked, id=2384, stack(0x0000009b40700000,0x0000009b40800000) (1024K)]
  0x000001f313153c20 JavaThread "Finalizer"                  daemon [_thread_blocked, id=2200, stack(0x0000009b40800000,0x0000009b40900000) (1024K)]
  0x000001f313154c60 JavaThread "Signal Dispatcher"          daemon [_thread_blocked, id=20628, stack(0x0000009b40900000,0x0000009b40a00000) (1024K)]
  0x000001f313155a60 JavaThread "Attach Listener"            daemon [_thread_blocked, id=16940, stack(0x0000009b40a00000,0x0000009b40b00000) (1024K)]
  0x000001f3131564b0 JavaThread "Service Thread"             daemon [_thread_blocked, id=20972, stack(0x0000009b40b00000,0x0000009b40c00000) (1024K)]
  0x000001f313156f00 JavaThread "Monitor Deflation Thread"   daemon [_thread_blocked, id=7064, stack(0x0000009b40c00000,0x0000009b40d00000) (1024K)]
  0x000001f313159dc0 JavaThread "C2 CompilerThread0"         daemon [_thread_blocked, id=12868, stack(0x0000009b40d00000,0x0000009b40e00000) (1024K)]
  0x000001f313180030 JavaThread "C1 CompilerThread0"         daemon [_thread_blocked, id=4224, stack(0x0000009b40e00000,0x0000009b40f00000) (1024K)]
  0x000001f3132e5a40 JavaThread "Notification Thread"        daemon [_thread_blocked, id=20260, stack(0x0000009b40f00000,0x0000009b41000000) (1024K)]
  0x000001f3132e68c0 JavaThread "Common-Cleaner"             daemon [_thread_blocked, id=2900, stack(0x0000009b41000000,0x0000009b41100000) (1024K)]
  0x000001f319c1b640 JavaThread "Java2D Disposer"            daemon [_thread_blocked, id=17824, stack(0x0000009b41200000,0x0000009b41300000) (1024K)]
Total: 12

Other Threads:
  0x000001f313132ea0 VMThread "VM Thread"                           [id=10608, stack(0x0000009b40600000,0x0000009b40700000) (1024K)]
  0x000001f3131216b0 WatcherThread "VM Periodic Task Thread"        [id=20016, stack(0x0000009b40500000,0x0000009b40600000) (1024K)]
  0x000001f2b2818170 WorkerThread "GC Thread#0"                     [id=19800, stack(0x0000009b40000000,0x0000009b40100000) (1024K)]
  0x000001f319be7fc0 WorkerThread "GC Thread#1"                     [id=21104, stack(0x0000009b41a00000,0x0000009b41b00000) (1024K)]
  0x000001f319be8360 WorkerThread "GC Thread#2"                     [id=1412, stack(0x0000009b41b00000,0x0000009b41c00000) (1024K)]
  0x000001f319be8700 WorkerThread "GC Thread#3"                     [id=20196, stack(0x0000009b41c00000,0x0000009b41d00000) (1024K)]
  0x000001f319be8aa0 WorkerThread "GC Thread#4"                     [id=20948, stack(0x0000009b41d00000,0x0000009b41e00000) (1024K)]
  0x000001f319be8e40 WorkerThread "GC Thread#5"                     [id=20100, stack(0x0000009b41e00000,0x0000009b41f00000) (1024K)]
  0x000001f319be91e0 WorkerThread "GC Thread#6"                     [id=5856, stack(0x0000009b41f00000,0x0000009b42000000) (1024K)]
  0x000001f319be9580 WorkerThread "GC Thread#7"                     [id=16432, stack(0x0000009b42000000,0x0000009b42100000) (1024K)]
  0x000001f319be9920 WorkerThread "GC Thread#8"                     [id=11056, stack(0x0000009b42100000,0x0000009b42200000) (1024K)]
  0x000001f319bd8180 WorkerThread "GC Thread#9"                     [id=19816, stack(0x0000009b42200000,0x0000009b42300000) (1024K)]
  0x000001f2b281a150 ConcurrentGCThread "G1 Main Marker"            [id=6788, stack(0x0000009b40100000,0x0000009b40200000) (1024K)]
  0x000001f2b281c980 WorkerThread "G1 Conc#0"                       [id=4236, stack(0x0000009b40200000,0x0000009b40300000) (1024K)]
  0x000001f2b28840f0 ConcurrentGCThread "G1 Refine#0"               [id=4536, stack(0x0000009b40300000,0x0000009b40400000) (1024K)]
  0x000001f2b2884a00 ConcurrentGCThread "G1 Service"                [id=21228, stack(0x0000009b40400000,0x0000009b40500000) (1024K)]
Total: 16

Threads with active compile tasks:
Total: 0

VM state: not at safepoint (normal execution)

VM Mutex/Monitor currently owned by a thread: None

Heap address: 0x0000000700000000, size: 4096 MB, Compressed Oops mode: Zero based, Oop shift amount: 3

CDS archive(s) mapped at: [0x000001f2d2000000-0x000001f2d2c80000-0x000001f2d2c80000), size 13107200, SharedBaseAddress: 0x000001f2d2000000, ArchiveRelocationMode: 1.
Compressed class space mapped at: 0x000001f2d3000000-0x000001f313000000, reserved size: 1073741824
Narrow klass base: 0x000001f2d2000000, Narrow klass shift: 0, Narrow klass range: 0x100000000

GC Precious Log:
 CardTable entry size: 512
 Card Set container configuration: InlinePtr #cards 3 size 8 Array Of Cards #cards 256 size 528 Howl #buckets 8 coarsen threshold 58982 Howl Bitmap #cards 8192 size 1040 coarsen threshold 7372 Card regions per heap region 1 cards per card region 65536
 CPUs: 12 total, 12 available
 Memory: 16310M
 Large Page Support: Disabled
 NUMA Support: Disabled
 Compressed Oops: Enabled (Zero based)
 Heap Region Size: 32M
 Heap Min Capacity: 1G
 Heap Initial Capacity: 1G
 Heap Max Capacity: 4G
 Pre-touch: Disabled
 Parallel Workers: 10
 Concurrent Workers: 3
 Concurrent Refinement Workers: 10
 Periodic GC: Disabled

Heap:
 garbage-first heap   total 1048576K, used 441942K [0x0000000700000000, 0x0000000800000000)
  region size 32768K, 8 young (262144K), 1 survivors (32768K)
 Metaspace       used 10598K, committed 10880K, reserved 1114112K
  class space    used 741K, committed 896K, reserved 1048576K

Heap Regions: E=young(eden), S=young(survivor), O=old, HS=humongous(starts), HC=humongous(continues), CS=collection set, F=free, TAMS=top-at-mark-start, PB=parsable bottom
|   0|0x0000000700000000, 0x0000000702000000, 0x0000000702000000|100%| O|  |TAMS 0x0000000700000000| PB 0x0000000700000000| Untracked 
|   1|0x0000000702000000, 0x0000000704000000, 0x0000000704000000|100%| O|  |TAMS 0x0000000702000000| PB 0x0000000702000000| Untracked 
|   2|0x0000000704000000, 0x0000000706000000, 0x0000000706000000|100%| O|  |TAMS 0x0000000704000000| PB 0x0000000704000000| Untracked 
|   3|0x0000000706000000, 0x0000000708000000, 0x0000000708000000|100%| O|  |TAMS 0x0000000706000000| PB 0x0000000706000000| Untracked 
|   4|0x0000000708000000, 0x000000070a000000, 0x000000070a000000|100%| O|  |TAMS 0x0000000708000000| PB 0x0000000708000000| Untracked 
|   5|0x000000070a000000, 0x000000070c000000, 0x000000070c000000|100%| O|  |TAMS 0x000000070a000000| PB 0x000000070a000000| Untracked 
|   6|0x000000070c000000, 0x000000070e000000, 0x000000070e000000|100%| O|  |TAMS 0x000000070c000000| PB 0x000000070c000000| Untracked 
|   7|0x000000070e000000, 0x000000070ef4d718, 0x0000000710000000| 47%| O|  |TAMS 0x000000070e000000| PB 0x000000070e000000| Untracked 
|   8|0x0000000710000000, 0x0000000710000000, 0x0000000712000000|  0%| F|  |TAMS 0x0000000710000000| PB 0x0000000710000000| Untracked 
|   9|0x0000000712000000, 0x0000000712000000, 0x0000000714000000|  0%| F|  |TAMS 0x0000000712000000| PB 0x0000000712000000| Untracked 
|  10|0x0000000714000000, 0x0000000714000000, 0x0000000716000000|  0%| F|  |TAMS 0x0000000714000000| PB 0x0000000714000000| Untracked 
|  11|0x0000000716000000, 0x0000000716000000, 0x0000000718000000|  0%| F|  |TAMS 0x0000000716000000| PB 0x0000000716000000| Untracked 
|  12|0x0000000718000000, 0x0000000718048240, 0x000000071a000000|  0%| S|CS|TAMS 0x0000000718000000| PB 0x0000000718000000| Complete 
|  13|0x000000071a000000, 0x000000071a000000, 0x000000071c000000|  0%| F|  |TAMS 0x000000071a000000| PB 0x000000071a000000| Untracked 
|  14|0x000000071c000000, 0x000000071c000000, 0x000000071e000000|  0%| F|  |TAMS 0x000000071c000000| PB 0x000000071c000000| Untracked 
|  15|0x000000071e000000, 0x000000071e000000, 0x0000000720000000|  0%| F|  |TAMS 0x000000071e000000| PB 0x000000071e000000| Untracked 
|  16|0x0000000720000000, 0x0000000720000000, 0x0000000722000000|  0%| F|  |TAMS 0x0000000720000000| PB 0x0000000720000000| Untracked 
|  17|0x0000000722000000, 0x0000000722000000, 0x0000000724000000|  0%| F|  |TAMS 0x0000000722000000| PB 0x0000000722000000| Untracked 
|  18|0x0000000724000000, 0x0000000724000000, 0x0000000726000000|  0%| F|  |TAMS 0x0000000724000000| PB 0x0000000724000000| Untracked 
|  19|0x0000000726000000, 0x0000000726000000, 0x0000000728000000|  0%| F|  |TAMS 0x0000000726000000| PB 0x0000000726000000| Untracked 
|  20|0x0000000728000000, 0x0000000728000000, 0x000000072a000000|  0%| F|  |TAMS 0x0000000728000000| PB 0x0000000728000000| Untracked 
|  21|0x000000072a000000, 0x000000072a000000, 0x000000072c000000|  0%| F|  |TAMS 0x000000072a000000| PB 0x000000072a000000| Untracked 
|  22|0x000000072c000000, 0x000000072c000000, 0x000000072e000000|  0%| F|  |TAMS 0x000000072c000000| PB 0x000000072c000000| Untracked 
|  23|0x000000072e000000, 0x000000072e000000, 0x0000000730000000|  0%| F|  |TAMS 0x000000072e000000| PB 0x000000072e000000| Untracked 
|  24|0x0000000730000000, 0x0000000730000000, 0x0000000732000000|  0%| F|  |TAMS 0x0000000730000000| PB 0x0000000730000000| Untracked 
|  25|0x0000000732000000, 0x0000000732b70508, 0x0000000734000000| 35%| E|  |TAMS 0x0000000732000000| PB 0x0000000732000000| Complete 
|  26|0x0000000734000000, 0x0000000736000000, 0x0000000736000000|100%| E|CS|TAMS 0x0000000734000000| PB 0x0000000734000000| Complete 
|  27|0x0000000736000000, 0x0000000738000000, 0x0000000738000000|100%| E|CS|TAMS 0x0000000736000000| PB 0x0000000736000000| Complete 
|  28|0x0000000738000000, 0x000000073a000000, 0x000000073a000000|100%| E|CS|TAMS 0x0000000738000000| PB 0x0000000738000000| Complete 
|  29|0x000000073a000000, 0x000000073c000000, 0x000000073c000000|100%| E|CS|TAMS 0x000000073a000000| PB 0x000000073a000000| Complete 
|  30|0x000000073c000000, 0x000000073e000000, 0x000000073e000000|100%| E|CS|TAMS 0x000000073c000000| PB 0x000000073c000000| Complete 
|  31|0x000000073e000000, 0x0000000740000000, 0x0000000740000000|100%| E|CS|TAMS 0x000000073e000000| PB 0x000000073e000000| Complete 

Card table byte_map: [0x000001f2cac30000,0x000001f2cb430000] _byte_map_base: 0x000001f2c7430000

Marking Bits: (CMBitMap*) 0x000001f2b2818870
 Bits: [0x000001f2cb430000, 0x000001f2cf430000)

Polling page: 0x000001f2b0670000

Metaspace:

Usage:
  Non-class:      9.63 MB used.
      Class:    741.48 KB used.
       Both:     10.35 MB used.

Virtual space:
  Non-class space:       64.00 MB reserved,       9.75 MB ( 15%) committed,  1 nodes.
      Class space:        1.00 GB reserved,     896.00 KB ( <1%) committed,  1 nodes.
             Both:        1.06 GB reserved,      10.62 MB ( <1%) committed. 

Chunk freelists:
   Non-Class:  6.25 MB
       Class:  15.05 MB
        Both:  21.30 MB

MaxMetaspaceSize: unlimited
CompressedClassSpaceSize: 1.00 GB
Initial GC threshold: 21.00 MB
Current GC threshold: 21.00 MB
CDS: on
 - commit_granule_bytes: 65536.
 - commit_granule_words: 8192.
 - virtual_space_node_default_size: 8388608.
 - enlarge_chunks_in_place: 1.
 - use_allocation_guard: 0.


Internal statistics:

num_allocs_failed_limit: 0.
num_arena_births: 274.
num_arena_deaths: 0.
num_vsnodes_births: 2.
num_vsnodes_deaths: 0.
num_space_committed: 168.
num_space_uncommitted: 0.
num_chunks_returned_to_freelist: 0.
num_chunks_taken_from_freelist: 565.
num_chunk_merges: 0.
num_chunk_splits: 377.
num_chunks_enlarged: 242.
num_inconsistent_stats: 0.

CodeHeap 'non-profiled nmethods': size=120000Kb used=2378Kb max_used=2378Kb free=117621Kb
 bounds [0x000001f2c29b0000, 0x000001f2c2c20000, 0x000001f2c9ee0000]
CodeHeap 'profiled nmethods': size=120000Kb used=5006Kb max_used=5006Kb free=114993Kb
 bounds [0x000001f2baee0000, 0x000001f2bb3d0000, 0x000001f2c2410000]
CodeHeap 'non-nmethods': size=5760Kb used=2074Kb max_used=2141Kb free=3685Kb
 bounds [0x000001f2c2410000, 0x000001f2c2680000, 0x000001f2c29b0000]
CodeCache: size=245760Kb, used=9458Kb, max_used=9525Kb, free=236299Kb
 total_blobs=3807, nmethods=2592, adapters=1120, full_count=0
Compilation: enabled, stopped_count=0, restarted_count=0

Compilation events (20 events):
Event: 22.313 Thread 0x000001f313180030 nmethod 2581 0x000001f2bb3bef10 code [0x000001f2bb3bf180, 0x000001f2bb3bfb38]
Event: 22.313 Thread 0x000001f313180030 2583       3       org.lwjgl.opengl.GL15::glDeleteBuffers (5 bytes)
Event: 22.313 Thread 0x000001f313180030 nmethod 2583 0x000001f2bb3c0010 code [0x000001f2bb3c01c0, 0x000001f2bb3c02d8]
Event: 22.313 Thread 0x000001f313180030 2584   !   3       org.lwjgl.opengl.GL15C::glDeleteBuffers (42 bytes)
Event: 22.313 Thread 0x000001f313180030 nmethod 2584 0x000001f2bb3c0390 code [0x000001f2bb3c0620, 0x000001f2bb3c1420]
Event: 22.314 Thread 0x000001f313159dc0 2585       4       org.lwjgl.system.MemoryUtil::memAddress (13 bytes)
Event: 22.315 Thread 0x000001f313159dc0 nmethod 2585 0x000001f2c2c01090 code [0x000001f2c2c01220, 0x000001f2c2c012a8]
Event: 22.317 Thread 0x000001f313180030 2587       3       com.za.minecraft.engine.graphics.Mesh::cleanup (50 bytes)
Event: 22.317 Thread 0x000001f313159dc0 2590       4       org.lwjgl.system.MemoryStack::stackGet (10 bytes)
Event: 22.317 Thread 0x000001f313180030 nmethod 2587 0x000001f2bb3c1910 code [0x000001f2bb3c1b40, 0x000001f2bb3c2020]
Event: 22.317 Thread 0x000001f313180030 2588       3       org.lwjgl.opengl.GL30::glDeleteVertexArrays (5 bytes)
Event: 22.318 Thread 0x000001f313180030 nmethod 2588 0x000001f2bb3c2290 code [0x000001f2bb3c2440, 0x000001f2bb3c2558]
Event: 22.318 Thread 0x000001f313180030 2589   !   3       org.lwjgl.opengl.GL30C::glDeleteVertexArrays (42 bytes)
Event: 22.318 Thread 0x000001f313180030 nmethod 2589 0x000001f2bb3c2610 code [0x000001f2bb3c28a0, 0x000001f2bb3c36a0]
Event: 22.319 Thread 0x000001f313159dc0 nmethod 2590 0x000001f2c2c01390 code [0x000001f2c2c01560, 0x000001f2c2c01750]
Event: 22.328 Thread 0x000001f313159dc0 2591       4       org.lwjgl.system.MemoryStack::mallocInt (19 bytes)
Event: 22.329 Thread 0x000001f313159dc0 nmethod 2591 0x000001f2c2c01990 code [0x000001f2c2c01b20, 0x000001f2c2c01ca0]
Event: 22.330 Thread 0x000001f313159dc0 2592   !   4       java.nio.DirectIntBufferU::put (37 bytes)
Event: 22.330 Thread 0x000001f313159dc0 nmethod 2592 0x000001f2c2c01e10 code [0x000001f2c2c01fa0, 0x000001f2c2c020c0]
Event: 22.334 Thread 0x000001f313159dc0 2593   !   4       org.lwjgl.opengl.GL15C::glDeleteBuffers (42 bytes)

GC Heap History (20 events):
Event: 5.079 GC heap before
{Heap before GC invocations=20 (full 0):
 garbage-first heap   total 1048576K, used 836183K [0x0000000700000000, 0x0000000800000000)
  region size 32768K, 19 young (622592K), 1 survivors (32768K)
 Metaspace       used 10209K, committed 10560K, reserved 1114112K
  class space    used 735K, committed 896K, reserved 1048576K
}
Event: 5.080 GC heap after
{Heap after GC invocations=21 (full 0):
 garbage-first heap   total 1048576K, used 245141K [0x0000000700000000, 0x0000000800000000)
  region size 32768K, 1 young (32768K), 1 survivors (32768K)
 Metaspace       used 10209K, committed 10560K, reserved 1114112K
  class space    used 735K, committed 896K, reserved 1048576K
}
Event: 5.256 GC heap before
{Heap before GC invocations=21 (full 0):
 garbage-first heap   total 1048576K, used 834965K [0x0000000700000000, 0x0000000800000000)
  region size 32768K, 19 young (622592K), 1 survivors (32768K)
 Metaspace       used 10213K, committed 10560K, reserved 1114112K
  class space    used 735K, committed 896K, reserved 1048576K
}
Event: 5.257 GC heap after
{Heap after GC invocations=22 (full 0):
 garbage-first heap   total 1048576K, used 245659K [0x0000000700000000, 0x0000000800000000)
  region size 32768K, 1 young (32768K), 1 survivors (32768K)
 Metaspace       used 10213K, committed 10560K, reserved 1114112K
  class space    used 735K, committed 896K, reserved 1048576K
}
Event: 5.434 GC heap before
{Heap before GC invocations=22 (full 0):
 garbage-first heap   total 1048576K, used 835483K [0x0000000700000000, 0x0000000800000000)
  region size 32768K, 19 young (622592K), 1 survivors (32768K)
 Metaspace       used 10213K, committed 10560K, reserved 1114112K
  class space    used 735K, committed 896K, reserved 1048576K
}
Event: 5.434 GC heap after
{Heap after GC invocations=23 (full 0):
 garbage-first heap   total 1048576K, used 245114K [0x0000000700000000, 0x0000000800000000)
  region size 32768K, 1 young (32768K), 1 survivors (32768K)
 Metaspace       used 10213K, committed 10560K, reserved 1114112K
  class space    used 735K, committed 896K, reserved 1048576K
}
Event: 5.607 GC heap before
{Heap before GC invocations=23 (full 0):
 garbage-first heap   total 1048576K, used 834938K [0x0000000700000000, 0x0000000800000000)
  region size 32768K, 19 young (622592K), 1 survivors (32768K)
 Metaspace       used 10213K, committed 10560K, reserved 1114112K
  class space    used 735K, committed 896K, reserved 1048576K
}
Event: 5.608 GC heap after
{Heap after GC invocations=24 (full 0):
 garbage-first heap   total 1048576K, used 245770K [0x0000000700000000, 0x0000000800000000)
  region size 32768K, 1 young (32768K), 1 survivors (32768K)
 Metaspace       used 10213K, committed 10560K, reserved 1114112K
  class space    used 735K, committed 896K, reserved 1048576K
}
Event: 5.782 GC heap before
{Heap before GC invocations=24 (full 0):
 garbage-first heap   total 1048576K, used 835594K [0x0000000700000000, 0x0000000800000000)
  region size 32768K, 19 young (622592K), 1 survivors (32768K)
 Metaspace       used 10213K, committed 10560K, reserved 1114112K
  class space    used 735K, committed 896K, reserved 1048576K
}
Event: 5.783 GC heap after
{Heap after GC invocations=25 (full 0):
 garbage-first heap   total 1048576K, used 245406K [0x0000000700000000, 0x0000000800000000)
  region size 32768K, 1 young (32768K), 1 survivors (32768K)
 Metaspace       used 10213K, committed 10560K, reserved 1114112K
  class space    used 735K, committed 896K, reserved 1048576K
}
Event: 5.955 GC heap before
{Heap before GC invocations=25 (full 0):
 garbage-first heap   total 1048576K, used 835230K [0x0000000700000000, 0x0000000800000000)
  region size 32768K, 19 young (622592K), 1 survivors (32768K)
 Metaspace       used 10213K, committed 10560K, reserved 1114112K
  class space    used 735K, committed 896K, reserved 1048576K
}
Event: 5.956 GC heap after
{Heap after GC invocations=26 (full 0):
 garbage-first heap   total 1048576K, used 245537K [0x0000000700000000, 0x0000000800000000)
  region size 32768K, 1 young (32768K), 1 survivors (32768K)
 Metaspace       used 10213K, committed 10560K, reserved 1114112K
  class space    used 735K, committed 896K, reserved 1048576K
}
Event: 6.129 GC heap before
{Heap before GC invocations=26 (full 0):
 garbage-first heap   total 1048576K, used 835361K [0x0000000700000000, 0x0000000800000000)
  region size 32768K, 19 young (622592K), 1 survivors (32768K)
 Metaspace       used 10213K, committed 10560K, reserved 1114112K
  class space    used 735K, committed 896K, reserved 1048576K
}
Event: 6.130 GC heap after
{Heap after GC invocations=27 (full 0):
 garbage-first heap   total 1048576K, used 245213K [0x0000000700000000, 0x0000000800000000)
  region size 32768K, 1 young (32768K), 1 survivors (32768K)
 Metaspace       used 10213K, committed 10560K, reserved 1114112K
  class space    used 735K, committed 896K, reserved 1048576K
}
Event: 6.303 GC heap before
{Heap before GC invocations=27 (full 0):
 garbage-first heap   total 1048576K, used 835037K [0x0000000700000000, 0x0000000800000000)
  region size 32768K, 19 young (622592K), 1 survivors (32768K)
 Metaspace       used 10213K, committed 10560K, reserved 1114112K
  class space    used 735K, committed 896K, reserved 1048576K
}
Event: 6.303 GC heap after
{Heap after GC invocations=28 (full 0):
 garbage-first heap   total 1048576K, used 246985K [0x0000000700000000, 0x0000000800000000)
  region size 32768K, 1 young (32768K), 1 survivors (32768K)
 Metaspace       used 10213K, committed 10560K, reserved 1114112K
  class space    used 735K, committed 896K, reserved 1048576K
}
Event: 6.477 GC heap before
{Heap before GC invocations=28 (full 0):
 garbage-first heap   total 1048576K, used 836809K [0x0000000700000000, 0x0000000800000000)
  region size 32768K, 19 young (622592K), 1 survivors (32768K)
 Metaspace       used 10213K, committed 10560K, reserved 1114112K
  class space    used 735K, committed 896K, reserved 1048576K
}
Event: 6.478 GC heap after
{Heap after GC invocations=29 (full 0):
 garbage-first heap   total 1048576K, used 247506K [0x0000000700000000, 0x0000000800000000)
  region size 32768K, 1 young (32768K), 1 survivors (32768K)
 Metaspace       used 10213K, committed 10560K, reserved 1114112K
  class space    used 735K, committed 896K, reserved 1048576K
}
Event: 13.956 GC heap before
{Heap before GC invocations=29 (full 0):
 garbage-first heap   total 1048576K, used 837330K [0x0000000700000000, 0x0000000800000000)
  region size 32768K, 19 young (622592K), 1 survivors (32768K)
 Metaspace       used 10574K, committed 10880K, reserved 1114112K
  class space    used 738K, committed 896K, reserved 1048576K
}
Event: 13.957 GC heap after
{Heap after GC invocations=30 (full 0):
 garbage-first heap   total 1048576K, used 245334K [0x0000000700000000, 0x0000000800000000)
  region size 32768K, 1 young (32768K), 1 survivors (32768K)
 Metaspace       used 10574K, committed 10880K, reserved 1114112K
  class space    used 738K, committed 896K, reserved 1048576K
}

Dll operation events (11 events):
Event: 0.005 Loaded shared library C:\Program Files\Eclipse Adoptium\jdk-21.0.9.10-hotspot\bin\java.dll
Event: 0.022 Loaded shared library C:\Program Files\Eclipse Adoptium\jdk-21.0.9.10-hotspot\bin\jsvml.dll
Event: 0.046 Loaded shared library C:\Program Files\Eclipse Adoptium\jdk-21.0.9.10-hotspot\bin\net.dll
Event: 0.047 Loaded shared library C:\Program Files\Eclipse Adoptium\jdk-21.0.9.10-hotspot\bin\nio.dll
Event: 0.050 Loaded shared library C:\Program Files\Eclipse Adoptium\jdk-21.0.9.10-hotspot\bin\zip.dll
Event: 0.087 Loaded shared library C:\Program Files\Eclipse Adoptium\jdk-21.0.9.10-hotspot\bin\jimage.dll
Event: 0.099 Loaded shared library C:\Program Files\Eclipse Adoptium\jdk-21.0.9.10-hotspot\bin\verify.dll
Event: 0.165 Loaded shared library C:\Users\akopa\AppData\Local\Temp\lwjgl_akopa\3.3.3+5\x64\lwjgl.dll
Event: 0.217 Loaded shared library C:\Users\akopa\AppData\Local\Temp\lwjgl_akopa\3.3.3+5\x64\lwjgl_stb.dll
Event: 0.518 Loaded shared library C:\Users\akopa\AppData\Local\Temp\lwjgl_akopa\3.3.3+5\x64\lwjgl_opengl.dll
Event: 0.860 Loaded shared library C:\Program Files\Eclipse Adoptium\jdk-21.0.9.10-hotspot\bin\awt.dll

Deoptimization events (20 events):
Event: 15.539 Thread 0x000001f2b04c6ef0 DEOPT PACKING pc=0x000001f2bb3abede sp=0x0000009b3ffff2c0
Event: 15.539 Thread 0x000001f2b04c6ef0 DEOPT UNPACKING pc=0x000001f2c2464bc2 sp=0x0000009b3fffe7d0 mode 0
Event: 15.581 Thread 0x000001f2b04c6ef0 DEOPT PACKING pc=0x000001f2bb3abe11 sp=0x0000009b3ffff2c0
Event: 15.581 Thread 0x000001f2b04c6ef0 DEOPT UNPACKING pc=0x000001f2c2464bc2 sp=0x0000009b3fffe7d0 mode 0
Event: 15.623 Thread 0x000001f2b04c6ef0 DEOPT PACKING pc=0x000001f2bb3abe11 sp=0x0000009b3ffff2c0
Event: 15.623 Thread 0x000001f2b04c6ef0 DEOPT UNPACKING pc=0x000001f2c2464bc2 sp=0x0000009b3fffe7d0 mode 0
Event: 15.660 Thread 0x000001f2b04c6ef0 DEOPT PACKING pc=0x000001f2bb3abede sp=0x0000009b3ffff2c0
Event: 15.660 Thread 0x000001f2b04c6ef0 DEOPT UNPACKING pc=0x000001f2c2464bc2 sp=0x0000009b3fffe7d0 mode 0
Event: 15.690 Thread 0x000001f2b04c6ef0 Uncommon trap: trap_request=0xffffff45 fr.pc=0x000001f2c2ba964c relative=0x0000000000000a4c
Event: 15.690 Thread 0x000001f2b04c6ef0 Uncommon trap: reason=unstable_if action=reinterpret pc=0x000001f2c2ba964c method=com.za.minecraft.world.blocks.BlockTextureMapper.keyFor(Lcom/za/minecraft/world/blocks/Block;I)Ljava/lang/String; @ 63 c2
Event: 15.690 Thread 0x000001f2b04c6ef0 DEOPT PACKING pc=0x000001f2c2ba964c sp=0x0000009b3fffee00
Event: 15.690 Thread 0x000001f2b04c6ef0 DEOPT UNPACKING pc=0x000001f2c2464422 sp=0x0000009b3fffed60 mode 2
Event: 15.692 Thread 0x000001f2b04c6ef0 Uncommon trap: trap_request=0xffffff45 fr.pc=0x000001f2c2babe10 relative=0x0000000000000690
Event: 15.692 Thread 0x000001f2b04c6ef0 Uncommon trap: reason=unstable_if action=reinterpret pc=0x000001f2c2babe10 method=com.za.minecraft.world.blocks.BlockTextureMapper.keyFor(Lcom/za/minecraft/world/blocks/Block;I)Ljava/lang/String; @ 63 c2
Event: 15.692 Thread 0x000001f2b04c6ef0 DEOPT PACKING pc=0x000001f2c2babe10 sp=0x0000009b3ffff070
Event: 15.692 Thread 0x000001f2b04c6ef0 DEOPT UNPACKING pc=0x000001f2c2464422 sp=0x0000009b3ffff030 mode 2
Event: 20.283 Thread 0x000001f2b04c6ef0 Uncommon trap: trap_request=0xffffff45 fr.pc=0x000001f2c2b09818 relative=0x0000000000000978
Event: 20.283 Thread 0x000001f2b04c6ef0 Uncommon trap: reason=unstable_if action=reinterpret pc=0x000001f2c2b09818 method=com.za.minecraft.entities.ScoutEntity.updateAI(FLcom/za/minecraft/world/World;)V @ 48 c2
Event: 20.283 Thread 0x000001f2b04c6ef0 DEOPT PACKING pc=0x000001f2c2b09818 sp=0x0000009b3ffff3b0
Event: 20.283 Thread 0x000001f2b04c6ef0 DEOPT UNPACKING pc=0x000001f2c2464422 sp=0x0000009b3ffff358 mode 2

Classes loaded (20 events):
Event: 0.986 Loading class java/lang/invoke/DirectMethodHandle$1
Event: 0.986 Loading class java/lang/invoke/DirectMethodHandle$1 done
Event: 1.126 Loading class java/lang/invoke/MethodHandleImpl$CountingWrapper
Event: 1.126 Loading class java/lang/invoke/MethodHandleImpl$CountingWrapper done
Event: 1.127 Loading class jdk/internal/org/objectweb/asm/Edge
Event: 1.127 Loading class jdk/internal/org/objectweb/asm/Edge done
Event: 1.128 Loading class java/lang/invoke/MethodHandleImpl$CountingWrapper$1
Event: 1.128 Loading class java/lang/invoke/MethodHandleImpl$CountingWrapper$1 done
Event: 2.013 Loading class java/lang/Math$RandomNumberGeneratorHolder
Event: 2.013 Loading class java/lang/Math$RandomNumberGeneratorHolder done
Event: 2.019 Loading class java/lang/FdLibm$Atan2
Event: 2.019 Loading class java/lang/FdLibm$Atan2 done
Event: 2.019 Loading class java/lang/FdLibm
Event: 2.019 Loading class java/lang/FdLibm done
Event: 2.019 Loading class java/lang/FdLibm$Atan
Event: 2.019 Loading class java/lang/FdLibm$Atan done
Event: 2.047 Loading class java/lang/SecurityException
Event: 2.047 Loading class java/lang/SecurityException done
Event: 6.638 Loading class jdk/internal/math/FormattedFPDecimal
Event: 6.638 Loading class jdk/internal/math/FormattedFPDecimal done

Classes unloaded (0 events):
No events

Classes redefined (0 events):
No events

Internal exceptions (20 events):
Event: 0.978 Thread 0x000001f2b04c6ef0 Exception <a 'java/lang/NoSuchMethodError'{0x000000073cc08548}: 'java.lang.Object java.lang.invoke.DirectMethodHandle$Holder.invokeStaticInit(java.lang.Object, java.lang.Object, java.lang.Object, java.lang.Object, java.lang.Object, java.lang.Object, java.lang.Object)'> (0x000000073cc08548) 
thrown [s\src\hotspot\share\interpreter\linkResolver.cpp, line 773]
Event: 0.978 Thread 0x000001f2b04c6ef0 Exception <a 'java/lang/NoSuchMethodError'{0x000000073cc0dd68}: 'java.lang.Object java.lang.invoke.Invokers$Holder.invoke_MT(java.lang.Object, java.lang.Object, java.lang.Object, java.lang.Object, java.lang.Object, java.lang.Object, java.lang.Object, java.lang.Object, java.lang.Object)'> (0x000000073cc0dd68) 
thrown [s\src\hotspot\share\interpreter\linkResolver.cpp, line 773]
Event: 0.982 Thread 0x000001f2b04c6ef0 Exception <a 'java/lang/NoSuchMethodError'{0x000000073cc2d288}: 'int java.lang.invoke.DirectMethodHandle$Holder.invokeVirtual(java.lang.Object, java.lang.Object, java.lang.Object)'> (0x000000073cc2d288) 
thrown [s\src\hotspot\share\interpreter\linkResolver.cpp, line 773]
Event: 0.983 Thread 0x000001f2b04c6ef0 Exception <a 'java/lang/NoSuchMethodError'{0x000000073cc30948}: 'int java.lang.invoke.DirectMethodHandle$Holder.invokeVirtual(java.lang.Object, java.lang.Object)'> (0x000000073cc30948) 
thrown [s\src\hotspot\share\interpreter\linkResolver.cpp, line 773]
Event: 0.983 Thread 0x000001f2b04c6ef0 Exception <a 'java/lang/NoSuchMethodError'{0x000000073cc34cf0}: 'int java.lang.invoke.DirectMethodHandle$Holder.invokeStaticInit(java.lang.Object, java.lang.Object, java.lang.Object)'> (0x000000073cc34cf0) 
thrown [s\src\hotspot\share\interpreter\linkResolver.cpp, line 773]
Event: 0.983 Thread 0x000001f2b04c6ef0 Exception <a 'java/lang/NoSuchMethodError'{0x000000073cc38358}: 'int java.lang.invoke.DirectMethodHandle$Holder.invokeStaticInit(java.lang.Object, int, int)'> (0x000000073cc38358) 
thrown [s\src\hotspot\share\interpreter\linkResolver.cpp, line 773]
Event: 0.984 Thread 0x000001f2b04c6ef0 Exception <a 'java/lang/NoSuchMethodError'{0x000000073cc3f850}: 'int java.lang.invoke.DirectMethodHandle$Holder.invokeStaticInit(java.lang.Object, long, long)'> (0x000000073cc3f850) 
thrown [s\src\hotspot\share\interpreter\linkResolver.cpp, line 773]
Event: 0.984 Thread 0x000001f2b04c6ef0 Exception <a 'java/lang/NoSuchMethodError'{0x000000073cc46580}: 'int java.lang.invoke.DirectMethodHandle$Holder.invokeStaticInit(java.lang.Object, float, float)'> (0x000000073cc46580) 
thrown [s\src\hotspot\share\interpreter\linkResolver.cpp, line 773]
Event: 0.985 Thread 0x000001f2b04c6ef0 Exception <a 'java/lang/NoSuchMethodError'{0x000000073cc4d010}: 'int java.lang.invoke.DirectMethodHandle$Holder.invokeStaticInit(java.lang.Object, double, double)'> (0x000000073cc4d010) 
thrown [s\src\hotspot\share\interpreter\linkResolver.cpp, line 773]
Event: 0.985 Thread 0x000001f2b04c6ef0 Exception <a 'java/lang/NoSuchMethodError'{0x000000073cc51510}: 'int java.lang.invoke.DirectMethodHandle$Holder.invokeStatic(java.lang.Object, long)'> (0x000000073cc51510) 
thrown [s\src\hotspot\share\interpreter\linkResolver.cpp, line 773]
Event: 0.986 Thread 0x000001f2b04c6ef0 Exception <a 'java/lang/NoSuchMethodError'{0x000000073cc62340}: 'int java.lang.invoke.DirectMethodHandle$Holder.invokeSpecial(java.lang.Object, java.lang.Object, int)'> (0x000000073cc62340) 
thrown [s\src\hotspot\share\interpreter\linkResolver.cpp, line 773]
Event: 0.988 Thread 0x000001f2b04c6ef0 Exception <a 'java/lang/NoSuchMethodError'{0x000000073cc76a08}: 'int java.lang.invoke.Invokers$Holder.linkToTargetMethod(java.lang.Object, java.lang.Object)'> (0x000000073cc76a08) 
thrown [s\src\hotspot\share\interpreter\linkResolver.cpp, line 773]
Event: 1.126 Thread 0x000001f2b04c6ef0 Exception <a 'java/lang/NoSuchMethodError'{0x000000073e31f608}: 'java.lang.Object java.lang.invoke.DirectMethodHandle$Holder.invokeSpecial(java.lang.Object, java.lang.Object, int, java.lang.Object, java.lang.Object)'> (0x000000073e31f608) 
thrown [s\src\hotspot\share\interpreter\linkResolver.cpp, line 773]
Event: 1.126 Thread 0x000001f2b04c6ef0 Exception <a 'java/lang/NoSuchMethodError'{0x000000073e322f98}: 'java.lang.Object java.lang.invoke.DelegatingMethodHandle$Holder.delegate(java.lang.Object, int, java.lang.Object, java.lang.Object)'> (0x000000073e322f98) 
thrown [s\src\hotspot\share\interpreter\linkResolver.cpp, line 773]
Event: 1.127 Thread 0x000001f2b04c6ef0 Exception <a 'java/lang/NoSuchMethodError'{0x000000073e331f58}: 'int java.lang.invoke.Invokers$Holder.linkToTargetMethod(java.lang.Object, java.lang.Object, java.lang.Object)'> (0x000000073e331f58) 
thrown [s\src\hotspot\share\interpreter\linkResolver.cpp, line 773]
Event: 1.134 Thread 0x000001f2b04c6ef0 Exception <a 'java/lang/NoSuchMethodError'{0x00000007383d96c0}: 'java.lang.Object java.lang.invoke.Invokers$Holder.invoke_MT(java.lang.Object, java.lang.Object, java.lang.Object, java.lang.Object, java.lang.Object, java.lang.Object, java.lang.Object, java.lang.Object, java.lang.Object, java.lang.Object)'> (0x00000007383d96c0) 
thrown [s\src\hotspot\share\interpreter\linkResolver.cpp, line 773]
Event: 6.762 Thread 0x000001f2b04c6ef0 Implicit null exception at 0x000001f2c2b06e68 to 0x000001f2c2b07340
Event: 6.762 Thread 0x000001f2b04c6ef0 Implicit null exception at 0x000001f2c2b06e68 to 0x000001f2c2b07340
Event: 6.762 Thread 0x000001f2b04c6ef0 Implicit null exception at 0x000001f2c2b06e68 to 0x000001f2c2b07340
Event: 6.762 Thread 0x000001f2b04c6ef0 Implicit null exception at 0x000001f2c2b06e68 to 0x000001f2c2b07340

ZGC Phase Switch (0 events):
No events

VM Operations (20 events):
Event: 8.496 Executing VM operation: Cleanup
Event: 8.496 Executing VM operation: Cleanup done
Event: 9.496 Executing VM operation: Cleanup
Event: 9.497 Executing VM operation: Cleanup done
Event: 10.501 Executing VM operation: Cleanup
Event: 10.501 Executing VM operation: Cleanup done
Event: 12.507 Executing VM operation: Cleanup
Event: 12.507 Executing VM operation: Cleanup done
Event: 13.519 Executing VM operation: Cleanup
Event: 13.519 Executing VM operation: Cleanup done
Event: 13.956 Executing VM operation: G1CollectForAllocation (G1 Evacuation Pause)
Event: 13.957 Executing VM operation: G1CollectForAllocation (G1 Evacuation Pause) done
Event: 14.968 Executing VM operation: Cleanup
Event: 14.968 Executing VM operation: Cleanup done
Event: 15.981 Executing VM operation: Cleanup
Event: 15.981 Executing VM operation: Cleanup done
Event: 17.997 Executing VM operation: Cleanup
Event: 17.997 Executing VM operation: Cleanup done
Event: 20.014 Executing VM operation: Cleanup
Event: 20.014 Executing VM operation: Cleanup done

Memory protections (0 events):
No events

Nmethod flushes (0 events):
No events

Events (20 events):
Event: 0.291 Thread 0x000001f313180030 Thread added: 0x000001f313180700
Event: 0.634 Thread 0x000001f313180700 Thread exited: 0x000001f313180700
Event: 0.635 Thread 0x000001f31317ebc0 Thread exited: 0x000001f31317ebc0
Event: 0.805 Thread 0x000001f313180030 Thread added: 0x000001f31317e4f0
Event: 0.892 Thread 0x000001f2b04c6ef0 Thread added: 0x000001f319c1b640
Event: 1.138 Thread 0x000001f31317e4f0 Thread added: 0x000001f31317f960
Event: 1.334 Thread 0x000001f31317f960 Thread exited: 0x000001f31317f960
Event: 1.367 Thread 0x000001f31317e4f0 Thread exited: 0x000001f31317e4f0
Event: 2.120 Thread 0x000001f313180030 Thread added: 0x000001f313180dd0
Event: 2.120 Thread 0x000001f313180030 Thread added: 0x000001f31317e4f0
Event: 2.580 Thread 0x000001f31317e4f0 Thread exited: 0x000001f31317e4f0
Event: 3.378 Thread 0x000001f313180dd0 Thread exited: 0x000001f313180dd0
Event: 6.626 Thread 0x000001f313180030 Thread added: 0x000001f313180700
Event: 6.627 Thread 0x000001f313180030 Thread added: 0x000001f31317e4f0
Event: 6.731 Thread 0x000001f31317e4f0 Thread exited: 0x000001f31317e4f0
Event: 6.766 Thread 0x000001f313180030 Thread added: 0x000001f313180dd0
Event: 6.978 Thread 0x000001f313180dd0 Thread exited: 0x000001f313180dd0
Event: 6.978 Thread 0x000001f313180700 Thread exited: 0x000001f313180700
Event: 7.465 Thread 0x000001f313180030 Thread added: 0x000001f31317e4f0
Event: 7.987 Thread 0x000001f31317e4f0 Thread exited: 0x000001f31317e4f0


Dynamic libraries:
0x00007ff7a9fd0000 - 0x00007ff7a9fde000 	C:\Program Files\Eclipse Adoptium\jdk-21.0.9.10-hotspot\bin\java.exe
0x00007ffac5340000 - 0x00007ffac55a7000 	C:\WINDOWS\SYSTEM32\ntdll.dll
0x00007ffac3250000 - 0x00007ffac3319000 	C:\WINDOWS\System32\KERNEL32.DLL
0x00007ffac2cb0000 - 0x00007ffac309f000 	C:\WINDOWS\System32\KERNELBASE.dll
0x00007ffac2490000 - 0x00007ffac25db000 	C:\WINDOWS\System32\ucrtbase.dll
0x00007ffaa2920000 - 0x00007ffaa293e000 	C:\Program Files\Eclipse Adoptium\jdk-21.0.9.10-hotspot\bin\VCRUNTIME140.dll
0x00007ffaa1590000 - 0x00007ffaa15a8000 	C:\Program Files\Eclipse Adoptium\jdk-21.0.9.10-hotspot\bin\jli.dll
0x00007ffac41d0000 - 0x00007ffac4395000 	C:\WINDOWS\System32\USER32.dll
0x00007ffac30b0000 - 0x00007ffac30d7000 	C:\WINDOWS\System32\win32u.dll
0x00007ffaa5310000 - 0x00007ffaa55a3000 	C:\WINDOWS\WinSxS\amd64_microsoft.windows.common-controls_6595b64144ccf1df_6.0.26100.7309_none_3e05feeae336a044\COMCTL32.dll
0x00007ffac3320000 - 0x00007ffac334b000 	C:\WINDOWS\System32\GDI32.dll
0x00007ffac34c0000 - 0x00007ffac3569000 	C:\WINDOWS\System32\msvcrt.dll
0x00007ffac2a00000 - 0x00007ffac2b2c000 	C:\WINDOWS\System32\gdi32full.dll
0x00007ffac25e0000 - 0x00007ffac2683000 	C:\WINDOWS\System32\msvcp_win.dll
0x00007ffac3730000 - 0x00007ffac3761000 	C:\WINDOWS\System32\IMM32.DLL
0x00007ffabf3e0000 - 0x00007ffabf3ec000 	C:\Program Files\Eclipse Adoptium\jdk-21.0.9.10-hotspot\bin\vcruntime140_1.dll
0x00007ffaa1210000 - 0x00007ffaa129d000 	C:\Program Files\Eclipse Adoptium\jdk-21.0.9.10-hotspot\bin\msvcp140.dll
0x00007ffa383b0000 - 0x00007ffa39150000 	C:\Program Files\Eclipse Adoptium\jdk-21.0.9.10-hotspot\bin\server\jvm.dll
0x00007ffac5190000 - 0x00007ffac5244000 	C:\WINDOWS\System32\ADVAPI32.dll
0x00007ffac5250000 - 0x00007ffac52f6000 	C:\WINDOWS\System32\sechost.dll
0x00007ffac3f50000 - 0x00007ffac4068000 	C:\WINDOWS\System32\RPCRT4.dll
0x00007ffac4070000 - 0x00007ffac40e4000 	C:\WINDOWS\System32\WS2_32.dll
0x00007ffac22f0000 - 0x00007ffac234e000 	C:\WINDOWS\SYSTEM32\POWRPROF.dll
0x00007ffab4320000 - 0x00007ffab4355000 	C:\WINDOWS\SYSTEM32\WINMM.dll
0x00007ffabb2f0000 - 0x00007ffabb2fb000 	C:\WINDOWS\SYSTEM32\VERSION.dll
0x00007ffac22d0000 - 0x00007ffac22e4000 	C:\WINDOWS\SYSTEM32\UMPDC.dll
0x00007ffac1200000 - 0x00007ffac121b000 	C:\WINDOWS\SYSTEM32\kernel.appcore.dll
0x00007ffaa6840000 - 0x00007ffaa684a000 	C:\Program Files\Eclipse Adoptium\jdk-21.0.9.10-hotspot\bin\jimage.dll
0x00007ffab3890000 - 0x00007ffab3ad2000 	C:\WINDOWS\SYSTEM32\DBGHELP.DLL
0x00007ffac4e00000 - 0x00007ffac5185000 	C:\WINDOWS\System32\combase.dll
0x00007ffac40f0000 - 0x00007ffac41c6000 	C:\WINDOWS\System32\OLEAUT32.dll
0x00007ffa9b000000 - 0x00007ffa9b03c000 	C:\WINDOWS\SYSTEM32\dbgcore.DLL
0x00007ffac2750000 - 0x00007ffac27f5000 	C:\WINDOWS\System32\bcryptPrimitives.dll
0x00007ffaa11f0000 - 0x00007ffaa1210000 	C:\Program Files\Eclipse Adoptium\jdk-21.0.9.10-hotspot\bin\java.dll
0x00007ffac37f0000 - 0x00007ffac3f43000 	C:\WINDOWS\System32\SHELL32.dll
0x00007ffac2890000 - 0x00007ffac29fa000 	C:\WINDOWS\System32\wintypes.dll
0x00007ffac0070000 - 0x00007ffac08ce000 	C:\WINDOWS\SYSTEM32\windows.storage.dll
0x00007ffac3630000 - 0x00007ffac3725000 	C:\WINDOWS\System32\SHCORE.dll
0x00007ffac3350000 - 0x00007ffac33b6000 	C:\WINDOWS\System32\shlwapi.dll
0x00007ffac23b0000 - 0x00007ffac23d9000 	C:\WINDOWS\SYSTEM32\profapi.dll
0x00007ffaa1110000 - 0x00007ffaa11e7000 	C:\Program Files\Eclipse Adoptium\jdk-21.0.9.10-hotspot\bin\jsvml.dll
0x00007ffaa5d50000 - 0x00007ffaa5d60000 	C:\Program Files\Eclipse Adoptium\jdk-21.0.9.10-hotspot\bin\net.dll
0x00007ffabc4e0000 - 0x00007ffabc608000 	C:\WINDOWS\SYSTEM32\WINHTTP.dll
0x00007ffac1750000 - 0x00007ffac17bb000 	C:\WINDOWS\system32\mswsock.dll
0x00007ffaa10f0000 - 0x00007ffaa1106000 	C:\Program Files\Eclipse Adoptium\jdk-21.0.9.10-hotspot\bin\nio.dll
0x00007ffaa10d0000 - 0x00007ffaa10e8000 	C:\Program Files\Eclipse Adoptium\jdk-21.0.9.10-hotspot\bin\zip.dll
0x00007ffaa1580000 - 0x00007ffaa1590000 	C:\Program Files\Eclipse Adoptium\jdk-21.0.9.10-hotspot\bin\verify.dll
0x00007ffa982a0000 - 0x00007ffa9831b000 	C:\Users\akopa\AppData\Local\Temp\lwjgl_akopa\3.3.3+5\x64\lwjgl.dll
0x00007ffa8cfb0000 - 0x00007ffa8d032000 	C:\Users\akopa\AppData\Local\Temp\lwjgl_akopa\3.3.3+5\x64\lwjgl_stb.dll
0x00007ffa8cc80000 - 0x00007ffa8cd02000 	C:\Users\akopa\AppData\Local\Temp\lwjgl_akopa\3.3.3+5\x64\glfw.dll
0x00007ffa9d390000 - 0x00007ffa9d3db000 	C:\WINDOWS\SYSTEM32\dinput8.dll
0x00007ffaaa9c0000 - 0x00007ffaaa9dc000 	C:\WINDOWS\SYSTEM32\xinput1_4.dll
0x00007ffac1fd0000 - 0x00007ffac2027000 	C:\WINDOWS\SYSTEM32\cfgmgr32.dll
0x00007ffac2030000 - 0x00007ffac205d000 	C:\WINDOWS\SYSTEM32\DEVOBJ.dll
0x00007ffabf9c0000 - 0x00007ffabf9f0000 	C:\WINDOWS\SYSTEM32\dwmapi.dll
0x00007ffa9de00000 - 0x00007ffa9dfe5000 	C:\WINDOWS\SYSTEM32\inputhost.dll
0x00007ffabecb0000 - 0x00007ffabedd7000 	C:\WINDOWS\SYSTEM32\CoreMessaging.dll
0x00007ffabf620000 - 0x00007ffabf6cb000 	C:\WINDOWS\system32\uxtheme.dll
0x00007ffac30e0000 - 0x00007ffac323e000 	C:\WINDOWS\System32\MSCTF.dll
0x00007ffac19a0000 - 0x00007ffac19ac000 	C:\WINDOWS\SYSTEM32\CRYPTBASE.DLL
0x00007ffa86130000 - 0x00007ffa86240000 	C:\WINDOWS\SYSTEM32\opengl32.dll
0x00007ffaa87f0000 - 0x00007ffaa881d000 	C:\WINDOWS\SYSTEM32\GLU32.dll
0x00007ffabf7f0000 - 0x00007ffabf834000 	C:\WINDOWS\SYSTEM32\dxcore.dll
0x00007ffaac9a0000 - 0x00007ffaac9ba000 	C:\WINDOWS\SYSTEM32\windows.staterepositorycore.dll
0x00007ffa304d0000 - 0x00007ffa32df5000 	C:\WINDOWS\System32\DriverStore\FileRepository\nv_dispi.inf_amd64_4646b47d9477048e\nvoglv64.dll
0x00007ffac45b0000 - 0x00007ffac4a3a000 	C:\WINDOWS\System32\SETUPAPI.dll
0x00007ffac4400000 - 0x00007ffac4597000 	C:\WINDOWS\System32\ole32.dll
0x00007ffabf4c0000 - 0x00007ffabf4e9000 	C:\WINDOWS\SYSTEM32\WTSAPI32.dll
0x00007ffac2b30000 - 0x00007ffac2ca7000 	C:\WINDOWS\System32\CRYPT32.dll
0x00007ffac14a0000 - 0x00007ffac14e9000 	C:\WINDOWS\SYSTEM32\SspiCli.dll
0x00007ffac1ba0000 - 0x00007ffac1bb3000 	C:\WINDOWS\SYSTEM32\msasn1.dll
0x00007ffabb230000 - 0x00007ffabb26b000 	C:\WINDOWS\SYSTEM32\cryptnet.dll
0x00007ffac1a40000 - 0x00007ffac1aa5000 	C:\WINDOWS\SYSTEM32\wldp.dll
0x00007ffabb0b0000 - 0x00007ffabb22b000 	C:\WINDOWS\SYSTEM32\drvstore.dll
0x00007ffac2800000 - 0x00007ffac2880000 	C:\WINDOWS\System32\WINTRUST.dll
0x00007ffac1320000 - 0x00007ffac1356000 	C:\WINDOWS\SYSTEM32\ntmarta.dll
0x00007ffac4a50000 - 0x00007ffac4a70000 	C:\WINDOWS\System32\imagehlp.dll
0x00007ffac1b40000 - 0x00007ffac1b5b000 	C:\WINDOWS\System32\CRYPTSP.dll
0x00007ffac1160000 - 0x00007ffac119a000 	C:\WINDOWS\system32\rsaenh.dll
0x00007ffac2380000 - 0x00007ffac23aa000 	C:\WINDOWS\System32\bcrypt.dll
0x00007ffab60d0000 - 0x00007ffabadcf000 	C:\WINDOWS\System32\DriverStore\FileRepository\nv_dispi.inf_amd64_4646b47d9477048e\nvgpucomp64.dll
0x00007ffa87960000 - 0x00007ffa87aa7000 	C:\WINDOWS\system32\nvspcap64.dll
0x00007ffac2090000 - 0x00007ffac20f4000 	C:\WINDOWS\SYSTEM32\WINSTA.dll
0x00007ffa9f1f0000 - 0x00007ffa9f338000 	C:\WINDOWS\SYSTEM32\textinputframework.dll
0x00007ffa9c040000 - 0x00007ffa9c09e000 	C:\Users\akopa\AppData\Local\Temp\lwjgl_akopa\3.3.3+5\x64\lwjgl_opengl.dll
0x00007ffa5b680000 - 0x00007ffa5b80f000 	C:\Program Files\Eclipse Adoptium\jdk-21.0.9.10-hotspot\bin\awt.dll
0x00007ffabf4f0000 - 0x00007ffabf58f000 	C:\WINDOWS\SYSTEM32\apphelp.dll
0x00007ffac1800000 - 0x00007ffac182b000 	C:\WINDOWS\SYSTEM32\USERENV.dll
0x00007ffac0bf0000 - 0x00007ffac0c24000 	C:\WINDOWS\SYSTEM32\IPHLPAPI.DLL
0x00007ffac4d00000 - 0x00007ffac4d0a000 	C:\WINDOWS\System32\NSI.dll
0x00007ffabbca0000 - 0x00007ffabbf82000 	C:\WINDOWS\SYSTEM32\CoreUIComponents.dll

JVMTI agents: none

dbghelp: loaded successfully - version: 4.0.5 - missing functions: none
symbol engine: initialized successfully - sym options: 0x614 - pdb path: .;C:\Program Files\Eclipse Adoptium\jdk-21.0.9.10-hotspot\bin;C:\WINDOWS\SYSTEM32;C:\WINDOWS\WinSxS\amd64_microsoft.windows.common-controls_6595b64144ccf1df_6.0.26100.7309_none_3e05feeae336a044;C:\Program Files\Eclipse Adoptium\jdk-21.0.9.10-hotspot\bin\server;C:\Users\akopa\AppData\Local\Temp\lwjgl_akopa\3.3.3+5\x64;C:\WINDOWS\System32\DriverStore\FileRepository\nv_dispi.inf_amd64_4646b47d9477048e

VM Arguments:
jvm_args: -XX:+UseG1GC -XX:+UnlockExperimentalVMOptions -XX:G1NewSizePercent=20 -XX:G1ReservePercent=20 -XX:MaxGCPauseMillis=50 -XX:G1HeapRegionSize=32M --enable-preview -Xms1g -Xmx4g -Dfile.encoding=UTF-8 -Duser.country=RU -Duser.language=ru -Duser.variant 
java_command: com.za.minecraft.Application
java_class_path (initial): C:\Users\akopa\IdeaProjects\MinecraftButBetter\build\classes\java\main;C:\Users\akopa\IdeaProjects\MinecraftButBetter\build\resources\main;C:\Users\akopa\.gradle\caches\modules-2\files-2.1\org.lwjgl\lwjgl-glfw\3.3.3\efa1eb78c5ccd840e9f329717109b5e892d72f8e\lwjgl-glfw-3.3.3.jar;C:\Users\akopa\.gradle\caches\modules-2\files-2.1\org.lwjgl\lwjgl-glfw\3.3.3\e449e28b4891fc423c54c85fbc5bb0b9efece67a\lwjgl-glfw-3.3.3-natives-windows.jar;C:\Users\akopa\.gradle\caches\modules-2\files-2.1\org.lwjgl\lwjgl-openal\3.3.3\daada81ceb5fc0c291fbfdd4433cb8d9423577f2\lwjgl-openal-3.3.3.jar;C:\Users\akopa\.gradle\caches\modules-2\files-2.1\org.lwjgl\lwjgl-openal\3.3.3\cf83862ae95d98496b26915024c7e666d8ab1c8f\lwjgl-openal-3.3.3-natives-windows.jar;C:\Users\akopa\.gradle\caches\modules-2\files-2.1\org.lwjgl\lwjgl-opengl\3.3.3\2f6b0147078396a58979125a4c947664e98293a\lwjgl-opengl-3.3.3.jar;C:\Users\akopa\.gradle\caches\modules-2\files-2.1\org.lwjgl\lwjgl-opengl\3.3.3\e6c1eec8be8a71951b830a4d69efc01c6531900c\lwjgl-opengl-3.3.3-natives-windows.jar;C:\Users\akopa\.gradle\caches\modules-2\files-2.1\org.lwjgl\lwjgl-stb\3.3.3\25dd6161988d7e65f71d5065c99902402ee32746\lwjgl-stb-3.3.3.jar;C:\Users\akopa\.gradle\caches\modules-2\files-2.1\org.lwjgl\lwjgl-stb\3.3.3\1d9facdf6541de114b0f963be33505b7679c78cb\lwjgl-stb-3.3.3-natives-windows.jar;C:\Users\akopa\.gradle\caches\modules-2\files-2.1\org.lwjgl\lwjgl\3.3.3\29589b5f87ed335a6c7e7ee6a5775f81f97ecb84\lwjgl-3.3.3.jar;C:\Users\akopa\.gradle\caches\modules-2\files-2.1\org.lwjgl\lwjgl\3.3.3\a5ed18a2b82fc91b81f40d717cb1f64c9dcb0540\lwjgl-3.3.3-natives-windows.jar;C:\Users\akopa\.gradle\caches\modules-2\files-2.1\org.joml\joml\1.10.5\22566d58af70ad3d72308bab63b8339906deb649\joml-1.10.5.jar;C:\Users\akopa\.gradle\caches\modules-2\files-2.1\com.google.code.gson\gson\2.10.1\b3add478d4382b78ea20b1671390a858002feb6c\gson-2.10.1.jar;C:\Users\akopa\.gradle\caches\modules-2\files-2.1\com.esotericsoftware\kryonet\2.22.0-RC1\2f25f7250a3096a8d1b8182946f6572d90d280d0\kryonet-2.22.0-RC1.jar;C:\Users\akopa\.gradle\caches\modules-2\files-2.1\com.esotericsoftware.kryo\kryo\2.24.0\c6b206e80cfd97e66a1364003724491c757b92f\kryo-2.24.0.jar;C:\Users\akopa\.gradle\caches\modules-2\files-2.1\com.esotericsoftware\jsonbeans\0.7\de977f0875708eddd154f2a4c3a3f58a13ef297\jsonbeans-0.7.jar;C:\Users\akopa\.gradle\caches\modules-2\files-2.1\com.esotericsoftware.minlog\minlog\1.2\59bfcd171d82f9981a5e242b9e840191f650e209\minlog-1.2.jar;C:\Users\akopa\.gradle\caches\modules-2\files-2.1\org.objenesis\objenesis\2.1\87c0ea803b69252868d09308b4618f766f135a96\objenesis-2.1.jar
Launcher Type: SUN_STANDARD

[Global flags]
     intx CICompilerCount                          = 4                                         {product} {ergonomic}
     uint ConcGCThreads                            = 3                                         {product} {ergonomic}
     uint G1ConcRefinementThreads                  = 10                                        {product} {ergonomic}
     uint G1EagerReclaimRemSetThreshold            = 256                                  {experimental} {ergonomic}
   size_t G1HeapRegionSize                         = 33554432                                  {product} {command line}
    uintx G1NewSizePercent                         = 20                                   {experimental} {command line}
     uint G1RemSetArrayOfCardsEntries              = 256                                  {experimental} {ergonomic}
     uint G1RemSetHowlMaxNumBuckets                = 8                                    {experimental} {ergonomic}
     uint G1RemSetHowlNumBuckets                   = 8                                    {experimental} {ergonomic}
    uintx G1ReservePercent                         = 20                                        {product} {command line}
    uintx GCDrainStackTargetSize                   = 64                                        {product} {ergonomic}
   size_t InitialHeapSize                          = 1073741824                                {product} {command line}
   size_t MarkStackSize                            = 4194304                                   {product} {ergonomic}
    uintx MaxGCPauseMillis                         = 50                                        {product} {command line}
   size_t MaxHeapSize                              = 4294967296                                {product} {command line}
   size_t MaxNewSize                               = 2550136832                                {product} {ergonomic}
   size_t MinHeapDeltaBytes                        = 33554432                                  {product} {ergonomic}
   size_t MinHeapSize                              = 1073741824                                {product} {command line}
    uintx NonNMethodCodeHeapSize                   = 5839372                                {pd product} {ergonomic}
    uintx NonProfiledCodeHeapSize                  = 122909434                              {pd product} {ergonomic}
    uintx ProfiledCodeHeapSize                     = 122909434                              {pd product} {ergonomic}
    uintx ReservedCodeCacheSize                    = 251658240                              {pd product} {ergonomic}
     bool SegmentedCodeCache                       = true                                      {product} {ergonomic}
   size_t SoftMaxHeapSize                          = 4294967296                             {manageable} {ergonomic}
     bool UnlockExperimentalVMOptions              = true                                 {experimental} {command line}
     bool UseCompressedOops                        = true                           {product lp64_product} {ergonomic}
     bool UseG1GC                                  = true                                      {product} {command line}
     bool UseLargePagesIndividualAllocation        = false                                  {pd product} {ergonomic}

Logging:
Log output configuration:
 #0: stdout all=warning uptime,level,tags foldmultilines=false
 #1: stderr all=off uptime,level,tags foldmultilines=false

Release file:
IMPLEMENTOR="Eclipse Adoptium" 
IMPLEMENTOR_VERSION="Temurin-21.0.9+10" 
JAVA_RUNTIME_VERSION="21.0.9+10-LTS" 
JAVA_VERSION="21.0.9" 
JAVA_VERSION_DATE="2025-10-21" 
LIBC="default" 
MODULES="java.base java.compiler java.datatransfer java.xml java.prefs java.desktop java.instrument java.logging java.management java.security.sasl java.naming java.rmi java.management.rmi java.net.http java.scripting java.security.jgss java.transaction.xa java.sql java.sql.rowset java.xml.crypto java.se java.smartcardio jdk.accessibility jdk.internal.jvmstat jdk.attach jdk.charsets jdk.internal.opt jdk.zipfs jdk.compiler jdk.crypto.ec jdk.crypto.cryptoki jdk.crypto.mscapi jdk.dynalink jdk.internal.ed jdk.editpad jdk.hotspot.agent jdk.httpserver jdk.incubator.vector jdk.internal.le jdk.internal.vm.ci jdk.internal.vm.compiler jdk.internal.vm.compiler.management jdk.jartool jdk.javadoc jdk.jcmd jdk.management jdk.management.agent jdk.jconsole jdk.jdeps jdk.jdwp.agent jdk.jdi jdk.jfr jdk.jlink jdk.jpackage jdk.jshell jdk.jsobject jdk.jstatd jdk.localedata jdk.management.jfr jdk.naming.dns jdk.naming.rmi jdk.net jdk.nio.mapmode jdk.random jdk.sctp jdk.security.auth jdk.security.jgss jdk.unsupported jdk.unsupported.desktop jdk.xml.dom" 
OS_ARCH="x86_64" 
OS_NAME="Windows" 
SOURCE=".:git:759062135b07" 
BUILD_SOURCE="git:839fa0b45d809157cffd3dc8515aad262a4a1776"
BUILD_SOURCE_REPO="https://github.com/adoptium/temurin-build.git"
SOURCE_REPO="https://github.com/adoptium/jdk21u.git"
FULL_VERSION="21.0.9+10-LTS"
SEMANTIC_VERSION="21.0.9+10"
BUILD_INFO="OS: Windows Server 2022 Version: 10.0"
JVM_VARIANT="Hotspot"
JVM_VERSION="21.0.9+10-LTS"
IMAGE_TYPE="JDK"

Environment Variables:
CLASSPATH=C:\Users\akopa\IdeaProjects\MinecraftButBetter\\gradle\wrapper\gradle-wrapper.jar
PATH=C:\Program Files (x86)\Common Files\Intel\Shared Libraries\redist\intel64\compiler;C:\Program Files\Eclipse Adoptium\jdk-21.0.9.10-hotspot\bin;C:\WINDOWS\system32;C:\WINDOWS;C:\WINDOWS\System32\Wbem;C:\WINDOWS\System32\WindowsPowerShell\v1.0\;C:\WINDOWS\System32\OpenSSH\;C:\Program Files\NVIDIA Corporation\NVIDIA App\NvDLISR;C:\Program Files (x86)\NVIDIA Corporation\PhysX\Common;C:\Program Files\Cloudflare\Cloudflare WARP\;C:\Program Files\Git\cmd;C:\Program Files\cursor\resources\app\bin;C:\Program Files\nodejs\;C:\Program Files\Docker\Docker\resources\bin;C:\Program Files\Git LFS;C:\apache-maven-3.9.14\bin;C:\Users\akopa\.cargo\bin;C:\Users\akopa\.local\bin;C:\Users\akopa\AppData\Local\Microsoft\WindowsApps;C:\Program Files\JetBrains\IntelliJ IDEA 2025.3.1\bin;C:\Users\akopa\AppData\Roaming\npm
USERNAME=akopa
LANG=en_US.UTF-8
OS=Windows_NT
PROCESSOR_IDENTIFIER=AMD64 Family 25 Model 33 Stepping 2, AuthenticAMD
TMP=C:\Users\akopa\AppData\Local\Temp
TEMP=C:\Users\akopa\AppData\Local\Temp




Periodic native trim disabled

---------------  S Y S T E M  ---------------

OS:
 Windows 11 , 64 bit Build 26100 (10.0.26100.7309)
OS uptime: 0 days 1:01 hours
Hyper-V role detected

CPU: total 12 (initial active 12) (12 cores per cpu, 2 threads per core) family 25 model 33 stepping 2 microcode 0xa20120e, cx8, cmov, fxsr, ht, mmx, 3dnowpref, sse, sse2, sse3, ssse3, sse4a, sse4.1, sse4.2, popcnt, lzcnt, tsc, tscinvbit, avx, avx2, aes, erms, clmul, bmi1, bmi2, adx, sha, fma, vzeroupper, clflush, clflushopt, hv, rdtscp, rdpid, fsrm, f16c, cet_ss
Processor Information for the first 12 processors :
  Max Mhz: 3701, Current Mhz: 3701, Mhz Limit: 3701

Memory: 4k page, system-wide physical 16310M (6452M free)
TotalPageFile size 24246M (AvailPageFile size 9888M)
current process WorkingSet (physical memory assigned to process): 987M, peak: 1127M
current process commit charge ("private bytes"): 1379M, peak: 1521M

vm_info: OpenJDK 64-Bit Server VM (21.0.9+10-LTS) for windows-amd64 JRE (21.0.9+10-LTS), built on 2025-10-21T00:00:00Z by "admin" with unknown MS VC++:1942

END.
