#
# A fatal error has been detected by the Java Runtime Environment:
#
#  EXCEPTION_ACCESS_VIOLATION (0xc0000005) at pc=0x00007ffe8a79e0ce, pid=20200, tid=7224
#
# JRE version: OpenJDK Runtime Environment Temurin-21.0.9+10 (21.0.9+10) (build 21.0.9+10-LTS)
# Java VM: OpenJDK 64-Bit Server VM Temurin-21.0.9+10 (21.0.9+10-LTS, mixed mode, sharing, tiered, compressed oops, compressed class ptrs, g1 gc, windows-amd64)
# Problematic frame:
# C  [ntdll.dll+0x1e0ce]
#
# No core dump will be written. Minidumps are not enabled by default on client versions of Windows
#
# If you would like to submit a bug report, please visit:
#   https://github.com/adoptium/adoptium-support/issues
#

---------------  S U M M A R Y ------------

Command Line: -XX:+UseG1GC -XX:+UnlockExperimentalVMOptions -XX:G1NewSizePercent=20 -XX:G1ReservePercent=20 -XX:MaxGCPauseMillis=50 -XX:G1HeapRegionSize=32M --enable-preview -Xms1g -Xmx4g -Dfile.encoding=UTF-8 -Duser.country=RU -Duser.language=ru -Duser.variant com.za.minecraft.Application

Host: AMD Ryzen 5 5600X 6-Core Processor             , 12 cores, 15G,  Windows 11 , 64 bit Build 26100 (10.0.26100.7309)
Time: Fri Mar 20 17:15:18 2026 elapsed time: 1.357147 seconds (0d 0h 0m 1s)

---------------  T H R E A D  ---------------

Current thread (0x000002146dbdc880):  JavaThread "C1 CompilerThread0" daemon [_thread_in_vm, id=7224, stack(0x000000baa0b00000,0x000000baa0c00000) (1024K)]


Current CompileTask:
C1:1357 1159       3       java.lang.invoke.InvokerBytecodeGenerator::isStaticallyNameable (148 bytes)

Stack: [0x000000baa0b00000,0x000000baa0c00000],  sp=0x000000baa0bfe310,  free space=1016k
Native frames: (J=compiled Java code, j=interpreted, Vv=VM code, C=native code)
C  [ntdll.dll+0x1e0ce]
C  [ntdll.dll+0x1cde4]
C  [ntdll.dll+0x1cca4]
C  [ucrtbase.dll+0x10139]
V  [jvm.dll+0x6c8451]
V  [jvm.dll+0xc1236]
V  [jvm.dll+0x6c2c65]
V  [jvm.dll+0x22f39c]
V  [jvm.dll+0x261393]
V  [jvm.dll+0x6a83db]
V  [jvm.dll+0x6abb51]
V  [jvm.dll+0x1ee490]
V  [jvm.dll+0x156f60]
V  [jvm.dll+0x15625c]
V  [jvm.dll+0x157fed]
V  [jvm.dll+0x25b29d]
V  [jvm.dll+0x25982a]
V  [jvm.dll+0x3f7ea6]
V  [jvm.dll+0x85e9ad]
V  [jvm.dll+0x6d565d]
C  [ucrtbase.dll+0x37b0]
C  [KERNEL32.DLL+0x2e8d7]
C  [ntdll.dll+0x8c53c]


siginfo: EXCEPTION_ACCESS_VIOLATION (0xc0000005), reading address 0x00000000000000bc


Registers:
RAX=0x0000000080000001, RBX=0x00000214788c8e00, RCX=0x0000000080000003, RDX=0x0d0aa60b1ecad300
RSP=0x000000baa0bfe310, RBP=0x0000000000000000, RSI=0x0000000000000064, RDI=0x0000000000002000
R8 =0x0000000000000000, R9 =0x000000000000000e, R10=0x0000000000000000, R11=0x0000000000008000
R12=0x000002144bf34b00, R13=0x000002144bf302f4, R14=0x00007ffe8a780000, R15=0x000002144bf30000
RIP=0x00007ffe8a79e0ce, EFLAGS=0x0000000000010287

XMM[0]=0x0000000000000000 0x0000000000000000
XMM[1]=0x0f0e0d0c0b0a0908 0x0706050403020100
XMM[2]=0x0000000000000000 0x41ae000000000000
XMM[3]=0x0000000000000000 0x3f91a7ddddddddde
XMM[4]=0x0000000000000000 0x3fc3333333333333
XMM[5]=0x100f0e0d0c0b0a09 0x0807060504030201
XMM[6]=0x0000000000000000 0x0000000000000000
XMM[7]=0x0000000000000000 0x0000000000000000
XMM[8]=0x0000000000000000 0x0000000000000000
XMM[9]=0x0000000000000000 0x0000000000000000
XMM[10]=0x0000000000000000 0x0000000000000000
XMM[11]=0x0000000000000000 0x0000000000000000
XMM[12]=0x0000000000000000 0x0000000000000000
XMM[13]=0x0000000000000000 0x0000000000000000
XMM[14]=0x0000000000000000 0x0000000000000000
XMM[15]=0x0000000000000000 0x0000000000000000
  MXCSR=0x00001fa0


Register to memory mapping:

RAX=0x0000000080000001 is an unknown value
RBX=0x00000214788c8e00 points into unknown readable memory: 0x000000000000000e | 0e 00 00 00 00 00 00 00
RCX=0x0000000080000003 is an unknown value
RDX=0x0d0aa60b1ecad300 is an unknown value
RSP=0x000000baa0bfe310 is pointing into the stack for thread: 0x000002146dbdc880
RBP=0x0 is null
RSI=0x0000000000000064 is an unknown value
RDI=0x0000000000002000 is an unknown value
R8 =0x0 is null
R9 =0x000000000000000e is an unknown value
R10=0x0 is null
R11=0x0000000000008000 is an unknown value
R12=0x000002144bf34b00 points into unknown readable memory: 0x000002144bf30cc0 | c0 0c f3 4b 14 02 00 00
R13=0x000002144bf302f4 points into unknown readable memory: 15 00 14 00
R14=0x00007ffe8a780000 ntdll.dll
R15=0x000002144bf30000 points into unknown readable memory: 0x0000000000000000 | 00 00 00 00 00 00 00 00

Top of Stack: (sp=0x000000baa0bfe310)
0x000000baa0bfe310:   000002144bf30000 0000021400040018
0x000000baa0bfe320:   000002147860a360 00000000000f0000
0x000000baa0bfe330:   0000000000002000 52181fd668a000fa
0x000000baa0bfe340:   0000000000000150 0000000d00000000
0x000000baa0bfe350:   000002144bf34b00 000002144bf302f4
0x000000baa0bfe360:   0000021400000000 0000000000000000
0x000000baa0bfe370:   0000000000000000 0000000000000150
0x000000baa0bfe380:   000002144bf30270 000002144bf30cc0
0x000000baa0bfe390:   000002147224ae30 0000000000000000
0x000000baa0bfe3a0:   0000000000000000 0000000000000000
0x000000baa0bfe3b0:   0000000000000150 000002144be30000
0x000000baa0bfe3c0:   0000000000000015 0000000000000020
0x000000baa0bfe3d0:   0000000000000140 00007ffe8a79cde4
0x000000baa0bfe3e0:   000002144bf30000 0000000000000000
0x000000baa0bfe3f0:   0000000000000140 0000021400000000
0x000000baa0bfe400:   00000214723f8e70 00007ffdf384b881
0x000000baa0bfe410:   00000000000001f0 00007ffdf384b130
0x000000baa0bfe420:   000002147224ae30 0000000000000000
0x000000baa0bfe430:   00000000ffffffff 0000000000000140
0x000000baa0bfe440:   0000000000000000 00000214724a9008
0x000000baa0bfe450:   000002146dba1b30 000002144be30000
0x000000baa0bfe460:   000000baa0bfe660 00007ffe8a79cca4
0x000000baa0bfe470:   0000000000000002 0000000000000000
0x000000baa0bfe480:   000000baa0bfe540 000002147224ae30
0x000000baa0bfe490:   00000214786914a8 00007ffdf3821def
0x000000baa0bfe4a0:   0000000000000282 00007ffdf384b130
0x000000baa0bfe4b0:   000002147224ae30 000002147230ea20
0x000000baa0bfe4c0:   0000000000000282 0000000000afd00b
0x000000baa0bfe4d0:   0000000000000282 00007ffe87e2cde3
0x000000baa0bfe4e0:   0000000000000282 0000000000000004
0x000000baa0bfe4f0:   0000000000000000 00000214723f9538
0x000000baa0bfe500:   fffffffffffffffe 0000000000000000 

Instructions: (pc=0x00007ffe8a79e0ce)
0x00007ffe8a79dfce:   80 39 00 0f 85 1b 0c 00 00 49 87 5c 24 08 be 64
0x00007ffe8a79dfde:   00 00 00 41 bb 00 80 00 00 48 85 db 0f 84 66 f5
0x00007ffe8a79dfee:   ff ff 0f 0d 4b 2c 8b 43 2c 8b c8 83 e1 f9 f0 0f
0x00007ffe8a79dffe:   b1 4b 2c 75 f4 83 f8 06 0f 84 cc 0b 00 00 0f b7
0x00007ffe8a79e00e:   43 20 41 ba 00 00 00 00 66 85 c0 0f 84 41 f5 ff
0x00007ffe8a79e01e:   ff f6 05 16 42 1b 00 04 0f 84 32 07 00 00 32 d2
0x00007ffe8a79e02e:   65 48 8b 04 25 60 00 00 00 48 8b 88 90 00 00 00
0x00007ffe8a79e03e:   48 85 c9 0f 85 a5 07 00 00 b9 8a 03 fe 7f 44 38
0x00007ffe8a79e04e:   11 0f 85 69 07 00 00 65 48 8b 04 25 60 00 00 00
0x00007ffe8a79e05e:   48 8b 88 90 00 00 00 48 85 c9 0f 85 a3 07 00 00
0x00007ffe8a79e06e:   b9 80 03 fe 7f 44 38 11 0f 85 2c 07 00 00 84 d2
0x00007ffe8a79e07e:   0f 85 dc f4 ff ff 0f 1f 40 00 0f 1f 84 00 00 00
0x00007ffe8a79e08e:   00 00 8b 43 2c be 64 00 00 00 41 bb 00 80 00 00
0x00007ffe8a79e09e:   44 8d 56 9c 85 c0 0f 84 b6 f4 ff ff a8 02 0f 85
0x00007ffe8a79e0ae:   ae f4 ff ff 8b c8 83 c9 02 f0 0f b1 4b 2c 75 d2
0x00007ffe8a79e0be:   4c 8b 0b 45 8b c2 41 83 f8 10 0f 83 41 09 00 00
0x00007ffe8a79e0ce:   41 0f b7 81 ae 00 00 00 41 03 c0 83 e0 0f 49 8b
0x00007ffe8a79e0de:   54 c1 10 49 8d 0c c1 48 85 d2 0f 84 5f 0a 00 00
0x00007ffe8a79e0ee:   8b 42 2c a8 01 0f 84 72 0a 00 00 41 ff c0 eb c6
0x00007ffe8a79e0fe:   83 fa 07 8d 42 01 0f 47 c3 41 0f 97 c1 89 44 24
0x00007ffe8a79e10e:   34 e9 2d fc ff ff 83 39 00 0f 84 1a f9 ff ff 65
0x00007ffe8a79e11e:   48 8b 04 25 60 00 00 00 48 8b 88 90 00 00 00 48
0x00007ffe8a79e12e:   81 c1 30 02 00 00 e9 03 f9 ff ff 83 39 00 0f 84
0x00007ffe8a79e13e:   1c f9 ff ff 65 48 8b 04 25 60 00 00 00 48 8b 88
0x00007ffe8a79e14e:   90 00 00 00 48 81 c1 26 02 00 00 e9 05 f9 ff ff
0x00007ffe8a79e15e:   4c 8b 64 24 40 45 33 d2 66 66 0f 1f 84 00 00 00
0x00007ffe8a79e16e:   00 00 8b 43 2c be 64 00 00 00 41 bb 00 80 00 00
0x00007ffe8a79e17e:   85 c0 0f 84 da f3 ff ff a8 02 0f 85 d2 f3 ff ff
0x00007ffe8a79e18e:   8b c8 83 c9 02 f0 0f b1 4b 2c 75 d6 4c 8b 0b 45
0x00007ffe8a79e19e:   8b c2 41 83 f8 10 0f 83 65 08 00 00 41 0f b7 81
0x00007ffe8a79e1ae:   ae 00 00 00 41 03 c0 83 e0 0f 49 8b 54 c1 10 49
0x00007ffe8a79e1be:   8d 0c c1 48 85 d2 0f 84 df 07 00 00 8b 42 2c a8 


Stack slot to memory mapping:

stack at sp + 0 slots: 0x000002144bf30000 points into unknown readable memory: 0x0000000000000000 | 00 00 00 00 00 00 00 00
stack at sp + 1 slots: 0x0000021400040018 is pointing into metadata
stack at sp + 2 slots: 0x000002147860a360 points into unknown readable memory: 0x0000021478ce3910 | 10 39 ce 78 14 02 00 00
stack at sp + 3 slots: 0x00000000000f0000 is an unknown value
stack at sp + 4 slots: 0x0000000000002000 is an unknown value
stack at sp + 5 slots: 0x52181fd668a000fa is an unknown value
stack at sp + 6 slots: 0x0000000000000150 is an unknown value
stack at sp + 7 slots: 0x0000000d00000000 is an unknown value


---------------  P R O C E S S  ---------------

Threads class SMR info:
_java_thread_list=0x0000021472be46b0, length=12, elements={
0x000002144be6df20, 0x000002146dbbd530, 0x000002146dbc0db0, 0x000002146dbc4b20,
0x000002146dbc5920, 0x000002146dbc7db0, 0x000002146dbd24f0, 0x000002146dbdb020,
0x000002146dbdc880, 0x000002146dbd38a0, 0x000002146dbd2b80, 0x000002146dbd3f30
}

Java Threads: ( => current thread )
  0x000002144be6df20 JavaThread "main"                              [_thread_blocked, id=8520, stack(0x000000ba9fc00000,0x000000ba9fd00000) (1024K)]
  0x000002146dbbd530 JavaThread "Reference Handler"          daemon [_thread_blocked, id=11912, stack(0x000000baa0400000,0x000000baa0500000) (1024K)]
  0x000002146dbc0db0 JavaThread "Finalizer"                  daemon [_thread_blocked, id=21696, stack(0x000000baa0500000,0x000000baa0600000) (1024K)]
  0x000002146dbc4b20 JavaThread "Signal Dispatcher"          daemon [_thread_blocked, id=14164, stack(0x000000baa0600000,0x000000baa0700000) (1024K)]
  0x000002146dbc5920 JavaThread "Attach Listener"            daemon [_thread_blocked, id=4288, stack(0x000000baa0700000,0x000000baa0800000) (1024K)]
  0x000002146dbc7db0 JavaThread "Service Thread"             daemon [_thread_blocked, id=8936, stack(0x000000baa0800000,0x000000baa0900000) (1024K)]
  0x000002146dbd24f0 JavaThread "Monitor Deflation Thread"   daemon [_thread_blocked, id=8468, stack(0x000000baa0900000,0x000000baa0a00000) (1024K)]
  0x000002146dbdb020 JavaThread "C2 CompilerThread0"         daemon [_thread_blocked, id=956, stack(0x000000baa0a00000,0x000000baa0b00000) (1024K)]
=>0x000002146dbdc880 JavaThread "C1 CompilerThread0"         daemon [_thread_in_vm, id=7224, stack(0x000000baa0b00000,0x000000baa0c00000) (1024K)]
  0x000002146dbd38a0 JavaThread "Notification Thread"        daemon [_thread_blocked, id=5076, stack(0x000000baa0c00000,0x000000baa0d00000) (1024K)]
  0x000002146dbd2b80 JavaThread "Common-Cleaner"             daemon [_thread_blocked, id=20556, stack(0x000000baa0d00000,0x000000baa0e00000) (1024K)]
  0x000002146dbd3f30 JavaThread "Java2D Disposer"            daemon [_thread_blocked, id=3376, stack(0x000000baa0e00000,0x000000baa0f00000) (1024K)]
Total: 12

Other Threads:
  0x000002144be43770 VMThread "VM Thread"                           [id=11392, stack(0x000000baa0300000,0x000000baa0400000) (1024K)]
  0x000002144e41e8c0 WatcherThread "VM Periodic Task Thread"        [id=19164, stack(0x000000baa0200000,0x000000baa0300000) (1024K)]
  0x000002144be42c90 WorkerThread "GC Thread#0"                     [id=20940, stack(0x000000ba9fd00000,0x000000ba9fe00000) (1024K)]
  0x000002144be421b0 WorkerThread "GC Thread#1"                     [id=19496, stack(0x000000baa1700000,0x000000baa1800000) (1024K)]
  0x000002147893b7c0 WorkerThread "GC Thread#2"                     [id=20996, stack(0x000000baa1800000,0x000000baa1900000) (1024K)]
  0x000002147893bb60 WorkerThread "GC Thread#3"                     [id=5928, stack(0x000000baa1900000,0x000000baa1a00000) (1024K)]
  0x000002147893c640 WorkerThread "GC Thread#4"                     [id=18928, stack(0x000000baa1a00000,0x000000baa1b00000) (1024K)]
  0x000002147893b080 WorkerThread "GC Thread#5"                     [id=22036, stack(0x000000baa1b00000,0x000000baa1c00000) (1024K)]
  0x000002147893d120 WorkerThread "GC Thread#6"                     [id=18672, stack(0x000000baa1c00000,0x000000baa1d00000) (1024K)]
  0x000002147893b420 WorkerThread "GC Thread#7"                     [id=12228, stack(0x000000baa1d00000,0x000000baa1e00000) (1024K)]
  0x000002147893c9e0 WorkerThread "GC Thread#8"                     [id=12572, stack(0x000000baa1e00000,0x000000baa1f00000) (1024K)]
  0x000002147893bf00 WorkerThread "GC Thread#9"                     [id=20420, stack(0x000000baa1f00000,0x000000baa2000000) (1024K)]
  0x000002144e3b0c70 ConcurrentGCThread "G1 Main Marker"            [id=6028, stack(0x000000ba9fe00000,0x000000ba9ff00000) (1024K)]
  0x000002144be43030 WorkerThread "G1 Conc#0"                       [id=17628, stack(0x000000ba9ff00000,0x000000baa0000000) (1024K)]
  0x000002144e415780 ConcurrentGCThread "G1 Refine#0"               [id=1612, stack(0x000000baa0000000,0x000000baa0100000) (1024K)]
  0x000002144e416200 ConcurrentGCThread "G1 Service"                [id=6448, stack(0x000000baa0100000,0x000000baa0200000) (1024K)]
Total: 16

Threads with active compile tasks:
C1 CompilerThread0  1441 1159       3       java.lang.invoke.InvokerBytecodeGenerator::isStaticallyNameable (148 bytes)
Total: 1

VM state: not at safepoint (normal execution)

VM Mutex/Monitor currently owned by a thread:  ([mutex/lock_event])
[0x00007ffdf436c070] MethodCompileQueue_lock - owner thread: 0x000002146dbdc880
[0x00007ffdf436d470] CodeCache_lock - owner thread: 0x000002146dbdc880
[0x00007ffdf436d5f0] Compile_lock - owner thread: 0x000002146dbdc880

Heap address: 0x0000000700000000, size: 4096 MB, Compressed Oops mode: Zero based, Oop shift amount: 3

CDS archive(s) mapped at: [0x0000021400000000-0x0000021400c80000-0x0000021400c80000), size 13107200, SharedBaseAddress: 0x0000021400000000, ArchiveRelocationMode: 1.
Compressed class space mapped at: 0x0000021401000000-0x0000021441000000, reserved size: 1073741824
Narrow klass base: 0x0000021400000000, Narrow klass shift: 0, Narrow klass range: 0x100000000

GC Precious Log:
 CardTable entry size: 512
 Card Set container configuration: InlinePtr #cards 3 size 8 Array Of Cards #cards 256 size 528 Howl #buckets 8 coarsen threshold 58982 Howl Bitmap #cards 8192 size 1040 coarsen threshold 7372 Card regions per heap region 1 cards per card region 65536
 CPUs: 12 total, 12 available
 Memory: 16310M
 Large Page Support: Disabled
 NUMA Support: Disabled
 Compressed Oops: Enabled (Zero based)
 Heap Region Size: 32M
 Heap Min Capacity: 1G
 Heap Initial Capacity: 1G
 Heap Max Capacity: 4G
 Pre-touch: Disabled
 Parallel Workers: 10
 Concurrent Workers: 3
 Concurrent Refinement Workers: 10
 Periodic GC: Disabled

Heap:
 garbage-first heap   total 1048576K, used 480570K [0x0000000700000000, 0x0000000800000000)
  region size 32768K, 6 young (196608K), 1 survivors (32768K)
 Metaspace       used 6813K, committed 7040K, reserved 1114112K
  class space    used 492K, committed 576K, reserved 1048576K

Heap Regions: E=young(eden), S=young(survivor), O=old, HS=humongous(starts), HC=humongous(continues), CS=collection set, F=free, TAMS=top-at-mark-start, PB=parsable bottom
|   0|0x0000000700000000, 0x0000000702000000, 0x0000000702000000|100%| O|  |TAMS 0x0000000700000000| PB 0x0000000700000000| Untracked 
|   1|0x0000000702000000, 0x0000000704000000, 0x0000000704000000|100%| O|  |TAMS 0x0000000702000000| PB 0x0000000702000000| Untracked 
|   2|0x0000000704000000, 0x0000000706000000, 0x0000000706000000|100%| O|  |TAMS 0x0000000704000000| PB 0x0000000704000000| Untracked 
|   3|0x0000000706000000, 0x0000000708000000, 0x0000000708000000|100%| O|  |TAMS 0x0000000706000000| PB 0x0000000706000000| Untracked 
|   4|0x0000000708000000, 0x000000070a000000, 0x000000070a000000|100%| O|  |TAMS 0x0000000708000000| PB 0x0000000708000000| Untracked 
|   5|0x000000070a000000, 0x000000070c000000, 0x000000070c000000|100%| O|  |TAMS 0x000000070a000000| PB 0x000000070a000000| Untracked 
|   6|0x000000070c000000, 0x000000070e000000, 0x000000070e000000|100%| O|  |TAMS 0x000000070c000000| PB 0x000000070c000000| Untracked 
|   7|0x000000070e000000, 0x0000000710000000, 0x0000000710000000|100%| O|  |TAMS 0x000000070e000000| PB 0x000000070e000000| Untracked 
|   8|0x0000000710000000, 0x0000000712000000, 0x0000000712000000|100%| O|  |TAMS 0x0000000710000000| PB 0x0000000710000000| Untracked 
|   9|0x0000000712000000, 0x000000071354e840, 0x0000000714000000| 66%| O|  |TAMS 0x0000000712000000| PB 0x0000000712000000| Untracked 
|  10|0x0000000714000000, 0x0000000714000000, 0x0000000716000000|  0%| F|  |TAMS 0x0000000714000000| PB 0x0000000714000000| Untracked 
|  11|0x0000000716000000, 0x0000000716000000, 0x0000000718000000|  0%| F|  |TAMS 0x0000000716000000| PB 0x0000000716000000| Untracked 
|  12|0x0000000718000000, 0x0000000718000000, 0x000000071a000000|  0%| F|  |TAMS 0x0000000718000000| PB 0x0000000718000000| Untracked 
|  13|0x000000071a000000, 0x000000071a000000, 0x000000071c000000|  0%| F|  |TAMS 0x000000071a000000| PB 0x000000071a000000| Untracked 
|  14|0x000000071c000000, 0x000000071c000000, 0x000000071e000000|  0%| F|  |TAMS 0x000000071c000000| PB 0x000000071c000000| Untracked 
|  15|0x000000071e000000, 0x000000071e000000, 0x0000000720000000|  0%| F|  |TAMS 0x000000071e000000| PB 0x000000071e000000| Untracked 
|  16|0x0000000720000000, 0x0000000720000000, 0x0000000722000000|  0%| F|  |TAMS 0x0000000720000000| PB 0x0000000720000000| Untracked 
|  17|0x0000000722000000, 0x0000000722000000, 0x0000000724000000|  0%| F|  |TAMS 0x0000000722000000| PB 0x0000000722000000| Untracked 
|  18|0x0000000724000000, 0x0000000724000000, 0x0000000726000000|  0%| F|  |TAMS 0x0000000724000000| PB 0x0000000724000000| Untracked 
|  19|0x0000000726000000, 0x0000000726000000, 0x0000000728000000|  0%| F|  |TAMS 0x0000000726000000| PB 0x0000000726000000| Untracked 
|  20|0x0000000728000000, 0x0000000728000000, 0x000000072a000000|  0%| F|  |TAMS 0x0000000728000000| PB 0x0000000728000000| Untracked 
|  21|0x000000072a000000, 0x000000072a000000, 0x000000072c000000|  0%| F|  |TAMS 0x000000072a000000| PB 0x000000072a000000| Untracked 
|  22|0x000000072c000000, 0x000000072c000000, 0x000000072e000000|  0%| F|  |TAMS 0x000000072c000000| PB 0x000000072c000000| Untracked 
|  23|0x000000072e000000, 0x000000072e000000, 0x0000000730000000|  0%| F|  |TAMS 0x000000072e000000| PB 0x000000072e000000| Untracked 
|  24|0x0000000730000000, 0x0000000730000000, 0x0000000732000000|  0%| F|  |TAMS 0x0000000730000000| PB 0x0000000730000000| Untracked 
|  25|0x0000000732000000, 0x0000000732000000, 0x0000000734000000|  0%| F|  |TAMS 0x0000000732000000| PB 0x0000000732000000| Untracked 
|  26|0x0000000734000000, 0x0000000736000000, 0x0000000736000000|100%| S|CS|TAMS 0x0000000734000000| PB 0x0000000734000000| Complete 
|  27|0x0000000736000000, 0x0000000736c59480, 0x0000000738000000| 38%| E|  |TAMS 0x0000000736000000| PB 0x0000000736000000| Complete 
|  28|0x0000000738000000, 0x000000073a000000, 0x000000073a000000|100%| E|CS|TAMS 0x0000000738000000| PB 0x0000000738000000| Complete 
|  29|0x000000073a000000, 0x000000073c000000, 0x000000073c000000|100%| E|CS|TAMS 0x000000073a000000| PB 0x000000073a000000| Complete 
|  30|0x000000073c000000, 0x000000073e000000, 0x000000073e000000|100%| E|CS|TAMS 0x000000073c000000| PB 0x000000073c000000| Complete 
|  31|0x000000073e000000, 0x0000000740000000, 0x0000000740000000|100%| E|CS|TAMS 0x000000073e000000| PB 0x000000073e000000| Complete 

Card table byte_map: [0x00000214667c0000,0x0000021466fc0000] _byte_map_base: 0x0000021462fc0000

Marking Bits: (CMBitMap*) 0x000002144e3af390
 Bits: [0x0000021466fc0000, 0x000002146afc0000)

Polling page: 0x000002144c120000

Metaspace:

Usage:
  Non-class:      6.17 MB used.
      Class:    492.89 KB used.
       Both:      6.65 MB used.

Virtual space:
  Non-class space:       64.00 MB reserved,       6.31 MB ( 10%) committed,  1 nodes.
      Class space:        1.00 GB reserved,     576.00 KB ( <1%) committed,  1 nodes.
             Both:        1.06 GB reserved,       6.88 MB ( <1%) committed. 

Chunk freelists:
   Non-Class:  8.84 MB
       Class:  15.45 MB
        Both:  24.29 MB

MaxMetaspaceSize: unlimited
CompressedClassSpaceSize: 1.00 GB
Initial GC threshold: 21.00 MB
Current GC threshold: 21.00 MB
CDS: on
 - commit_granule_bytes: 65536.
 - commit_granule_words: 8192.
 - virtual_space_node_default_size: 8388608.
 - enlarge_chunks_in_place: 1.
 - use_allocation_guard: 0.


Internal statistics:

num_allocs_failed_limit: 0.
num_arena_births: 240.
num_arena_deaths: 0.
num_vsnodes_births: 2.
num_vsnodes_deaths: 0.
num_space_committed: 108.
num_space_uncommitted: 0.
num_chunks_returned_to_freelist: 0.
num_chunks_taken_from_freelist: 442.
num_chunk_merges: 0.
num_chunk_splits: 264.
num_chunks_enlarged: 129.
num_inconsistent_stats: 0.

CodeHeap 'non-profiled nmethods': size=120000Kb used=413Kb max_used=413Kb free=119586Kb
 bounds [0x000002145e540000, 0x000002145e7b0000, 0x0000021465a70000]
CodeHeap 'profiled nmethods': size=120000Kb used=1816Kb max_used=1816Kb free=118183Kb
 bounds [0x0000021456a70000, 0x0000021456ce0000, 0x000002145dfa0000]
CodeHeap 'non-nmethods': size=5760Kb used=2011Kb max_used=2025Kb free=3749Kb
 bounds [0x000002145dfa0000, 0x000002145e210000, 0x000002145e540000]
CodeCache: size=245760Kb, used=4240Kb, max_used=4254Kb, free=241518Kb
 total_blobs=2318, nmethods=1159, adapters=1063, full_count=0
Compilation: enabled, stopped_count=0, restarted_count=0

Compilation events (20 events):
Event: 1.006 Thread 0x000002146dbdc880 nmethod 1146 0x0000021456c30d10 code [0x0000021456c30ea0, 0x0000021456c30f98]
Event: 1.094 Thread 0x000002146dbdc880 1148       3       com.za.minecraft.world.chunks.ChunkPos::<init> (15 bytes)
Event: 1.094 Thread 0x000002146dbdc880 nmethod 1148 0x0000021456c31010 code [0x0000021456c311c0, 0x0000021456c31390]
Event: 1.094 Thread 0x000002146dbdc880 1150       3       com.za.minecraft.world.generation.pipeline.GenerationPipeline::executeTerrainGeneration (40 bytes)
Event: 1.095 Thread 0x000002146dbdc880 nmethod 1150 0x0000021456c31490 code [0x0000021456c316a0, 0x0000021456c31c80]
Event: 1.095 Thread 0x000002146dbdc880 1149       3       com.za.minecraft.world.generation.TerrainGenerator::generateTerrain (9 bytes)
Event: 1.095 Thread 0x000002146dbdc880 nmethod 1149 0x0000021456c31e10 code [0x0000021456c31fc0, 0x0000021456c32120]
Event: 1.095 Thread 0x000002146dbdc880 1151       3       com.za.minecraft.world.generation.pipeline.steps.BuildingGeneratorStep::generateTerrain (1 bytes)
Event: 1.095 Thread 0x000002146dbdc880 nmethod 1151 0x0000021456c32210 code [0x0000021456c323a0, 0x0000021456c324a8]
Event: 1.095 Thread 0x000002146dbdc880 1152       3       com.za.minecraft.world.generation.pipeline.steps.OvergrowthStep::generateTerrain (1 bytes)
Event: 1.095 Thread 0x000002146dbdc880 nmethod 1152 0x0000021456c32510 code [0x0000021456c326a0, 0x0000021456c327a8]
Event: 1.155 Thread 0x000002146dbdc880 1153       3       com.za.minecraft.world.chunks.ChunkPos::hashCode (7 bytes)
Event: 1.156 Thread 0x000002146dbdc880 nmethod 1153 0x0000021456c32810 code [0x0000021456c32ae0, 0x0000021456c33a20]
Event: 1.156 Thread 0x000002146dbdc880 1154       3       java.lang.invoke.LambdaForm$MH/0x000002140108b000::linkToTargetMethod (9 bytes)
Event: 1.156 Thread 0x000002146dbdc880 nmethod 1154 0x0000021456c34010 code [0x0000021456c341e0, 0x0000021456c34550]
Event: 1.352 Thread 0x000002146dbdc880 1155       3       java.nio.Buffer::hasRemaining (17 bytes)
Event: 1.352 Thread 0x000002146dbdc880 nmethod 1155 0x0000021456c34610 code [0x0000021456c347a0, 0x0000021456c34908]
Event: 1.353 Thread 0x000002146dbdc880 1158       3       jdk.internal.org.objectweb.asm.Frame::setLocal (65 bytes)
Event: 1.353 Thread 0x000002146dbdc880 nmethod 1158 0x0000021456c34990 code [0x0000021456c34b60, 0x0000021456c35078]
Event: 1.353 Thread 0x000002146dbdc880 1159       3       java.lang.invoke.InvokerBytecodeGenerator::isStaticallyNameable (148 bytes)

GC Heap History (4 events):
Event: 1.023 GC heap before
{Heap before GC invocations=0 (full 0):
 garbage-first heap   total 1048576K, used 196608K [0x0000000700000000, 0x0000000800000000)
  region size 32768K, 6 young (196608K), 0 survivors (0K)
 Metaspace       used 6796K, committed 7040K, reserved 1114112K
  class space    used 489K, committed 576K, reserved 1048576K
}
Event: 1.077 GC heap after
{Heap after GC invocations=1 (full 0):
 garbage-first heap   total 1048576K, used 175104K [0x0000000700000000, 0x0000000800000000)
  region size 32768K, 1 young (32768K), 1 survivors (32768K)
 Metaspace       used 6796K, committed 7040K, reserved 1114112K
  class space    used 489K, committed 576K, reserved 1048576K
}
Event: 1.180 GC heap before
{Heap before GC invocations=1 (full 0):
 garbage-first heap   total 1048576K, used 338944K [0x0000000700000000, 0x0000000800000000)
  region size 32768K, 6 young (196608K), 1 survivors (32768K)
 Metaspace       used 6801K, committed 7040K, reserved 1114112K
  class space    used 489K, committed 576K, reserved 1048576K
}
Event: 1.260 GC heap after
{Heap after GC invocations=2 (full 0):
 garbage-first heap   total 1048576K, used 349498K [0x0000000700000000, 0x0000000800000000)
  region size 32768K, 1 young (32768K), 1 survivors (32768K)
 Metaspace       used 6801K, committed 7040K, reserved 1114112K
  class space    used 489K, committed 576K, reserved 1048576K
}

Dll operation events (11 events):
Event: 0.006 Loaded shared library C:\Program Files\Eclipse Adoptium\jdk-21.0.9.10-hotspot\bin\java.dll
Event: 0.025 Loaded shared library C:\Program Files\Eclipse Adoptium\jdk-21.0.9.10-hotspot\bin\jsvml.dll
Event: 0.050 Loaded shared library C:\Program Files\Eclipse Adoptium\jdk-21.0.9.10-hotspot\bin\net.dll
Event: 0.051 Loaded shared library C:\Program Files\Eclipse Adoptium\jdk-21.0.9.10-hotspot\bin\nio.dll
Event: 0.054 Loaded shared library C:\Program Files\Eclipse Adoptium\jdk-21.0.9.10-hotspot\bin\zip.dll
Event: 0.091 Loaded shared library C:\Program Files\Eclipse Adoptium\jdk-21.0.9.10-hotspot\bin\jimage.dll
Event: 0.114 Loaded shared library C:\Users\akopa\AppData\Local\Temp\lwjgl_akopa\3.3.3+5\x64\lwjgl.dll
Event: 0.434 Loaded shared library C:\Users\akopa\AppData\Local\Temp\lwjgl_akopa\3.3.3+5\x64\lwjgl_opengl.dll
Event: 0.682 Loaded shared library C:\Program Files\Eclipse Adoptium\jdk-21.0.9.10-hotspot\bin\verify.dll
Event: 0.747 Loaded shared library C:\Users\akopa\AppData\Local\Temp\lwjgl_akopa\3.3.3+5\x64\lwjgl_stb.dll
Event: 0.799 Loaded shared library C:\Program Files\Eclipse Adoptium\jdk-21.0.9.10-hotspot\bin\awt.dll

Deoptimization events (20 events):
Event: 0.913 Thread 0x000002144be6df20 DEOPT PACKING pc=0x0000021456c1a6fb sp=0x000000ba9fcff440
Event: 0.914 Thread 0x000002144be6df20 DEOPT UNPACKING pc=0x000002145dff4bc2 sp=0x000000ba9fcfe8f8 mode 0
Event: 0.915 Thread 0x000002144be6df20 DEOPT PACKING pc=0x0000021456c1a6fb sp=0x000000ba9fcff440
Event: 0.915 Thread 0x000002144be6df20 DEOPT UNPACKING pc=0x000002145dff4bc2 sp=0x000000ba9fcfe8f8 mode 0
Event: 0.916 Thread 0x000002144be6df20 DEOPT PACKING pc=0x0000021456c1a6fb sp=0x000000ba9fcff440
Event: 0.916 Thread 0x000002144be6df20 DEOPT UNPACKING pc=0x000002145dff4bc2 sp=0x000000ba9fcfe8f8 mode 0
Event: 0.917 Thread 0x000002144be6df20 DEOPT PACKING pc=0x0000021456c1a6fb sp=0x000000ba9fcff440
Event: 0.917 Thread 0x000002144be6df20 DEOPT UNPACKING pc=0x000002145dff4bc2 sp=0x000000ba9fcfe8f8 mode 0
Event: 0.918 Thread 0x000002144be6df20 DEOPT PACKING pc=0x0000021456c1a6fb sp=0x000000ba9fcff440
Event: 0.918 Thread 0x000002144be6df20 DEOPT UNPACKING pc=0x000002145dff4bc2 sp=0x000000ba9fcfe8f8 mode 0
Event: 0.919 Thread 0x000002144be6df20 DEOPT PACKING pc=0x0000021456c1a6fb sp=0x000000ba9fcff440
Event: 0.919 Thread 0x000002144be6df20 DEOPT UNPACKING pc=0x000002145dff4bc2 sp=0x000000ba9fcfe8f8 mode 0
Event: 0.920 Thread 0x000002144be6df20 DEOPT PACKING pc=0x0000021456c1a6fb sp=0x000000ba9fcff440
Event: 0.920 Thread 0x000002144be6df20 DEOPT UNPACKING pc=0x000002145dff4bc2 sp=0x000000ba9fcfe8f8 mode 0
Event: 0.921 Thread 0x000002144be6df20 DEOPT PACKING pc=0x0000021456c1a6fb sp=0x000000ba9fcff440
Event: 0.921 Thread 0x000002144be6df20 DEOPT UNPACKING pc=0x000002145dff4bc2 sp=0x000000ba9fcfe8f8 mode 0
Event: 0.922 Thread 0x000002144be6df20 DEOPT PACKING pc=0x0000021456c1a6fb sp=0x000000ba9fcff440
Event: 0.922 Thread 0x000002144be6df20 DEOPT UNPACKING pc=0x000002145dff4bc2 sp=0x000000ba9fcfe8f8 mode 0
Event: 0.923 Thread 0x000002144be6df20 DEOPT PACKING pc=0x0000021456c1a6fb sp=0x000000ba9fcff440
Event: 0.923 Thread 0x000002144be6df20 DEOPT UNPACKING pc=0x000002145dff4bc2 sp=0x000000ba9fcfe8f8 mode 0

Classes loaded (20 events):
Event: 0.842 Loading class sun/awt/image/IntegerComponentRaster
Event: 0.842 Loading class sun/awt/image/IntegerComponentRaster done
Event: 0.842 Loading class java/awt/image/IndexColorModel
Event: 0.842 Loading class java/awt/image/IndexColorModel done
Event: 0.842 Loading class sun/awt/image/ShortComponentRaster
Event: 0.842 Loading class sun/awt/image/ShortComponentRaster done
Event: 0.865 Loading class java/lang/runtime/ObjectMethods
Event: 0.865 Loading class java/lang/runtime/ObjectMethods done
Event: 0.866 Loading class java/lang/invoke/MethodHandleImpl$Makers
Event: 0.866 Loading class java/lang/invoke/MethodHandleImpl$Makers done
Event: 0.866 Loading class java/lang/invoke/MethodHandleImpl$Makers$1
Event: 0.866 Loading class java/lang/invoke/MethodHandleImpl$Makers$1 done
Event: 0.866 Loading class java/lang/invoke/MethodHandleImpl$Makers$2
Event: 0.866 Loading class java/lang/invoke/MethodHandleImpl$Makers$2 done
Event: 0.866 Loading class java/lang/invoke/MethodHandleImpl$Makers$3
Event: 0.866 Loading class java/lang/invoke/MethodHandleImpl$Makers$3 done
Event: 0.868 Loading class java/lang/runtime/ObjectMethods$1
Event: 0.868 Loading class java/lang/runtime/ObjectMethods$1 done
Event: 0.872 Loading class java/lang/invoke/DirectMethodHandle$1
Event: 0.872 Loading class java/lang/invoke/DirectMethodHandle$1 done

Classes unloaded (0 events):
No events

Classes redefined (0 events):
No events

Internal exceptions (20 events):
Event: 0.741 Thread 0x000002144be6df20 Exception <a 'java/lang/NoSuchMethodError'{0x000000073f822620}: 'void java.lang.System.loadLibrary(java.lang.String, java.lang.Class)'> (0x000000073f822620) 
thrown [s\src\hotspot\share\interpreter\linkResolver.cpp, line 773]
Event: 0.745 Thread 0x000002144be6df20 Exception <a 'sun/nio/fs/WindowsException'{0x000000073f831898}> (0x000000073f831898) 
thrown [s\src\hotspot\share\prims\jni.cpp, line 520]
Event: 0.745 Thread 0x000002144be6df20 Exception <a 'sun/nio/fs/WindowsException'{0x000000073f831c18}> (0x000000073f831c18) 
thrown [s\src\hotspot\share\prims\jni.cpp, line 520]
Event: 0.795 Thread 0x000002144be6df20 Exception <a 'java/lang/ClassNotFoundException'{0x000000073f9a1e88}: sun/awt/resources/spi/awtProvider> (0x000000073f9a1e88) 
thrown [s\src\hotspot\share\classfile\systemDictionary.cpp, line 312]
Event: 0.803 Thread 0x000002144be6df20 Exception <a 'java/io/FileNotFoundException'{0x000000073f9d9bf0}> (0x000000073f9d9bf0) 
thrown [s\src\hotspot\share\prims\jni.cpp, line 520]
Event: 0.807 Thread 0x000002144be6df20 Exception <a 'java/io/FileNotFoundException'{0x000000073fa044a8}> (0x000000073fa044a8) 
thrown [s\src\hotspot\share\prims\jni.cpp, line 520]
Event: 0.818 Thread 0x000002144be6df20 Exception <a 'java/lang/NoSuchMethodError'{0x000000073fa3f1d0}: 'java.lang.Object java.lang.invoke.DirectMethodHandle$Holder.invokeStaticInit(java.lang.Object, int, int, int, int)'> (0x000000073fa3f1d0) 
thrown [s\src\hotspot\share\interpreter\linkResolver.cpp, line 773]
Event: 0.831 Thread 0x000002144be6df20 Exception <a 'java/lang/NoSuchMethodError'{0x000000073fb0ab90}: 'java.lang.Object java.lang.invoke.DirectMethodHandle$Holder.invokeStaticInit(java.lang.Object, java.lang.Object, int, int, int, int)'> (0x000000073fb0ab90) 
thrown [s\src\hotspot\share\interpreter\linkResolver.cpp, line 773]
Event: 0.865 Thread 0x000002144be6df20 Exception <a 'java/lang/NoSuchMethodError'{0x000000073fc30b78}: 'java.lang.Object java.lang.invoke.DirectMethodHandle$Holder.invokeStaticInit(java.lang.Object, java.lang.Object, java.lang.Object, java.lang.Object, java.lang.Object, java.lang.Object, java.lang.Object)'> (0x000000073fc30b78) 
thrown [s\src\hotspot\share\interpreter\linkResolver.cpp, line 773]
Event: 0.866 Thread 0x000002144be6df20 Exception <a 'java/lang/NoSuchMethodError'{0x000000073fc36398}: 'java.lang.Object java.lang.invoke.Invokers$Holder.invoke_MT(java.lang.Object, java.lang.Object, java.lang.Object, java.lang.Object, java.lang.Object, java.lang.Object, java.lang.Object, java.lang.Object, java.lang.Object)'> (0x000000073fc36398) 
thrown [s\src\hotspot\share\interpreter\linkResolver.cpp, line 773]
Event: 0.868 Thread 0x000002144be6df20 Exception <a 'java/lang/NoSuchMethodError'{0x000000073fc55b00}: 'int java.lang.invoke.DirectMethodHandle$Holder.invokeVirtual(java.lang.Object, java.lang.Object, java.lang.Object)'> (0x000000073fc55b00) 
thrown [s\src\hotspot\share\interpreter\linkResolver.cpp, line 773]
Event: 0.869 Thread 0x000002144be6df20 Exception <a 'java/lang/NoSuchMethodError'{0x000000073fc591c0}: 'int java.lang.invoke.DirectMethodHandle$Holder.invokeVirtual(java.lang.Object, java.lang.Object)'> (0x000000073fc591c0) 
thrown [s\src\hotspot\share\interpreter\linkResolver.cpp, line 773]
Event: 0.869 Thread 0x000002144be6df20 Exception <a 'java/lang/NoSuchMethodError'{0x000000073fc5d568}: 'int java.lang.invoke.DirectMethodHandle$Holder.invokeStaticInit(java.lang.Object, java.lang.Object, java.lang.Object)'> (0x000000073fc5d568) 
thrown [s\src\hotspot\share\interpreter\linkResolver.cpp, line 773]
Event: 0.869 Thread 0x000002144be6df20 Exception <a 'java/lang/NoSuchMethodError'{0x000000073fc60bd0}: 'int java.lang.invoke.DirectMethodHandle$Holder.invokeStaticInit(java.lang.Object, int, int)'> (0x000000073fc60bd0) 
thrown [s\src\hotspot\share\interpreter\linkResolver.cpp, line 773]
Event: 0.870 Thread 0x000002144be6df20 Exception <a 'java/lang/NoSuchMethodError'{0x000000073fc680c8}: 'int java.lang.invoke.DirectMethodHandle$Holder.invokeStaticInit(java.lang.Object, long, long)'> (0x000000073fc680c8) 
thrown [s\src\hotspot\share\interpreter\linkResolver.cpp, line 773]
Event: 0.870 Thread 0x000002144be6df20 Exception <a 'java/lang/NoSuchMethodError'{0x000000073fc6eb60}: 'int java.lang.invoke.DirectMethodHandle$Holder.invokeStaticInit(java.lang.Object, float, float)'> (0x000000073fc6eb60) 
thrown [s\src\hotspot\share\interpreter\linkResolver.cpp, line 773]
Event: 0.871 Thread 0x000002144be6df20 Exception <a 'java/lang/NoSuchMethodError'{0x000000073fc755f0}: 'int java.lang.invoke.DirectMethodHandle$Holder.invokeStaticInit(java.lang.Object, double, double)'> (0x000000073fc755f0) 
thrown [s\src\hotspot\share\interpreter\linkResolver.cpp, line 773]
Event: 0.871 Thread 0x000002144be6df20 Exception <a 'java/lang/NoSuchMethodError'{0x000000073fc79ab8}: 'int java.lang.invoke.DirectMethodHandle$Holder.invokeStatic(java.lang.Object, long)'> (0x000000073fc79ab8) 
thrown [s\src\hotspot\share\interpreter\linkResolver.cpp, line 773]
Event: 0.873 Thread 0x000002144be6df20 Exception <a 'java/lang/NoSuchMethodError'{0x000000073fc8a8e8}: 'int java.lang.invoke.DirectMethodHandle$Holder.invokeSpecial(java.lang.Object, java.lang.Object, int)'> (0x000000073fc8a8e8) 
thrown [s\src\hotspot\share\interpreter\linkResolver.cpp, line 773]
Event: 0.874 Thread 0x000002144be6df20 Exception <a 'java/lang/NoSuchMethodError'{0x000000073fc9efb0}: 'int java.lang.invoke.Invokers$Holder.linkToTargetMethod(java.lang.Object, java.lang.Object)'> (0x000000073fc9efb0) 
thrown [s\src\hotspot\share\interpreter\linkResolver.cpp, line 773]

ZGC Phase Switch (0 events):
No events

VM Operations (10 events):
Event: 0.054 Executing VM operation: HandshakeAllThreads (Deoptimize)
Event: 0.054 Executing VM operation: HandshakeAllThreads (Deoptimize) done
Event: 0.702 Executing VM operation: HandshakeAllThreads (Deoptimize)
Event: 0.702 Executing VM operation: HandshakeAllThreads (Deoptimize) done
Event: 0.790 Executing VM operation: HandshakeAllThreads (Deoptimize)
Event: 0.790 Executing VM operation: HandshakeAllThreads (Deoptimize) done
Event: 1.023 Executing VM operation: G1CollectForAllocation (G1 Evacuation Pause)
Event: 1.077 Executing VM operation: G1CollectForAllocation (G1 Evacuation Pause) done
Event: 1.180 Executing VM operation: G1CollectForAllocation (G1 Evacuation Pause)
Event: 1.260 Executing VM operation: G1CollectForAllocation (G1 Evacuation Pause) done

Memory protections (0 events):
No events

Nmethod flushes (0 events):
No events

Events (18 events):
Event: 0.014 Thread 0x000002144be6df20 Thread added: 0x000002144be6df20
Event: 0.023 Thread 0x000002144be6df20 Thread added: 0x000002146dbbd530
Event: 0.023 Thread 0x000002144be6df20 Thread added: 0x000002146dbc0db0
Event: 0.023 Thread 0x000002144be6df20 Thread added: 0x000002146dbc4b20
Event: 0.023 Thread 0x000002144be6df20 Thread added: 0x000002146dbc5920
Event: 0.023 Thread 0x000002144be6df20 Thread added: 0x000002146dbc7db0
Event: 0.023 Thread 0x000002144be6df20 Thread added: 0x000002146dbd24f0
Event: 0.024 Thread 0x000002144be6df20 Thread added: 0x000002146dbdb020
Event: 0.024 Thread 0x000002144be6df20 Thread added: 0x000002146dbdc880
Event: 0.042 Thread 0x000002144be6df20 Thread added: 0x000002146dbd38a0
Event: 0.044 Thread 0x000002144be6df20 Thread added: 0x000002146dbd2b80
Event: 0.153 Thread 0x000002146dbdc880 Thread added: 0x00000214723ec720
Event: 0.400 Thread 0x00000214723ec720 Thread exited: 0x00000214723ec720
Event: 0.444 Thread 0x000002146dbdc880 Thread added: 0x0000021472bfe350
Event: 0.553 Thread 0x0000021472bfe350 Thread exited: 0x0000021472bfe350
Event: 0.835 Thread 0x000002144be6df20 Thread added: 0x000002146dbd3f30
Event: 0.852 Thread 0x000002146dbdb020 Thread added: 0x00000214788a00a0
Event: 1.094 Thread 0x00000214788a00a0 Thread exited: 0x00000214788a00a0


Dynamic libraries:
0x00007ff655110000 - 0x00007ff65511e000 	C:\Program Files\Eclipse Adoptium\jdk-21.0.9.10-hotspot\bin\java.exe
0x00007ffe8a780000 - 0x00007ffe8a9e7000 	C:\WINDOWS\SYSTEM32\ntdll.dll
0x00007ffe88de0000 - 0x00007ffe88ea9000 	C:\WINDOWS\System32\KERNEL32.DLL
0x00007ffe87f30000 - 0x00007ffe8831f000 	C:\WINDOWS\System32\KERNELBASE.dll
0x00007ffe87de0000 - 0x00007ffe87f2b000 	C:\WINDOWS\System32\ucrtbase.dll
0x00007ffe80410000 - 0x00007ffe8042e000 	C:\Program Files\Eclipse Adoptium\jdk-21.0.9.10-hotspot\bin\VCRUNTIME140.dll
0x00007ffe7a740000 - 0x00007ffe7a758000 	C:\Program Files\Eclipse Adoptium\jdk-21.0.9.10-hotspot\bin\jli.dll
0x00007ffe88c10000 - 0x00007ffe88dd5000 	C:\WINDOWS\System32\USER32.dll
0x00007ffe884f0000 - 0x00007ffe88517000 	C:\WINDOWS\System32\win32u.dll
0x00007ffe68c80000 - 0x00007ffe68f13000 	C:\WINDOWS\WinSxS\amd64_microsoft.windows.common-controls_6595b64144ccf1df_6.0.26100.7309_none_3e05feeae336a044\COMCTL32.dll
0x00007ffe8a250000 - 0x00007ffe8a27b000 	C:\WINDOWS\System32\GDI32.dll
0x00007ffe883c0000 - 0x00007ffe884ec000 	C:\WINDOWS\System32\gdi32full.dll
0x00007ffe89040000 - 0x00007ffe890e9000 	C:\WINDOWS\System32\msvcrt.dll
0x00007ffe87d30000 - 0x00007ffe87dd3000 	C:\WINDOWS\System32\msvcp_win.dll
0x00007ffe89e90000 - 0x00007ffe89ec1000 	C:\WINDOWS\System32\IMM32.DLL
0x00007ffe848d0000 - 0x00007ffe848dc000 	C:\Program Files\Eclipse Adoptium\jdk-21.0.9.10-hotspot\bin\vcruntime140_1.dll
0x00007ffe71400000 - 0x00007ffe7148d000 	C:\Program Files\Eclipse Adoptium\jdk-21.0.9.10-hotspot\bin\msvcp140.dll
0x00007ffdf36b0000 - 0x00007ffdf4450000 	C:\Program Files\Eclipse Adoptium\jdk-21.0.9.10-hotspot\bin\server\jvm.dll
0x00007ffe889b0000 - 0x00007ffe88a64000 	C:\WINDOWS\System32\ADVAPI32.dll
0x00007ffe89460000 - 0x00007ffe89506000 	C:\WINDOWS\System32\sechost.dll
0x00007ffe89d10000 - 0x00007ffe89e28000 	C:\WINDOWS\System32\RPCRT4.dll
0x00007ffe89120000 - 0x00007ffe89194000 	C:\WINDOWS\System32\WS2_32.dll
0x00007ffe87580000 - 0x00007ffe875de000 	C:\WINDOWS\SYSTEM32\POWRPROF.dll
0x00007ffe7a760000 - 0x00007ffe7a795000 	C:\WINDOWS\SYSTEM32\WINMM.dll
0x00007ffe80d70000 - 0x00007ffe80d7b000 	C:\WINDOWS\SYSTEM32\VERSION.dll
0x00007ffe87560000 - 0x00007ffe87574000 	C:\WINDOWS\SYSTEM32\UMPDC.dll
0x00007ffe86640000 - 0x00007ffe8665b000 	C:\WINDOWS\SYSTEM32\kernel.appcore.dll
0x00007ffe82950000 - 0x00007ffe8295a000 	C:\Program Files\Eclipse Adoptium\jdk-21.0.9.10-hotspot\bin\jimage.dll
0x00007ffe78a10000 - 0x00007ffe78c52000 	C:\WINDOWS\SYSTEM32\DBGHELP.DLL
0x00007ffe8a3b0000 - 0x00007ffe8a735000 	C:\WINDOWS\System32\combase.dll
0x00007ffe89ed0000 - 0x00007ffe89fa6000 	C:\WINDOWS\System32\OLEAUT32.dll
0x00007ffe5f530000 - 0x00007ffe5f56c000 	C:\WINDOWS\SYSTEM32\dbgcore.DLL
0x00007ffe878d0000 - 0x00007ffe87975000 	C:\WINDOWS\System32\bcryptPrimitives.dll
0x00007ffe721a0000 - 0x00007ffe721c0000 	C:\Program Files\Eclipse Adoptium\jdk-21.0.9.10-hotspot\bin\java.dll
0x00007ffe89530000 - 0x00007ffe89c83000 	C:\WINDOWS\System32\SHELL32.dll
0x00007ffe87980000 - 0x00007ffe87aea000 	C:\WINDOWS\System32\wintypes.dll
0x00007ffe854b0000 - 0x00007ffe85d0e000 	C:\WINDOWS\SYSTEM32\windows.storage.dll
0x00007ffe88eb0000 - 0x00007ffe88fa5000 	C:\WINDOWS\System32\SHCORE.dll
0x00007ffe8a340000 - 0x00007ffe8a3a6000 	C:\WINDOWS\System32\shlwapi.dll
0x00007ffe877f0000 - 0x00007ffe87819000 	C:\WINDOWS\SYSTEM32\profapi.dll
0x00007ffe68560000 - 0x00007ffe68637000 	C:\Program Files\Eclipse Adoptium\jdk-21.0.9.10-hotspot\bin\jsvml.dll
0x00007ffe822d0000 - 0x00007ffe822e0000 	C:\Program Files\Eclipse Adoptium\jdk-21.0.9.10-hotspot\bin\net.dll
0x00007ffe81970000 - 0x00007ffe81a98000 	C:\WINDOWS\SYSTEM32\WINHTTP.dll
0x00007ffe86b90000 - 0x00007ffe86bfb000 	C:\WINDOWS\system32\mswsock.dll
0x00007ffe713e0000 - 0x00007ffe713f6000 	C:\Program Files\Eclipse Adoptium\jdk-21.0.9.10-hotspot\bin\nio.dll
0x00007ffe713c0000 - 0x00007ffe713d8000 	C:\Program Files\Eclipse Adoptium\jdk-21.0.9.10-hotspot\bin\zip.dll
0x00007ffe561c0000 - 0x00007ffe5623b000 	C:\Users\akopa\AppData\Local\Temp\lwjgl_akopa\3.3.3+5\x64\lwjgl.dll
0x00007ffe55690000 - 0x00007ffe55712000 	C:\Users\akopa\AppData\Local\Temp\lwjgl_akopa\3.3.3+5\x64\glfw.dll
0x00007ffe4ca00000 - 0x00007ffe4ca4b000 	C:\WINDOWS\SYSTEM32\dinput8.dll
0x00007ffe6cf60000 - 0x00007ffe6cf7c000 	C:\WINDOWS\SYSTEM32\xinput1_4.dll
0x00007ffe87480000 - 0x00007ffe874d7000 	C:\WINDOWS\SYSTEM32\cfgmgr32.dll
0x00007ffe874e0000 - 0x00007ffe8750d000 	C:\WINDOWS\SYSTEM32\DEVOBJ.dll
0x00007ffe84dd0000 - 0x00007ffe84e00000 	C:\WINDOWS\SYSTEM32\dwmapi.dll
0x00007ffe63bc0000 - 0x00007ffe63da5000 	C:\WINDOWS\SYSTEM32\inputhost.dll
0x00007ffe84530000 - 0x00007ffe84657000 	C:\WINDOWS\SYSTEM32\CoreMessaging.dll
0x00007ffe84b40000 - 0x00007ffe84beb000 	C:\WINDOWS\system32\uxtheme.dll
0x00007ffe86de0000 - 0x00007ffe86dec000 	C:\WINDOWS\SYSTEM32\CRYPTBASE.DLL
0x00007ffe892a0000 - 0x00007ffe893fe000 	C:\WINDOWS\System32\MSCTF.dll
0x00007ffe4a560000 - 0x00007ffe4a670000 	C:\WINDOWS\SYSTEM32\opengl32.dll
0x00007ffe608a0000 - 0x00007ffe608cd000 	C:\WINDOWS\SYSTEM32\GLU32.dll
0x00007ffe84c20000 - 0x00007ffe84c64000 	C:\WINDOWS\SYSTEM32\dxcore.dll
0x00007ffe71c60000 - 0x00007ffe71c7a000 	C:\WINDOWS\SYSTEM32\windows.staterepositorycore.dll
0x00007ffdee0f0000 - 0x00007ffdf0a15000 	C:\WINDOWS\System32\DriverStore\FileRepository\nv_dispi.inf_amd64_4646b47d9477048e\nvoglv64.dll
0x00007ffe88520000 - 0x00007ffe889aa000 	C:\WINDOWS\System32\SETUPAPI.dll
0x00007ffe88a70000 - 0x00007ffe88c07000 	C:\WINDOWS\System32\ole32.dll
0x00007ffe85020000 - 0x00007ffe85049000 	C:\WINDOWS\SYSTEM32\WTSAPI32.dll
0x00007ffe87bb0000 - 0x00007ffe87d27000 	C:\WINDOWS\System32\CRYPT32.dll
0x00007ffe868e0000 - 0x00007ffe86929000 	C:\WINDOWS\SYSTEM32\SspiCli.dll
0x00007ffe86fe0000 - 0x00007ffe86ff3000 	C:\WINDOWS\SYSTEM32\msasn1.dll
0x00007ffe807b0000 - 0x00007ffe807eb000 	C:\WINDOWS\SYSTEM32\cryptnet.dll
0x00007ffe86e80000 - 0x00007ffe86ee5000 	C:\WINDOWS\SYSTEM32\wldp.dll
0x00007ffe80570000 - 0x00007ffe806eb000 	C:\WINDOWS\SYSTEM32\drvstore.dll
0x00007ffe88330000 - 0x00007ffe883b0000 	C:\WINDOWS\System32\WINTRUST.dll
0x00007ffe86760000 - 0x00007ffe86796000 	C:\WINDOWS\SYSTEM32\ntmarta.dll
0x00007ffe890f0000 - 0x00007ffe89110000 	C:\WINDOWS\System32\imagehlp.dll
0x00007ffe86f80000 - 0x00007ffe86f9b000 	C:\WINDOWS\System32\CRYPTSP.dll
0x00007ffe865a0000 - 0x00007ffe865da000 	C:\WINDOWS\system32\rsaenh.dll
0x00007ffe877c0000 - 0x00007ffe877ea000 	C:\WINDOWS\System32\bcrypt.dll
0x00007ffe7b700000 - 0x00007ffe803ff000 	C:\WINDOWS\System32\DriverStore\FileRepository\nv_dispi.inf_amd64_4646b47d9477048e\nvgpucomp64.dll
0x00007ffe3bbe0000 - 0x00007ffe3bd27000 	C:\WINDOWS\system32\nvspcap64.dll
0x00007ffe87410000 - 0x00007ffe87474000 	C:\WINDOWS\SYSTEM32\WINSTA.dll
0x00007ffe65300000 - 0x00007ffe65448000 	C:\WINDOWS\SYSTEM32\textinputframework.dll
0x00007ffe5d2a0000 - 0x00007ffe5d2fe000 	C:\Users\akopa\AppData\Local\Temp\lwjgl_akopa\3.3.3+5\x64\lwjgl_opengl.dll
0x00007ffe72bf0000 - 0x00007ffe72c00000 	C:\Program Files\Eclipse Adoptium\jdk-21.0.9.10-hotspot\bin\verify.dll
0x00007ffe54f30000 - 0x00007ffe54fb2000 	C:\Users\akopa\AppData\Local\Temp\lwjgl_akopa\3.3.3+5\x64\lwjgl_stb.dll
0x00007ffdf89b0000 - 0x00007ffdf8b3f000 	C:\Program Files\Eclipse Adoptium\jdk-21.0.9.10-hotspot\bin\awt.dll
0x00007ffe84940000 - 0x00007ffe849df000 	C:\WINDOWS\SYSTEM32\apphelp.dll
0x00007ffe86c40000 - 0x00007ffe86c6b000 	C:\WINDOWS\SYSTEM32\USERENV.dll
0x00007ffe86030000 - 0x00007ffe86064000 	C:\WINDOWS\SYSTEM32\IPHLPAPI.DLL
0x00007ffe8a1c0000 - 0x00007ffe8a1ca000 	C:\WINDOWS\System32\NSI.dll

JVMTI agents: none

dbghelp: loaded successfully - version: 4.0.5 - missing functions: none
symbol engine: initialized successfully - sym options: 0x614 - pdb path: .;C:\Program Files\Eclipse Adoptium\jdk-21.0.9.10-hotspot\bin;C:\WINDOWS\SYSTEM32;C:\WINDOWS\WinSxS\amd64_microsoft.windows.common-controls_6595b64144ccf1df_6.0.26100.7309_none_3e05feeae336a044;C:\Program Files\Eclipse Adoptium\jdk-21.0.9.10-hotspot\bin\server;C:\Users\akopa\AppData\Local\Temp\lwjgl_akopa\3.3.3+5\x64;C:\WINDOWS\System32\DriverStore\FileRepository\nv_dispi.inf_amd64_4646b47d9477048e

VM Arguments:
jvm_args: -XX:+UseG1GC -XX:+UnlockExperimentalVMOptions -XX:G1NewSizePercent=20 -XX:G1ReservePercent=20 -XX:MaxGCPauseMillis=50 -XX:G1HeapRegionSize=32M --enable-preview -Xms1g -Xmx4g -Dfile.encoding=UTF-8 -Duser.country=RU -Duser.language=ru -Duser.variant 
java_command: com.za.minecraft.Application
java_class_path (initial): C:\Users\akopa\IdeaProjects\MinecraftButBetter\build\classes\java\main;C:\Users\akopa\IdeaProjects\MinecraftButBetter\build\resources\main;C:\Users\akopa\.gradle\caches\modules-2\files-2.1\org.lwjgl\lwjgl-glfw\3.3.3\efa1eb78c5ccd840e9f329717109b5e892d72f8e\lwjgl-glfw-3.3.3.jar;C:\Users\akopa\.gradle\caches\modules-2\files-2.1\org.lwjgl\lwjgl-glfw\3.3.3\e449e28b4891fc423c54c85fbc5bb0b9efece67a\lwjgl-glfw-3.3.3-natives-windows.jar;C:\Users\akopa\.gradle\caches\modules-2\files-2.1\org.lwjgl\lwjgl-openal\3.3.3\daada81ceb5fc0c291fbfdd4433cb8d9423577f2\lwjgl-openal-3.3.3.jar;C:\Users\akopa\.gradle\caches\modules-2\files-2.1\org.lwjgl\lwjgl-openal\3.3.3\cf83862ae95d98496b26915024c7e666d8ab1c8f\lwjgl-openal-3.3.3-natives-windows.jar;C:\Users\akopa\.gradle\caches\modules-2\files-2.1\org.lwjgl\lwjgl-opengl\3.3.3\2f6b0147078396a58979125a4c947664e98293a\lwjgl-opengl-3.3.3.jar;C:\Users\akopa\.gradle\caches\modules-2\files-2.1\org.lwjgl\lwjgl-opengl\3.3.3\e6c1eec8be8a71951b830a4d69efc01c6531900c\lwjgl-opengl-3.3.3-natives-windows.jar;C:\Users\akopa\.gradle\caches\modules-2\files-2.1\org.lwjgl\lwjgl-stb\3.3.3\25dd6161988d7e65f71d5065c99902402ee32746\lwjgl-stb-3.3.3.jar;C:\Users\akopa\.gradle\caches\modules-2\files-2.1\org.lwjgl\lwjgl-stb\3.3.3\1d9facdf6541de114b0f963be33505b7679c78cb\lwjgl-stb-3.3.3-natives-windows.jar;C:\Users\akopa\.gradle\caches\modules-2\files-2.1\org.lwjgl\lwjgl\3.3.3\29589b5f87ed335a6c7e7ee6a5775f81f97ecb84\lwjgl-3.3.3.jar;C:\Users\akopa\.gradle\caches\modules-2\files-2.1\org.lwjgl\lwjgl\3.3.3\a5ed18a2b82fc91b81f40d717cb1f64c9dcb0540\lwjgl-3.3.3-natives-windows.jar;C:\Users\akopa\.gradle\caches\modules-2\files-2.1\org.joml\joml\1.10.5\22566d58af70ad3d72308bab63b8339906deb649\joml-1.10.5.jar;C:\Users\akopa\.gradle\caches\modules-2\files-2.1\com.google.code.gson\gson\2.10.1\b3add478d4382b78ea20b1671390a858002feb6c\gson-2.10.1.jar;C:\Users\akopa\.gradle\caches\modules-2\files-2.1\com.esotericsoftware\kryonet\2.22.0-RC1\2f25f7250a3096a8d1b8182946f6572d90d280d0\kryonet-2.22.0-RC1.jar;C:\Users\akopa\.gradle\caches\modules-2\files-2.1\com.esotericsoftware.kryo\kryo\2.24.0\c6b206e80cfd97e66a1364003724491c757b92f\kryo-2.24.0.jar;C:\Users\akopa\.gradle\caches\modules-2\files-2.1\com.esotericsoftware\jsonbeans\0.7\de977f0875708eddd154f2a4c3a3f58a13ef297\jsonbeans-0.7.jar;C:\Users\akopa\.gradle\caches\modules-2\files-2.1\com.esotericsoftware.minlog\minlog\1.2\59bfcd171d82f9981a5e242b9e840191f650e209\minlog-1.2.jar;C:\Users\akopa\.gradle\caches\modules-2\files-2.1\org.objenesis\objenesis\2.1\87c0ea803b69252868d09308b4618f766f135a96\objenesis-2.1.jar
Launcher Type: SUN_STANDARD

[Global flags]
     intx CICompilerCount                          = 4                                         {product} {ergonomic}
     uint ConcGCThreads                            = 3                                         {product} {ergonomic}
     uint G1ConcRefinementThreads                  = 10                                        {product} {ergonomic}
     uint G1EagerReclaimRemSetThreshold            = 256                                  {experimental} {ergonomic}
   size_t G1HeapRegionSize                         = 33554432                                  {product} {command line}
    uintx G1NewSizePercent                         = 20                                   {experimental} {command line}
     uint G1RemSetArrayOfCardsEntries              = 256                                  {experimental} {ergonomic}
     uint G1RemSetHowlMaxNumBuckets                = 8                                    {experimental} {ergonomic}
     uint G1RemSetHowlNumBuckets                   = 8                                    {experimental} {ergonomic}
    uintx G1ReservePercent                         = 20                                        {product} {command line}
    uintx GCDrainStackTargetSize                   = 64                                        {product} {ergonomic}
   size_t InitialHeapSize                          = 1073741824                                {product} {command line}
   size_t MarkStackSize                            = 4194304                                   {product} {ergonomic}
    uintx MaxGCPauseMillis                         = 50                                        {product} {command line}
   size_t MaxHeapSize                              = 4294967296                                {product} {command line}
   size_t MaxNewSize                               = 2550136832                                {product} {ergonomic}
   size_t MinHeapDeltaBytes                        = 33554432                                  {product} {ergonomic}
   size_t MinHeapSize                              = 1073741824                                {product} {command line}
    uintx NonNMethodCodeHeapSize                   = 5839372                                {pd product} {ergonomic}
    uintx NonProfiledCodeHeapSize                  = 122909434                              {pd product} {ergonomic}
    uintx ProfiledCodeHeapSize                     = 122909434                              {pd product} {ergonomic}
    uintx ReservedCodeCacheSize                    = 251658240                              {pd product} {ergonomic}
     bool SegmentedCodeCache                       = true                                      {product} {ergonomic}
   size_t SoftMaxHeapSize                          = 4294967296                             {manageable} {ergonomic}
     bool UnlockExperimentalVMOptions              = true                                 {experimental} {command line}
     bool UseCompressedOops                        = true                           {product lp64_product} {ergonomic}
     bool UseG1GC                                  = true                                      {product} {command line}
     bool UseLargePagesIndividualAllocation        = false                                  {pd product} {ergonomic}

Logging:
Log output configuration:
 #0: stdout all=warning uptime,level,tags foldmultilines=false
 #1: stderr all=off uptime,level,tags foldmultilines=false

Release file:
IMPLEMENTOR="Eclipse Adoptium" 
IMPLEMENTOR_VERSION="Temurin-21.0.9+10" 
JAVA_RUNTIME_VERSION="21.0.9+10-LTS" 
JAVA_VERSION="21.0.9" 
JAVA_VERSION_DATE="2025-10-21" 
LIBC="default" 
MODULES="java.base java.compiler java.datatransfer java.xml java.prefs java.desktop java.instrument java.logging java.management java.security.sasl java.naming java.rmi java.management.rmi java.net.http java.scripting java.security.jgss java.transaction.xa java.sql java.sql.rowset java.xml.crypto java.se java.smartcardio jdk.accessibility jdk.internal.jvmstat jdk.attach jdk.charsets jdk.internal.opt jdk.zipfs jdk.compiler jdk.crypto.ec jdk.crypto.cryptoki jdk.crypto.mscapi jdk.dynalink jdk.internal.ed jdk.editpad jdk.hotspot.agent jdk.httpserver jdk.incubator.vector jdk.internal.le jdk.internal.vm.ci jdk.internal.vm.compiler jdk.internal.vm.compiler.management jdk.jartool jdk.javadoc jdk.jcmd jdk.management jdk.management.agent jdk.jconsole jdk.jdeps jdk.jdwp.agent jdk.jdi jdk.jfr jdk.jlink jdk.jpackage jdk.jshell jdk.jsobject jdk.jstatd jdk.localedata jdk.management.jfr jdk.naming.dns jdk.naming.rmi jdk.net jdk.nio.mapmode jdk.random jdk.sctp jdk.security.auth jdk.security.jgss jdk.unsupported jdk.unsupported.desktop jdk.xml.dom" 
OS_ARCH="x86_64" 
OS_NAME="Windows" 
SOURCE=".:git:759062135b07" 
BUILD_SOURCE="git:839fa0b45d809157cffd3dc8515aad262a4a1776"
BUILD_SOURCE_REPO="https://github.com/adoptium/temurin-build.git"
SOURCE_REPO="https://github.com/adoptium/jdk21u.git"
FULL_VERSION="21.0.9+10-LTS"
SEMANTIC_VERSION="21.0.9+10"
BUILD_INFO="OS: Windows Server 2022 Version: 10.0"
JVM_VARIANT="Hotspot"
JVM_VERSION="21.0.9+10-LTS"
IMAGE_TYPE="JDK"

Environment Variables:
CLASSPATH=C:\Users\akopa\IdeaProjects\MinecraftButBetter\\gradle\wrapper\gradle-wrapper.jar
PATH=C:\Program Files (x86)\Common Files\Intel\Shared Libraries\redist\intel64\compiler;C:\Program Files\Eclipse Adoptium\jdk-21.0.9.10-hotspot\bin;C:\WINDOWS\system32;C:\WINDOWS;C:\WINDOWS\System32\Wbem;C:\WINDOWS\System32\WindowsPowerShell\v1.0\;C:\WINDOWS\System32\OpenSSH\;C:\Program Files\NVIDIA Corporation\NVIDIA App\NvDLISR;C:\Program Files (x86)\NVIDIA Corporation\PhysX\Common;C:\Program Files\Cloudflare\Cloudflare WARP\;C:\Program Files\Git\cmd;C:\Program Files\cursor\resources\app\bin;C:\Program Files\nodejs\;C:\Program Files\Docker\Docker\resources\bin;C:\Program Files\Git LFS;C:\Users\akopa\.cargo\bin;C:\Users\akopa\.local\bin;C:\Users\akopa\AppData\Local\Microsoft\WindowsApps;C:\Program Files\JetBrains\IntelliJ IDEA 2025.3.1\bin;C:\Users\akopa\AppData\Roaming\npm
USERNAME=akopa
LANG=en_US.UTF-8
OS=Windows_NT
PROCESSOR_IDENTIFIER=AMD64 Family 25 Model 33 Stepping 2, AuthenticAMD
TMP=C:\Users\akopa\AppData\Local\Temp
TEMP=C:\Users\akopa\AppData\Local\Temp




Periodic native trim disabled

---------------  S Y S T E M  ---------------

OS:
 Windows 11 , 64 bit Build 26100 (10.0.26100.7309)
OS uptime: 0 days 5:16 hours
Hyper-V role detected

CPU: total 12 (initial active 12) (12 cores per cpu, 2 threads per core) family 25 model 33 stepping 2 microcode 0xa20120e, cx8, cmov, fxsr, ht, mmx, 3dnowpref, sse, sse2, sse3, ssse3, sse4a, sse4.1, sse4.2, popcnt, lzcnt, tsc, tscinvbit, avx, avx2, aes, erms, clmul, bmi1, bmi2, adx, sha, fma, vzeroupper, clflush, clflushopt, hv, rdtscp, rdpid, fsrm, f16c, cet_ss
Processor Information for the first 12 processors :
  Max Mhz: 3701, Current Mhz: 3701, Mhz Limit: 3701

Memory: 4k page, system-wide physical 16310M (5431M free)
TotalPageFile size 23734M (AvailPageFile size 7102M)
current process WorkingSet (physical memory assigned to process): 627M, peak: 627M
current process commit charge ("private bytes"): 1250M, peak: 1250M

vm_info: OpenJDK 64-Bit Server VM (21.0.9+10-LTS) for windows-amd64 JRE (21.0.9+10-LTS), built on 2025-10-21T00:00:00Z by "admin" with unknown MS VC++:1942

END.
