#
# A fatal error has been detected by the Java Runtime Environment:
#
#  EXCEPTION_ACCESS_VIOLATION (0xc0000005) at pc=0x00007ffe62f82431, pid=21040, tid=15068
#
# JRE version: OpenJDK Runtime Environment Temurin-21.0.9+10 (21.0.9+10) (build 21.0.9+10-LTS)
# Java VM: OpenJDK 64-Bit Server VM Temurin-21.0.9+10 (21.0.9+10-LTS, mixed mode, sharing, tiered, compressed oops, compressed class ptrs, g1 gc, windows-amd64)
# Problematic frame:
# V  [jvm.dll+0x6b2431]
#
# No core dump will be written. Minidumps are not enabled by default on client versions of Windows
#
# If you would like to submit a bug report, please visit:
#   https://github.com/adoptium/adoptium-support/issues
#

---------------  S U M M A R Y ------------

Command Line: --add-opens=java.base/java.lang=ALL-UNNAMED --add-opens=java.base/java.lang.invoke=ALL-UNNAMED --add-opens=java.base/java.util=ALL-UNNAMED --add-opens=java.prefs/java.util.prefs=ALL-UNNAMED --add-exports=jdk.compiler/com.sun.tools.javac.api=ALL-UNNAMED --add-exports=jdk.compiler/com.sun.tools.javac.util=ALL-UNNAMED --add-opens=java.base/java.util=ALL-UNNAMED --add-opens=java.prefs/java.util.prefs=ALL-UNNAMED --add-opens=java.base/java.nio.charset=ALL-UNNAMED --add-opens=java.base/java.net=ALL-UNNAMED --add-opens=java.base/java.util.concurrent.atomic=ALL-UNNAMED --add-opens=java.xml/javax.xml.namespace=ALL-UNNAMED -XX:MaxMetaspaceSize=384m -XX:+HeapDumpOnOutOfMemoryError -Xms256m -Xmx512m -Dfile.encoding=UTF-8 -Duser.country=RU -Duser.language=ru -Duser.variant -javaagent:C:\Users\akopa\.gradle\wrapper\dists\gradle-8.14-bin\38aieal9i53h9rfe7vjup95b9\gradle-8.14\lib\agents\gradle-instrumentation-agent-8.14.jar org.gradle.launcher.daemon.bootstrap.GradleDaemon 8.14

Host: AMD Ryzen 5 5600X 6-Core Processor             , 12 cores, 15G,  Windows 11 , 64 bit Build 26100 (10.0.26100.7309)
Time: Thu Apr 23 11:11:20 2026 elapsed time: 3.025637 seconds (0d 0h 0m 3s)

---------------  T H R E A D  ---------------

Current thread (0x0000026a713ee680):  JavaThread "C2 CompilerThread1" daemon [_thread_in_native, id=15068, stack(0x0000009c4f800000,0x0000009c4f900000) (1024K)]


Current CompileTask:
C2:3025 2691   !   4       java.lang.ClassLoader::loadClass (121 bytes)

Stack: [0x0000009c4f800000,0x0000009c4f900000],  sp=0x0000009c4f8fc9d0,  free space=1010k
Native frames: (J=compiled Java code, j=interpreted, Vv=VM code, C=native code)
V  [jvm.dll+0x6b2431]
V  [jvm.dll+0x7235ee]
V  [jvm.dll+0x723c0a]
V  [jvm.dll+0x721a94]
V  [jvm.dll+0x1e3a71]
V  [jvm.dll+0x24c0f3]
V  [jvm.dll+0x24b580]
V  [jvm.dll+0x1cb13e]
V  [jvm.dll+0x25b29d]
V  [jvm.dll+0x25982a]
V  [jvm.dll+0x3f7ea6]
V  [jvm.dll+0x85e9ad]
V  [jvm.dll+0x6d565d]
C  [ucrtbase.dll+0x37b0]
C  [KERNEL32.DLL+0x2e8d7]
C  [ntdll.dll+0x8c53c]


siginfo: EXCEPTION_ACCESS_VIOLATION (0xc0000005), reading address 0x0000026b74617bc8


Registers:
RAX=0x0000000020000007, RBX=0x0000026a740f52c0, RCX=0x0000026a740f52c0, RDX=0x0000000020000008
RSP=0x0000009c4f8fc9d0, RBP=0x0000026a746994f8, RSI=0x0000026a7112e8f0, RDI=0x0000000000000001
R8 =0x0000026a7112e8f0, R9 =0x0000000020000008, R10=0x0000026a74617b90, R11=0x0000000000000000
R12=0x0000000000000001, R13=0x0000009c4f8fd240, R14=0x0000000000000000, R15=0x0000026a7112e8f0
RIP=0x00007ffe62f82431, EFLAGS=0x0000000000010202

XMM[0]=0x0000000000000000 0x0000000000000000
XMM[1]=0x0000026a7542f5c0 0x0000026a740f2a80
XMM[2]=0x0000026a7542ea00 0x0000026a7112d5b0
XMM[3]=0x0000000000000000 0x0000000000000000
XMM[4]=0x0000000000000000 0x0000000000000000
XMM[5]=0x0000026a746960c0 0x0000026a74696188
XMM[6]=0x0000026a71400090 0x0000159b00000000
XMM[7]=0x0000000000000000 0x0000009c4f8fcf70
XMM[8]=0x0000000000000000 0x4087700000000000
XMM[9]=0x0000000000000000 0x0000000000000000
XMM[10]=0x0000000000000000 0x0000000000000000
XMM[11]=0x0000000000000000 0x0000000000000000
XMM[12]=0x0000000000000000 0x0000000000000000
XMM[13]=0x0000000000000000 0x0000000000000000
XMM[14]=0x0000000000000000 0x0000000000000000
XMM[15]=0x0000000000000000 0x0000000000000000
  MXCSR=0x00001fa0


Register to memory mapping:

RAX=0x0000000020000007 is an unknown value
RBX=0x0000026a740f52c0 points into unknown readable memory: 0x0000009c4f8fe980 | 80 e9 8f 4f 9c 00 00 00
RCX=0x0000026a740f52c0 points into unknown readable memory: 0x0000009c4f8fe980 | 80 e9 8f 4f 9c 00 00 00
RDX=0x0000000020000008 is an unknown value
RSP=0x0000009c4f8fc9d0 is pointing into the stack for thread: 0x0000026a713ee680
RBP=0x0000026a746994f8 points into unknown readable memory: 0x00007ffe63281238 | 38 12 28 63 fe 7f 00 00
RSI=0x0000026a7112e8f0 points into unknown readable memory: 0x00007ffe63281238 | 38 12 28 63 fe 7f 00 00
RDI=0x0000000000000001 is an unknown value
R8 =0x0000026a7112e8f0 points into unknown readable memory: 0x00007ffe63281238 | 38 12 28 63 fe 7f 00 00
R9 =0x0000000020000008 is an unknown value
R10=0x0000026a74617b90 points into unknown readable memory: 0x0000026a740f5240 | 40 52 0f 74 6a 02 00 00
R11=0x0 is null
R12=0x0000000000000001 is an unknown value
R13=0x0000009c4f8fd240 is pointing into the stack for thread: 0x0000026a713ee680
R14=0x0 is null
R15=0x0000026a7112e8f0 points into unknown readable memory: 0x00007ffe63281238 | 38 12 28 63 fe 7f 00 00

Top of Stack: (sp=0x0000009c4f8fc9d0)
0x0000009c4f8fc9d0:   0000000000000000 00007ffe62f80e9e
0x0000009c4f8fc9e0:   0000026a7112e8f0 0000026a746994f8
0x0000009c4f8fc9f0:   0000000000000001 00007ffe62ff35ee
0x0000009c4f8fca00:   0000000000000007 0000026a740f52b0
0x0000009c4f8fca10:   0000000000000003 0000000000000002
0x0000009c4f8fca20:   0000000000000003 0000009c4f8fcdd8
0x0000009c4f8fca30:   0000026a740f52b0 00007ffe62ff3c0a
0x0000009c4f8fca40:   0000009c4f8fd240 0000026a746994f8
0x0000009c4f8fca50:   0000026a7112e8f0 0000000000000001
0x0000009c4f8fca60:   00000000000015c8 00007ffe62ee88a2
0x0000009c4f8fca70:   0000000000000003 0000000000000002
0x0000009c4f8fca80:   0000000000000000 0000026a74686ab0
0x0000009c4f8fca90:   0000026a746994f8 00007ffe62ff1a94
0x0000009c4f8fcaa0:   0000000000000007 0000009c4f8fcba0
0x0000009c4f8fcab0:   0000026a740f52b0 0000009c00000001
0x0000009c4f8fcac0:   0000009c4f8fcdd8 0000009c4f8fcb50
0x0000009c4f8fcad0:   0000026a00000003 0000026a711de720
0x0000009c4f8fcae0:   0000026a74bf4280 0000009c4f8fcb01
0x0000009c4f8fcaf0:   0000000000000017 0000000000000000
0x0000009c4f8fcb00:   0000000400000004 0000009c0000159b
0x0000009c4f8fcb10:   0000026a740f52b0 0000000200000003
0x0000009c4f8fcb20:   0000026a7143f150 00000000000000d4
0x0000009c4f8fcb30:   00007ffe00000008 0000000000000000
0x0000009c4f8fcb40:   0000026a756c26f0 0000026a74bf4280
0x0000009c4f8fcb50:   0000159b00000000 0000026a71400090
0x0000009c4f8fcb60:   0000009c4f8fcf70 ffffffffffffffff
0x0000009c4f8fcb70:   0000026a74686ab0 0000026a73090ea0
0x0000009c4f8fcb80:   000000160000001f 0000026a74bf4920
0x0000009c4f8fcb90:   0000026a73097600 0000159b000000d4
0x0000009c4f8fcba0:   0000026a7143f150 0000009c4f8fcf70
0x0000009c4f8fcbb0:   0000026a73094250 0000026a711de720
0x0000009c4f8fcbc0:   0000159b00000000 0000026a71400090 

Instructions: (pc=0x00007ffe62f82431)
0x00007ffe62f82331:   48 8b 74 24 38 48 83 c4 20 5f c3 cc cc cc cc 48
0x00007ffe62f82341:   83 ec 28 ba c5 0a 00 00 48 8d 0d c0 92 3d 00 e8
0x00007ffe62f82351:   fb 18 bd ff cc cc cc cc cc cc cc cc cc cc cc 48
0x00007ffe62f82361:   89 5c 24 08 48 89 74 24 10 57 48 83 ec 20 8b f2
0x00007ffe62f82371:   49 8b f8 33 d2 48 8b d9 e8 c2 e4 ff ff 44 8b 4b
0x00007ffe62f82381:   18 44 2b ce 41 ff c9 49 83 f9 01 72 36 4c 8b 43
0x00007ffe62f82391:   08 48 8d 56 ff 49 03 d1 44 8d 56 01 49 ff ca 4d
0x00007ffe62f823a1:   03 d1 49 8d 14 d0 4f 8d 14 d0 0f 1f 44 00 00 48
0x00007ffe62f823b1:   8b 02 48 8d 52 f8 49 89 02 4d 8d 52 f8 49 83 e9
0x00007ffe62f823c1:   01 75 ec 48 8b 43 08 48 89 3c f0 48 85 ff 74 0b
0x00007ffe62f823d1:   48 8b d3 48 8b cf e8 74 ba 9d ff 8b 0d 06 b2 63
0x00007ffe62f823e1:   00 65 48 8b 04 25 58 00 00 00 ba 70 00 00 00 48
0x00007ffe62f823f1:   8b 04 c8 80 3c 02 00 75 05 e8 61 1d 2a 00 48 8b
0x00007ffe62f82401:   5c 24 30 48 8b 74 24 38 48 83 c4 20 5f c3 cc 48
0x00007ffe62f82411:   89 5c 24 08 48 89 74 24 10 57 48 83 ec 20 4c 8b
0x00007ffe62f82421:   51 10 49 8b f0 8b fa 48 8b d9 8b 51 08 8d 42 ff
0x00007ffe62f82431:   49 83 3c c2 00 74 09 e8 f3 fa ff ff 4c 8b 53 10
0x00007ffe62f82441:   44 8b 5b 08 44 2b df 41 83 eb 01 41 8b c3 74 33
0x00007ffe62f82451:   44 8d 4f 01 49 ff c9 4c 8d 47 ff 4c 03 c8 4c 03
0x00007ffe62f82461:   c0 4f 8d 0c ca 4f 8d 04 c2 45 85 db 74 15 90 49
0x00007ffe62f82471:   8b 08 4d 8d 40 f8 49 89 09 4d 8d 49 f8 48 83 e8
0x00007ffe62f82481:   01 75 ec 48 8b 43 10 48 8b 5c 24 30 48 89 34 f8
0x00007ffe62f82491:   48 8b 74 24 38 48 83 c4 20 5f c3 cc cc cc cc 48
0x00007ffe62f824a1:   83 ec 28 8b 51 2c 83 e2 0f 83 fa 0c 74 45 83 fa
0x00007ffe62f824b1:   08 75 0a 48 8b 41 08 48 83 38 00 74 36 f6 41 30
0x00007ffe62f824c1:   50 74 29 83 fa 08 75 2b 48 8b 41 08 48 8b 08 8b
0x00007ffe62f824d1:   51 2c 8b c2 83 e0 3f 3c 27 74 11 83 e2 1f 80 fa
0x00007ffe62f824e1:   1f 75 10 e8 c7 cf b1 ff 84 c0 74 07 32 c0 48 83
0x00007ffe62f824f1:   c4 28 c3 b0 01 48 83 c4 28 c3 cc cc cc cc cc 40
0x00007ffe62f82501:   53 48 83 ec 20 48 8b 01 48 8b d9 ff 50 70 85 c0
0x00007ffe62f82511:   74 59 44 8b 53 18 41 b8 01 00 00 00 45 3b d0 76
0x00007ffe62f82521:   4a 4c 8b 5b 08 66 66 0f 1f 84 00 00 00 00 00 41 


Stack slot to memory mapping:

stack at sp + 0 slots: 0x0 is null
stack at sp + 1 slots: 0x00007ffe62f80e9e jvm.dll
stack at sp + 2 slots: 0x0000026a7112e8f0 points into unknown readable memory: 0x00007ffe63281238 | 38 12 28 63 fe 7f 00 00
stack at sp + 3 slots: 0x0000026a746994f8 points into unknown readable memory: 0x00007ffe63281238 | 38 12 28 63 fe 7f 00 00
stack at sp + 4 slots: 0x0000000000000001 is an unknown value
stack at sp + 5 slots: 0x00007ffe62ff35ee jvm.dll
stack at sp + 6 slots: 0x0000000000000007 is an unknown value
stack at sp + 7 slots: 0x0000026a740f52b0 points into unknown readable memory: 0x00007ffe632c7ae0 | e0 7a 2c 63 fe 7f 00 00


---------------  P R O C E S S  ---------------

Threads class SMR info:
_java_thread_list=0x0000026a72f8f500, length=26, elements={
0x0000026a51a73eb0, 0x0000026a71004a00, 0x0000026a71009470, 0x0000026a7100a4d0,
0x0000026a7100af20, 0x0000026a71017990, 0x0000026a710183e0, 0x0000026a7101b170,
0x0000026a7102bc10, 0x0000026a71241930, 0x0000026a712b36b0, 0x0000026a713ee680,
0x0000026a713efaf0, 0x0000026a72b52e50, 0x0000026a72b3a880, 0x0000026a72a86aa0,
0x0000026a72a823d0, 0x0000026a72a7dbd0, 0x0000026a72d39b90, 0x0000026a72d3cff0,
0x0000026a72d4bcd0, 0x0000026a72d4eac0, 0x0000026a72d4c9f0, 0x0000026a72d4c360,
0x0000026a72d4d080, 0x0000026a72d4d710
}

Java Threads: ( => current thread )
  0x0000026a51a73eb0 JavaThread "main"                              [_thread_blocked, id=23128, stack(0x0000009c4e600000,0x0000009c4e700000) (1024K)]
  0x0000026a71004a00 JavaThread "Reference Handler"          daemon [_thread_blocked, id=15020, stack(0x0000009c4ee00000,0x0000009c4ef00000) (1024K)]
  0x0000026a71009470 JavaThread "Finalizer"                  daemon [_thread_blocked, id=5340, stack(0x0000009c4ef00000,0x0000009c4f000000) (1024K)]
  0x0000026a7100a4d0 JavaThread "Signal Dispatcher"          daemon [_thread_blocked, id=22772, stack(0x0000009c4f000000,0x0000009c4f100000) (1024K)]
  0x0000026a7100af20 JavaThread "Attach Listener"            daemon [_thread_blocked, id=21640, stack(0x0000009c4f100000,0x0000009c4f200000) (1024K)]
  0x0000026a71017990 JavaThread "Service Thread"             daemon [_thread_blocked, id=6020, stack(0x0000009c4f200000,0x0000009c4f300000) (1024K)]
  0x0000026a710183e0 JavaThread "Monitor Deflation Thread"   daemon [_thread_blocked, id=17004, stack(0x0000009c4f300000,0x0000009c4f400000) (1024K)]
  0x0000026a7101b170 JavaThread "C2 CompilerThread0"         daemon [_thread_in_native, id=21624, stack(0x0000009c4f400000,0x0000009c4f500000) (1024K)]
  0x0000026a7102bc10 JavaThread "C1 CompilerThread0"         daemon [_thread_blocked, id=6072, stack(0x0000009c4f500000,0x0000009c4f600000) (1024K)]
  0x0000026a71241930 JavaThread "Common-Cleaner"             daemon [_thread_blocked, id=14956, stack(0x0000009c4f600000,0x0000009c4f700000) (1024K)]
  0x0000026a712b36b0 JavaThread "Notification Thread"        daemon [_thread_blocked, id=21308, stack(0x0000009c4f700000,0x0000009c4f800000) (1024K)]
=>0x0000026a713ee680 JavaThread "C2 CompilerThread1"         daemon [_thread_in_native, id=15068, stack(0x0000009c4f800000,0x0000009c4f900000) (1024K)]
  0x0000026a713efaf0 JavaThread "C2 CompilerThread2"         daemon [_thread_in_native, id=21212, stack(0x0000009c4f900000,0x0000009c4fa00000) (1024K)]
  0x0000026a72b52e50 JavaThread "Daemon health stats"               [_thread_blocked, id=2392, stack(0x0000009c50200000,0x0000009c50300000) (1024K)]
  0x0000026a72b3a880 JavaThread "Incoming local TCP Connector on port 65085"        [_thread_in_native, id=22628, stack(0x0000009c50300000,0x0000009c50400000) (1024K)]
  0x0000026a72a86aa0 JavaThread "Daemon periodic checks"            [_thread_blocked, id=16668, stack(0x0000009c50400000,0x0000009c50500000) (1024K)]
  0x0000026a72a823d0 JavaThread "Daemon"                            [_thread_blocked, id=20500, stack(0x0000009c50500000,0x0000009c50600000) (1024K)]
  0x0000026a72a7dbd0 JavaThread "Handler for socket connection from /127.0.0.1:65085 to /127.0.0.1:65086"        [_thread_in_native, id=21704, stack(0x0000009c50600000,0x0000009c50700000) (1024K)]
  0x0000026a72d39b90 JavaThread "Cancel handler"                    [_thread_blocked, id=14172, stack(0x0000009c50700000,0x0000009c50800000) (1024K)]
  0x0000026a72d3cff0 JavaThread "Daemon worker"                     [_thread_in_Java, id=14628, stack(0x0000009c50800000,0x0000009c50900000) (1024K)]
  0x0000026a72d4bcd0 JavaThread "Asynchronous log dispatcher for DefaultDaemonConnection: socket connection from /127.0.0.1:65085 to /127.0.0.1:65086"        [_thread_in_vm, id=7368, stack(0x0000009c50900000,0x0000009c50a00000) (1024K)]
  0x0000026a72d4eac0 JavaThread "Stdin handler"                     [_thread_blocked, id=1096, stack(0x0000009c50a00000,0x0000009c50b00000) (1024K)]
  0x0000026a72d4c9f0 JavaThread "Daemon client event forwarder"        [_thread_blocked, id=21144, stack(0x0000009c50b00000,0x0000009c50c00000) (1024K)]
  0x0000026a72d4c360 JavaThread "Cache worker for journal cache (C:\Users\akopa\.gradle\caches\journal-1)"        [_thread_blocked, id=21876, stack(0x0000009c50c00000,0x0000009c50d00000) (1024K)]
  0x0000026a72d4d080 JavaThread "File lock request listener"        [_thread_in_native, id=16020, stack(0x0000009c50d00000,0x0000009c50e00000) (1024K)]
  0x0000026a72d4d710 JavaThread "Cache worker for file hash cache (C:\Users\akopa\.gradle\caches\8.14\fileHashes)"        [_thread_blocked, id=17380, stack(0x0000009c50e00000,0x0000009c50f00000) (1024K)]
Total: 26

Other Threads:
  0x0000026a6cd67e60 VMThread "VM Thread"                           [id=9588, stack(0x0000009c4ed00000,0x0000009c4ee00000) (1024K)]
  0x0000026a6cd59c80 WatcherThread "VM Periodic Task Thread"        [id=19012, stack(0x0000009c4ec00000,0x0000009c4ed00000) (1024K)]
  0x0000026a51a9fa50 WorkerThread "GC Thread#0"                     [id=6332, stack(0x0000009c4e700000,0x0000009c4e800000) (1024K)]
  0x0000026a715fbfd0 WorkerThread "GC Thread#1"                     [id=8372, stack(0x0000009c4fa00000,0x0000009c4fb00000) (1024K)]
  0x0000026a7142e640 WorkerThread "GC Thread#2"                     [id=22516, stack(0x0000009c4fb00000,0x0000009c4fc00000) (1024K)]
  0x0000026a7142e9e0 WorkerThread "GC Thread#3"                     [id=8488, stack(0x0000009c4fc00000,0x0000009c4fd00000) (1024K)]
  0x0000026a7142ed80 WorkerThread "GC Thread#4"                     [id=22108, stack(0x0000009c4fd00000,0x0000009c4fe00000) (1024K)]
  0x0000026a713193f0 WorkerThread "GC Thread#5"                     [id=12348, stack(0x0000009c4fe00000,0x0000009c4ff00000) (1024K)]
  0x0000026a72d05c90 WorkerThread "GC Thread#6"                     [id=1240, stack(0x0000009c4ff00000,0x0000009c50000000) (1024K)]
  0x0000026a72d09260 WorkerThread "GC Thread#7"                     [id=6672, stack(0x0000009c50000000,0x0000009c50100000) (1024K)]
  0x0000026a72bbf7a0 WorkerThread "GC Thread#8"                     [id=8368, stack(0x0000009c50100000,0x0000009c50200000) (1024K)]
  0x0000026a51aa6160 ConcurrentGCThread "G1 Main Marker"            [id=21016, stack(0x0000009c4e800000,0x0000009c4e900000) (1024K)]
  0x0000026a51aa79f0 WorkerThread "G1 Conc#0"                       [id=3272, stack(0x0000009c4e900000,0x0000009c4ea00000) (1024K)]
  0x0000026a6cc31270 ConcurrentGCThread "G1 Refine#0"               [id=21132, stack(0x0000009c4ea00000,0x0000009c4eb00000) (1024K)]
  0x0000026a6cc31a90 ConcurrentGCThread "G1 Service"                [id=16096, stack(0x0000009c4eb00000,0x0000009c4ec00000) (1024K)]
Total: 15

Threads with active compile tasks:
C2 CompilerThread0  3111 2837       4       jdk.internal.org.objectweb.asm.SymbolTable::addConstantMemberReference (147 bytes)
C2 CompilerThread1  3111 2691   !   4       java.lang.ClassLoader::loadClass (121 bytes)
C2 CompilerThread2  3111 2729       4       java.lang.invoke.MethodType::makeImpl (109 bytes)
Total: 3

VM state: not at safepoint (normal execution)

VM Mutex/Monitor currently owned by a thread: None

Heap address: 0x00000000e0000000, size: 512 MB, Compressed Oops mode: 32-bit

CDS archive(s) mapped at: [0x0000026a00000000-0x0000026a00c80000-0x0000026a00c80000), size 13107200, SharedBaseAddress: 0x0000026a00000000, ArchiveRelocationMode: 1.
Compressed class space mapped at: 0x0000026a01000000-0x0000026a15000000, reserved size: 335544320
Narrow klass base: 0x0000026a00000000, Narrow klass shift: 0, Narrow klass range: 0x100000000

GC Precious Log:
 CardTable entry size: 512
 Card Set container configuration: InlinePtr #cards 5 size 8 Array Of Cards #cards 12 size 40 Howl #buckets 4 coarsen threshold 1843 Howl Bitmap #cards 512 size 80 coarsen threshold 460 Card regions per heap region 1 cards per card region 2048
 CPUs: 12 total, 12 available
 Memory: 16310M
 Large Page Support: Disabled
 NUMA Support: Disabled
 Compressed Oops: Enabled (32-bit)
 Heap Region Size: 1M
 Heap Min Capacity: 256M
 Heap Initial Capacity: 256M
 Heap Max Capacity: 512M
 Pre-touch: Disabled
 Parallel Workers: 10
 Concurrent Workers: 3
 Concurrent Refinement Workers: 10
 Periodic GC: Disabled

Heap:
 garbage-first heap   total 262144K, used 75368K [0x00000000e0000000, 0x0000000100000000)
  region size 1024K, 63 young (64512K), 6 survivors (6144K)
 Metaspace       used 17147K, committed 17664K, reserved 393216K
  class space    used 2398K, committed 2624K, reserved 327680K

Heap Regions: E=young(eden), S=young(survivor), O=old, HS=humongous(starts), HC=humongous(continues), CS=collection set, F=free, TAMS=top-at-mark-start, PB=parsable bottom
|   0|0x00000000e0000000, 0x00000000e0100000, 0x00000000e0100000|100%|HS|  |TAMS 0x00000000e0000000| PB 0x00000000e0000000| Complete 
|   1|0x00000000e0100000, 0x00000000e0200000, 0x00000000e0200000|100%|HC|  |TAMS 0x00000000e0100000| PB 0x00000000e0100000| Complete 
|   2|0x00000000e0200000, 0x00000000e0300000, 0x00000000e0300000|100%|HC|  |TAMS 0x00000000e0200000| PB 0x00000000e0200000| Complete 
|   3|0x00000000e0300000, 0x00000000e0400000, 0x00000000e0400000|100%| O|  |TAMS 0x00000000e0300000| PB 0x00000000e0300000| Untracked 
|   4|0x00000000e0400000, 0x00000000e0500000, 0x00000000e0500000|100%| O|  |TAMS 0x00000000e0400000| PB 0x00000000e0400000| Untracked 
|   5|0x00000000e0500000, 0x00000000e0600000, 0x00000000e0600000|100%| O|  |TAMS 0x00000000e0500000| PB 0x00000000e0500000| Untracked 
|   6|0x00000000e0600000, 0x00000000e0700000, 0x00000000e0700000|100%|HS|  |TAMS 0x00000000e0600000| PB 0x00000000e0600000| Complete 
|   7|0x00000000e0700000, 0x00000000e0700000, 0x00000000e0800000|  0%| F|  |TAMS 0x00000000e0700000| PB 0x00000000e0700000| Untracked 
|   8|0x00000000e0800000, 0x00000000e0900000, 0x00000000e0900000|100%| O|  |TAMS 0x00000000e0800000| PB 0x00000000e0800000| Untracked 
|   9|0x00000000e0900000, 0x00000000e0a00000, 0x00000000e0a00000|100%| O|  |TAMS 0x00000000e0900000| PB 0x00000000e0900000| Untracked 
|  10|0x00000000e0a00000, 0x00000000e0b00000, 0x00000000e0b00000|100%| O|  |TAMS 0x00000000e0a00000| PB 0x00000000e0a00000| Untracked 
|  11|0x00000000e0b00000, 0x00000000e0c00000, 0x00000000e0c00000|100%| O|  |TAMS 0x00000000e0b00000| PB 0x00000000e0b00000| Untracked 
|  12|0x00000000e0c00000, 0x00000000e0cf6598, 0x00000000e0d00000| 96%| O|  |TAMS 0x00000000e0c00000| PB 0x00000000e0c00000| Untracked 
|  13|0x00000000e0d00000, 0x00000000e0d00000, 0x00000000e0e00000|  0%| F|  |TAMS 0x00000000e0d00000| PB 0x00000000e0d00000| Untracked 
|  14|0x00000000e0e00000, 0x00000000e0e00000, 0x00000000e0f00000|  0%| F|  |TAMS 0x00000000e0e00000| PB 0x00000000e0e00000| Untracked 
|  15|0x00000000e0f00000, 0x00000000e0f00000, 0x00000000e1000000|  0%| F|  |TAMS 0x00000000e0f00000| PB 0x00000000e0f00000| Untracked 
|  16|0x00000000e1000000, 0x00000000e1000000, 0x00000000e1100000|  0%| F|  |TAMS 0x00000000e1000000| PB 0x00000000e1000000| Untracked 
|  17|0x00000000e1100000, 0x00000000e1100000, 0x00000000e1200000|  0%| F|  |TAMS 0x00000000e1100000| PB 0x00000000e1100000| Untracked 
|  18|0x00000000e1200000, 0x00000000e1200000, 0x00000000e1300000|  0%| F|  |TAMS 0x00000000e1200000| PB 0x00000000e1200000| Untracked 
|  19|0x00000000e1300000, 0x00000000e1300000, 0x00000000e1400000|  0%| F|  |TAMS 0x00000000e1300000| PB 0x00000000e1300000| Untracked 
|  20|0x00000000e1400000, 0x00000000e1400000, 0x00000000e1500000|  0%| F|  |TAMS 0x00000000e1400000| PB 0x00000000e1400000| Untracked 
|  21|0x00000000e1500000, 0x00000000e1500000, 0x00000000e1600000|  0%| F|  |TAMS 0x00000000e1500000| PB 0x00000000e1500000| Untracked 
|  22|0x00000000e1600000, 0x00000000e1600000, 0x00000000e1700000|  0%| F|  |TAMS 0x00000000e1600000| PB 0x00000000e1600000| Untracked 
|  23|0x00000000e1700000, 0x00000000e1700000, 0x00000000e1800000|  0%| F|  |TAMS 0x00000000e1700000| PB 0x00000000e1700000| Untracked 
|  24|0x00000000e1800000, 0x00000000e1800000, 0x00000000e1900000|  0%| F|  |TAMS 0x00000000e1800000| PB 0x00000000e1800000| Untracked 
|  25|0x00000000e1900000, 0x00000000e1900000, 0x00000000e1a00000|  0%| F|  |TAMS 0x00000000e1900000| PB 0x00000000e1900000| Untracked 
|  26|0x00000000e1a00000, 0x00000000e1a00000, 0x00000000e1b00000|  0%| F|  |TAMS 0x00000000e1a00000| PB 0x00000000e1a00000| Untracked 
|  27|0x00000000e1b00000, 0x00000000e1b00000, 0x00000000e1c00000|  0%| F|  |TAMS 0x00000000e1b00000| PB 0x00000000e1b00000| Untracked 
|  28|0x00000000e1c00000, 0x00000000e1c00000, 0x00000000e1d00000|  0%| F|  |TAMS 0x00000000e1c00000| PB 0x00000000e1c00000| Untracked 
|  29|0x00000000e1d00000, 0x00000000e1d00000, 0x00000000e1e00000|  0%| F|  |TAMS 0x00000000e1d00000| PB 0x00000000e1d00000| Untracked 
|  30|0x00000000e1e00000, 0x00000000e1e00000, 0x00000000e1f00000|  0%| F|  |TAMS 0x00000000e1e00000| PB 0x00000000e1e00000| Untracked 
|  31|0x00000000e1f00000, 0x00000000e1f00000, 0x00000000e2000000|  0%| F|  |TAMS 0x00000000e1f00000| PB 0x00000000e1f00000| Untracked 
|  32|0x00000000e2000000, 0x00000000e2000000, 0x00000000e2100000|  0%| F|  |TAMS 0x00000000e2000000| PB 0x00000000e2000000| Untracked 
|  33|0x00000000e2100000, 0x00000000e2100000, 0x00000000e2200000|  0%| F|  |TAMS 0x00000000e2100000| PB 0x00000000e2100000| Untracked 
|  34|0x00000000e2200000, 0x00000000e2200000, 0x00000000e2300000|  0%| F|  |TAMS 0x00000000e2200000| PB 0x00000000e2200000| Untracked 
|  35|0x00000000e2300000, 0x00000000e2300000, 0x00000000e2400000|  0%| F|  |TAMS 0x00000000e2300000| PB 0x00000000e2300000| Untracked 
|  36|0x00000000e2400000, 0x00000000e2400000, 0x00000000e2500000|  0%| F|  |TAMS 0x00000000e2400000| PB 0x00000000e2400000| Untracked 
|  37|0x00000000e2500000, 0x00000000e2500000, 0x00000000e2600000|  0%| F|  |TAMS 0x00000000e2500000| PB 0x00000000e2500000| Untracked 
|  38|0x00000000e2600000, 0x00000000e2600000, 0x00000000e2700000|  0%| F|  |TAMS 0x00000000e2600000| PB 0x00000000e2600000| Untracked 
|  39|0x00000000e2700000, 0x00000000e2700000, 0x00000000e2800000|  0%| F|  |TAMS 0x00000000e2700000| PB 0x00000000e2700000| Untracked 
|  40|0x00000000e2800000, 0x00000000e2800000, 0x00000000e2900000|  0%| F|  |TAMS 0x00000000e2800000| PB 0x00000000e2800000| Untracked 
|  41|0x00000000e2900000, 0x00000000e2900000, 0x00000000e2a00000|  0%| F|  |TAMS 0x00000000e2900000| PB 0x00000000e2900000| Untracked 
|  42|0x00000000e2a00000, 0x00000000e2a00000, 0x00000000e2b00000|  0%| F|  |TAMS 0x00000000e2a00000| PB 0x00000000e2a00000| Untracked 
|  43|0x00000000e2b00000, 0x00000000e2b00000, 0x00000000e2c00000|  0%| F|  |TAMS 0x00000000e2b00000| PB 0x00000000e2b00000| Untracked 
|  44|0x00000000e2c00000, 0x00000000e2c00000, 0x00000000e2d00000|  0%| F|  |TAMS 0x00000000e2c00000| PB 0x00000000e2c00000| Untracked 
|  45|0x00000000e2d00000, 0x00000000e2d00000, 0x00000000e2e00000|  0%| F|  |TAMS 0x00000000e2d00000| PB 0x00000000e2d00000| Untracked 
|  46|0x00000000e2e00000, 0x00000000e2e00000, 0x00000000e2f00000|  0%| F|  |TAMS 0x00000000e2e00000| PB 0x00000000e2e00000| Untracked 
|  47|0x00000000e2f00000, 0x00000000e2f00000, 0x00000000e3000000|  0%| F|  |TAMS 0x00000000e2f00000| PB 0x00000000e2f00000| Untracked 
|  48|0x00000000e3000000, 0x00000000e3000000, 0x00000000e3100000|  0%| F|  |TAMS 0x00000000e3000000| PB 0x00000000e3000000| Untracked 
|  49|0x00000000e3100000, 0x00000000e3100000, 0x00000000e3200000|  0%| F|  |TAMS 0x00000000e3100000| PB 0x00000000e3100000| Untracked 
|  50|0x00000000e3200000, 0x00000000e3200000, 0x00000000e3300000|  0%| F|  |TAMS 0x00000000e3200000| PB 0x00000000e3200000| Untracked 
|  51|0x00000000e3300000, 0x00000000e3300000, 0x00000000e3400000|  0%| F|  |TAMS 0x00000000e3300000| PB 0x00000000e3300000| Untracked 
|  52|0x00000000e3400000, 0x00000000e3400000, 0x00000000e3500000|  0%| F|  |TAMS 0x00000000e3400000| PB 0x00000000e3400000| Untracked 
|  53|0x00000000e3500000, 0x00000000e3500000, 0x00000000e3600000|  0%| F|  |TAMS 0x00000000e3500000| PB 0x00000000e3500000| Untracked 
|  54|0x00000000e3600000, 0x00000000e3600000, 0x00000000e3700000|  0%| F|  |TAMS 0x00000000e3600000| PB 0x00000000e3600000| Untracked 
|  55|0x00000000e3700000, 0x00000000e3700000, 0x00000000e3800000|  0%| F|  |TAMS 0x00000000e3700000| PB 0x00000000e3700000| Untracked 
|  56|0x00000000e3800000, 0x00000000e3800000, 0x00000000e3900000|  0%| F|  |TAMS 0x00000000e3800000| PB 0x00000000e3800000| Untracked 
|  57|0x00000000e3900000, 0x00000000e3900000, 0x00000000e3a00000|  0%| F|  |TAMS 0x00000000e3900000| PB 0x00000000e3900000| Untracked 
|  58|0x00000000e3a00000, 0x00000000e3a00000, 0x00000000e3b00000|  0%| F|  |TAMS 0x00000000e3a00000| PB 0x00000000e3a00000| Untracked 
|  59|0x00000000e3b00000, 0x00000000e3b00000, 0x00000000e3c00000|  0%| F|  |TAMS 0x00000000e3b00000| PB 0x00000000e3b00000| Untracked 
|  60|0x00000000e3c00000, 0x00000000e3c00000, 0x00000000e3d00000|  0%| F|  |TAMS 0x00000000e3c00000| PB 0x00000000e3c00000| Untracked 
|  61|0x00000000e3d00000, 0x00000000e3d00000, 0x00000000e3e00000|  0%| F|  |TAMS 0x00000000e3d00000| PB 0x00000000e3d00000| Untracked 
|  62|0x00000000e3e00000, 0x00000000e3e00000, 0x00000000e3f00000|  0%| F|  |TAMS 0x00000000e3e00000| PB 0x00000000e3e00000| Untracked 
|  63|0x00000000e3f00000, 0x00000000e3f00000, 0x00000000e4000000|  0%| F|  |TAMS 0x00000000e3f00000| PB 0x00000000e3f00000| Untracked 
|  64|0x00000000e4000000, 0x00000000e4000000, 0x00000000e4100000|  0%| F|  |TAMS 0x00000000e4000000| PB 0x00000000e4000000| Untracked 
|  65|0x00000000e4100000, 0x00000000e4100000, 0x00000000e4200000|  0%| F|  |TAMS 0x00000000e4100000| PB 0x00000000e4100000| Untracked 
|  66|0x00000000e4200000, 0x00000000e4200000, 0x00000000e4300000|  0%| F|  |TAMS 0x00000000e4200000| PB 0x00000000e4200000| Untracked 
|  67|0x00000000e4300000, 0x00000000e4300000, 0x00000000e4400000|  0%| F|  |TAMS 0x00000000e4300000| PB 0x00000000e4300000| Untracked 
|  68|0x00000000e4400000, 0x00000000e4400000, 0x00000000e4500000|  0%| F|  |TAMS 0x00000000e4400000| PB 0x00000000e4400000| Untracked 
|  69|0x00000000e4500000, 0x00000000e4500000, 0x00000000e4600000|  0%| F|  |TAMS 0x00000000e4500000| PB 0x00000000e4500000| Untracked 
|  70|0x00000000e4600000, 0x00000000e4600000, 0x00000000e4700000|  0%| F|  |TAMS 0x00000000e4600000| PB 0x00000000e4600000| Untracked 
|  71|0x00000000e4700000, 0x00000000e4700000, 0x00000000e4800000|  0%| F|  |TAMS 0x00000000e4700000| PB 0x00000000e4700000| Untracked 
|  72|0x00000000e4800000, 0x00000000e4800000, 0x00000000e4900000|  0%| F|  |TAMS 0x00000000e4800000| PB 0x00000000e4800000| Untracked 
|  73|0x00000000e4900000, 0x00000000e4900000, 0x00000000e4a00000|  0%| F|  |TAMS 0x00000000e4900000| PB 0x00000000e4900000| Untracked 
|  74|0x00000000e4a00000, 0x00000000e4a00000, 0x00000000e4b00000|  0%| F|  |TAMS 0x00000000e4a00000| PB 0x00000000e4a00000| Untracked 
|  75|0x00000000e4b00000, 0x00000000e4b00000, 0x00000000e4c00000|  0%| F|  |TAMS 0x00000000e4b00000| PB 0x00000000e4b00000| Untracked 
|  76|0x00000000e4c00000, 0x00000000e4c00000, 0x00000000e4d00000|  0%| F|  |TAMS 0x00000000e4c00000| PB 0x00000000e4c00000| Untracked 
|  77|0x00000000e4d00000, 0x00000000e4d00000, 0x00000000e4e00000|  0%| F|  |TAMS 0x00000000e4d00000| PB 0x00000000e4d00000| Untracked 
|  78|0x00000000e4e00000, 0x00000000e4e00000, 0x00000000e4f00000|  0%| F|  |TAMS 0x00000000e4e00000| PB 0x00000000e4e00000| Untracked 
|  79|0x00000000e4f00000, 0x00000000e4f00000, 0x00000000e5000000|  0%| F|  |TAMS 0x00000000e4f00000| PB 0x00000000e4f00000| Untracked 
|  80|0x00000000e5000000, 0x00000000e5000000, 0x00000000e5100000|  0%| F|  |TAMS 0x00000000e5000000| PB 0x00000000e5000000| Untracked 
|  81|0x00000000e5100000, 0x00000000e5100000, 0x00000000e5200000|  0%| F|  |TAMS 0x00000000e5100000| PB 0x00000000e5100000| Untracked 
|  82|0x00000000e5200000, 0x00000000e5200000, 0x00000000e5300000|  0%| F|  |TAMS 0x00000000e5200000| PB 0x00000000e5200000| Untracked 
|  83|0x00000000e5300000, 0x00000000e5300000, 0x00000000e5400000|  0%| F|  |TAMS 0x00000000e5300000| PB 0x00000000e5300000| Untracked 
|  84|0x00000000e5400000, 0x00000000e5400000, 0x00000000e5500000|  0%| F|  |TAMS 0x00000000e5400000| PB 0x00000000e5400000| Untracked 
|  85|0x00000000e5500000, 0x00000000e5500000, 0x00000000e5600000|  0%| F|  |TAMS 0x00000000e5500000| PB 0x00000000e5500000| Untracked 
|  86|0x00000000e5600000, 0x00000000e5600000, 0x00000000e5700000|  0%| F|  |TAMS 0x00000000e5600000| PB 0x00000000e5600000| Untracked 
|  87|0x00000000e5700000, 0x00000000e5700000, 0x00000000e5800000|  0%| F|  |TAMS 0x00000000e5700000| PB 0x00000000e5700000| Untracked 
|  88|0x00000000e5800000, 0x00000000e5800000, 0x00000000e5900000|  0%| F|  |TAMS 0x00000000e5800000| PB 0x00000000e5800000| Untracked 
|  89|0x00000000e5900000, 0x00000000e5900000, 0x00000000e5a00000|  0%| F|  |TAMS 0x00000000e5900000| PB 0x00000000e5900000| Untracked 
|  90|0x00000000e5a00000, 0x00000000e5a00000, 0x00000000e5b00000|  0%| F|  |TAMS 0x00000000e5a00000| PB 0x00000000e5a00000| Untracked 
|  91|0x00000000e5b00000, 0x00000000e5b00000, 0x00000000e5c00000|  0%| F|  |TAMS 0x00000000e5b00000| PB 0x00000000e5b00000| Untracked 
|  92|0x00000000e5c00000, 0x00000000e5c00000, 0x00000000e5d00000|  0%| F|  |TAMS 0x00000000e5c00000| PB 0x00000000e5c00000| Untracked 
|  93|0x00000000e5d00000, 0x00000000e5d00000, 0x00000000e5e00000|  0%| F|  |TAMS 0x00000000e5d00000| PB 0x00000000e5d00000| Untracked 
|  94|0x00000000e5e00000, 0x00000000e5e00000, 0x00000000e5f00000|  0%| F|  |TAMS 0x00000000e5e00000| PB 0x00000000e5e00000| Untracked 
|  95|0x00000000e5f00000, 0x00000000e5f00000, 0x00000000e6000000|  0%| F|  |TAMS 0x00000000e5f00000| PB 0x00000000e5f00000| Untracked 
|  96|0x00000000e6000000, 0x00000000e6000000, 0x00000000e6100000|  0%| F|  |TAMS 0x00000000e6000000| PB 0x00000000e6000000| Untracked 
|  97|0x00000000e6100000, 0x00000000e6100000, 0x00000000e6200000|  0%| F|  |TAMS 0x00000000e6100000| PB 0x00000000e6100000| Untracked 
|  98|0x00000000e6200000, 0x00000000e6200000, 0x00000000e6300000|  0%| F|  |TAMS 0x00000000e6200000| PB 0x00000000e6200000| Untracked 
|  99|0x00000000e6300000, 0x00000000e6300000, 0x00000000e6400000|  0%| F|  |TAMS 0x00000000e6300000| PB 0x00000000e6300000| Untracked 
| 100|0x00000000e6400000, 0x00000000e6400000, 0x00000000e6500000|  0%| F|  |TAMS 0x00000000e6400000| PB 0x00000000e6400000| Untracked 
| 101|0x00000000e6500000, 0x00000000e6500000, 0x00000000e6600000|  0%| F|  |TAMS 0x00000000e6500000| PB 0x00000000e6500000| Untracked 
| 102|0x00000000e6600000, 0x00000000e6600000, 0x00000000e6700000|  0%| F|  |TAMS 0x00000000e6600000| PB 0x00000000e6600000| Untracked 
| 103|0x00000000e6700000, 0x00000000e6700000, 0x00000000e6800000|  0%| F|  |TAMS 0x00000000e6700000| PB 0x00000000e6700000| Untracked 
| 104|0x00000000e6800000, 0x00000000e6800000, 0x00000000e6900000|  0%| F|  |TAMS 0x00000000e6800000| PB 0x00000000e6800000| Untracked 
| 105|0x00000000e6900000, 0x00000000e6900000, 0x00000000e6a00000|  0%| F|  |TAMS 0x00000000e6900000| PB 0x00000000e6900000| Untracked 
| 106|0x00000000e6a00000, 0x00000000e6a00000, 0x00000000e6b00000|  0%| F|  |TAMS 0x00000000e6a00000| PB 0x00000000e6a00000| Untracked 
| 107|0x00000000e6b00000, 0x00000000e6b00000, 0x00000000e6c00000|  0%| F|  |TAMS 0x00000000e6b00000| PB 0x00000000e6b00000| Untracked 
| 108|0x00000000e6c00000, 0x00000000e6c00000, 0x00000000e6d00000|  0%| F|  |TAMS 0x00000000e6c00000| PB 0x00000000e6c00000| Untracked 
| 109|0x00000000e6d00000, 0x00000000e6d00000, 0x00000000e6e00000|  0%| F|  |TAMS 0x00000000e6d00000| PB 0x00000000e6d00000| Untracked 
| 110|0x00000000e6e00000, 0x00000000e6e00000, 0x00000000e6f00000|  0%| F|  |TAMS 0x00000000e6e00000| PB 0x00000000e6e00000| Untracked 
| 111|0x00000000e6f00000, 0x00000000e6f00000, 0x00000000e7000000|  0%| F|  |TAMS 0x00000000e6f00000| PB 0x00000000e6f00000| Untracked 
| 112|0x00000000e7000000, 0x00000000e7000000, 0x00000000e7100000|  0%| F|  |TAMS 0x00000000e7000000| PB 0x00000000e7000000| Untracked 
| 113|0x00000000e7100000, 0x00000000e7100000, 0x00000000e7200000|  0%| F|  |TAMS 0x00000000e7100000| PB 0x00000000e7100000| Untracked 
| 114|0x00000000e7200000, 0x00000000e7200000, 0x00000000e7300000|  0%| F|  |TAMS 0x00000000e7200000| PB 0x00000000e7200000| Untracked 
| 115|0x00000000e7300000, 0x00000000e7300000, 0x00000000e7400000|  0%| F|  |TAMS 0x00000000e7300000| PB 0x00000000e7300000| Untracked 
| 116|0x00000000e7400000, 0x00000000e7400000, 0x00000000e7500000|  0%| F|  |TAMS 0x00000000e7400000| PB 0x00000000e7400000| Untracked 
| 117|0x00000000e7500000, 0x00000000e7500000, 0x00000000e7600000|  0%| F|  |TAMS 0x00000000e7500000| PB 0x00000000e7500000| Untracked 
| 118|0x00000000e7600000, 0x00000000e7600000, 0x00000000e7700000|  0%| F|  |TAMS 0x00000000e7600000| PB 0x00000000e7600000| Untracked 
| 119|0x00000000e7700000, 0x00000000e7700000, 0x00000000e7800000|  0%| F|  |TAMS 0x00000000e7700000| PB 0x00000000e7700000| Untracked 
| 120|0x00000000e7800000, 0x00000000e7800000, 0x00000000e7900000|  0%| F|  |TAMS 0x00000000e7800000| PB 0x00000000e7800000| Untracked 
| 121|0x00000000e7900000, 0x00000000e7900000, 0x00000000e7a00000|  0%| F|  |TAMS 0x00000000e7900000| PB 0x00000000e7900000| Untracked 
| 122|0x00000000e7a00000, 0x00000000e7a00000, 0x00000000e7b00000|  0%| F|  |TAMS 0x00000000e7a00000| PB 0x00000000e7a00000| Untracked 
| 123|0x00000000e7b00000, 0x00000000e7b00000, 0x00000000e7c00000|  0%| F|  |TAMS 0x00000000e7b00000| PB 0x00000000e7b00000| Untracked 
| 124|0x00000000e7c00000, 0x00000000e7c00000, 0x00000000e7d00000|  0%| F|  |TAMS 0x00000000e7c00000| PB 0x00000000e7c00000| Untracked 
| 125|0x00000000e7d00000, 0x00000000e7d00000, 0x00000000e7e00000|  0%| F|  |TAMS 0x00000000e7d00000| PB 0x00000000e7d00000| Untracked 
| 126|0x00000000e7e00000, 0x00000000e7e00000, 0x00000000e7f00000|  0%| F|  |TAMS 0x00000000e7e00000| PB 0x00000000e7e00000| Untracked 
| 127|0x00000000e7f00000, 0x00000000e7f00000, 0x00000000e8000000|  0%| F|  |TAMS 0x00000000e7f00000| PB 0x00000000e7f00000| Untracked 
| 128|0x00000000e8000000, 0x00000000e8000000, 0x00000000e8100000|  0%| F|  |TAMS 0x00000000e8000000| PB 0x00000000e8000000| Untracked 
| 129|0x00000000e8100000, 0x00000000e8100000, 0x00000000e8200000|  0%| F|  |TAMS 0x00000000e8100000| PB 0x00000000e8100000| Untracked 
| 130|0x00000000e8200000, 0x00000000e8200000, 0x00000000e8300000|  0%| F|  |TAMS 0x00000000e8200000| PB 0x00000000e8200000| Untracked 
| 131|0x00000000e8300000, 0x00000000e8300000, 0x00000000e8400000|  0%| F|  |TAMS 0x00000000e8300000| PB 0x00000000e8300000| Untracked 
| 132|0x00000000e8400000, 0x00000000e8400000, 0x00000000e8500000|  0%| F|  |TAMS 0x00000000e8400000| PB 0x00000000e8400000| Untracked 
| 133|0x00000000e8500000, 0x00000000e8500000, 0x00000000e8600000|  0%| F|  |TAMS 0x00000000e8500000| PB 0x00000000e8500000| Untracked 
| 134|0x00000000e8600000, 0x00000000e8600000, 0x00000000e8700000|  0%| F|  |TAMS 0x00000000e8600000| PB 0x00000000e8600000| Untracked 
| 135|0x00000000e8700000, 0x00000000e8700000, 0x00000000e8800000|  0%| F|  |TAMS 0x00000000e8700000| PB 0x00000000e8700000| Untracked 
| 136|0x00000000e8800000, 0x00000000e8800000, 0x00000000e8900000|  0%| F|  |TAMS 0x00000000e8800000| PB 0x00000000e8800000| Untracked 
| 137|0x00000000e8900000, 0x00000000e8900000, 0x00000000e8a00000|  0%| F|  |TAMS 0x00000000e8900000| PB 0x00000000e8900000| Untracked 
| 138|0x00000000e8a00000, 0x00000000e8a00000, 0x00000000e8b00000|  0%| F|  |TAMS 0x00000000e8a00000| PB 0x00000000e8a00000| Untracked 
| 139|0x00000000e8b00000, 0x00000000e8b00000, 0x00000000e8c00000|  0%| F|  |TAMS 0x00000000e8b00000| PB 0x00000000e8b00000| Untracked 
| 140|0x00000000e8c00000, 0x00000000e8c00000, 0x00000000e8d00000|  0%| F|  |TAMS 0x00000000e8c00000| PB 0x00000000e8c00000| Untracked 
| 141|0x00000000e8d00000, 0x00000000e8d00000, 0x00000000e8e00000|  0%| F|  |TAMS 0x00000000e8d00000| PB 0x00000000e8d00000| Untracked 
| 142|0x00000000e8e00000, 0x00000000e8e00000, 0x00000000e8f00000|  0%| F|  |TAMS 0x00000000e8e00000| PB 0x00000000e8e00000| Untracked 
| 143|0x00000000e8f00000, 0x00000000e8f00000, 0x00000000e9000000|  0%| F|  |TAMS 0x00000000e8f00000| PB 0x00000000e8f00000| Untracked 
| 144|0x00000000e9000000, 0x00000000e9000000, 0x00000000e9100000|  0%| F|  |TAMS 0x00000000e9000000| PB 0x00000000e9000000| Untracked 
| 145|0x00000000e9100000, 0x00000000e9100000, 0x00000000e9200000|  0%| F|  |TAMS 0x00000000e9100000| PB 0x00000000e9100000| Untracked 
| 146|0x00000000e9200000, 0x00000000e9200000, 0x00000000e9300000|  0%| F|  |TAMS 0x00000000e9200000| PB 0x00000000e9200000| Untracked 
| 147|0x00000000e9300000, 0x00000000e9300000, 0x00000000e9400000|  0%| F|  |TAMS 0x00000000e9300000| PB 0x00000000e9300000| Untracked 
| 148|0x00000000e9400000, 0x00000000e9400000, 0x00000000e9500000|  0%| F|  |TAMS 0x00000000e9400000| PB 0x00000000e9400000| Untracked 
| 149|0x00000000e9500000, 0x00000000e9500000, 0x00000000e9600000|  0%| F|  |TAMS 0x00000000e9500000| PB 0x00000000e9500000| Untracked 
| 150|0x00000000e9600000, 0x00000000e9600000, 0x00000000e9700000|  0%| F|  |TAMS 0x00000000e9600000| PB 0x00000000e9600000| Untracked 
| 151|0x00000000e9700000, 0x00000000e9700000, 0x00000000e9800000|  0%| F|  |TAMS 0x00000000e9700000| PB 0x00000000e9700000| Untracked 
| 152|0x00000000e9800000, 0x00000000e9800000, 0x00000000e9900000|  0%| F|  |TAMS 0x00000000e9800000| PB 0x00000000e9800000| Untracked 
| 153|0x00000000e9900000, 0x00000000e9900000, 0x00000000e9a00000|  0%| F|  |TAMS 0x00000000e9900000| PB 0x00000000e9900000| Untracked 
| 154|0x00000000e9a00000, 0x00000000e9a00000, 0x00000000e9b00000|  0%| F|  |TAMS 0x00000000e9a00000| PB 0x00000000e9a00000| Untracked 
| 155|0x00000000e9b00000, 0x00000000e9b00000, 0x00000000e9c00000|  0%| F|  |TAMS 0x00000000e9b00000| PB 0x00000000e9b00000| Untracked 
| 156|0x00000000e9c00000, 0x00000000e9c00000, 0x00000000e9d00000|  0%| F|  |TAMS 0x00000000e9c00000| PB 0x00000000e9c00000| Untracked 
| 157|0x00000000e9d00000, 0x00000000e9d00000, 0x00000000e9e00000|  0%| F|  |TAMS 0x00000000e9d00000| PB 0x00000000e9d00000| Untracked 
| 158|0x00000000e9e00000, 0x00000000e9e00000, 0x00000000e9f00000|  0%| F|  |TAMS 0x00000000e9e00000| PB 0x00000000e9e00000| Untracked 
| 159|0x00000000e9f00000, 0x00000000e9f00000, 0x00000000ea000000|  0%| F|  |TAMS 0x00000000e9f00000| PB 0x00000000e9f00000| Untracked 
| 160|0x00000000ea000000, 0x00000000ea000000, 0x00000000ea100000|  0%| F|  |TAMS 0x00000000ea000000| PB 0x00000000ea000000| Untracked 
| 161|0x00000000ea100000, 0x00000000ea100000, 0x00000000ea200000|  0%| F|  |TAMS 0x00000000ea100000| PB 0x00000000ea100000| Untracked 
| 162|0x00000000ea200000, 0x00000000ea200000, 0x00000000ea300000|  0%| F|  |TAMS 0x00000000ea200000| PB 0x00000000ea200000| Untracked 
| 163|0x00000000ea300000, 0x00000000ea300000, 0x00000000ea400000|  0%| F|  |TAMS 0x00000000ea300000| PB 0x00000000ea300000| Untracked 
| 164|0x00000000ea400000, 0x00000000ea400000, 0x00000000ea500000|  0%| F|  |TAMS 0x00000000ea400000| PB 0x00000000ea400000| Untracked 
| 165|0x00000000ea500000, 0x00000000ea500000, 0x00000000ea600000|  0%| F|  |TAMS 0x00000000ea500000| PB 0x00000000ea500000| Untracked 
| 166|0x00000000ea600000, 0x00000000ea600000, 0x00000000ea700000|  0%| F|  |TAMS 0x00000000ea600000| PB 0x00000000ea600000| Untracked 
| 167|0x00000000ea700000, 0x00000000ea700000, 0x00000000ea800000|  0%| F|  |TAMS 0x00000000ea700000| PB 0x00000000ea700000| Untracked 
| 168|0x00000000ea800000, 0x00000000ea800000, 0x00000000ea900000|  0%| F|  |TAMS 0x00000000ea800000| PB 0x00000000ea800000| Untracked 
| 169|0x00000000ea900000, 0x00000000ea900000, 0x00000000eaa00000|  0%| F|  |TAMS 0x00000000ea900000| PB 0x00000000ea900000| Untracked 
| 170|0x00000000eaa00000, 0x00000000eaa00000, 0x00000000eab00000|  0%| F|  |TAMS 0x00000000eaa00000| PB 0x00000000eaa00000| Untracked 
| 171|0x00000000eab00000, 0x00000000eab00000, 0x00000000eac00000|  0%| F|  |TAMS 0x00000000eab00000| PB 0x00000000eab00000| Untracked 
| 172|0x00000000eac00000, 0x00000000eac00000, 0x00000000ead00000|  0%| F|  |TAMS 0x00000000eac00000| PB 0x00000000eac00000| Untracked 
| 173|0x00000000ead00000, 0x00000000ead00000, 0x00000000eae00000|  0%| F|  |TAMS 0x00000000ead00000| PB 0x00000000ead00000| Untracked 
| 174|0x00000000eae00000, 0x00000000eae00000, 0x00000000eaf00000|  0%| F|  |TAMS 0x00000000eae00000| PB 0x00000000eae00000| Untracked 
| 175|0x00000000eaf00000, 0x00000000eaf00000, 0x00000000eb000000|  0%| F|  |TAMS 0x00000000eaf00000| PB 0x00000000eaf00000| Untracked 
| 176|0x00000000eb000000, 0x00000000eb000000, 0x00000000eb100000|  0%| F|  |TAMS 0x00000000eb000000| PB 0x00000000eb000000| Untracked 
| 177|0x00000000eb100000, 0x00000000eb100000, 0x00000000eb200000|  0%| F|  |TAMS 0x00000000eb100000| PB 0x00000000eb100000| Untracked 
| 178|0x00000000eb200000, 0x00000000eb200000, 0x00000000eb300000|  0%| F|  |TAMS 0x00000000eb200000| PB 0x00000000eb200000| Untracked 
| 179|0x00000000eb300000, 0x00000000eb300000, 0x00000000eb400000|  0%| F|  |TAMS 0x00000000eb300000| PB 0x00000000eb300000| Untracked 
| 180|0x00000000eb400000, 0x00000000eb400000, 0x00000000eb500000|  0%| F|  |TAMS 0x00000000eb400000| PB 0x00000000eb400000| Untracked 
| 181|0x00000000eb500000, 0x00000000eb500000, 0x00000000eb600000|  0%| F|  |TAMS 0x00000000eb500000| PB 0x00000000eb500000| Untracked 
| 182|0x00000000eb600000, 0x00000000eb600000, 0x00000000eb700000|  0%| F|  |TAMS 0x00000000eb600000| PB 0x00000000eb600000| Untracked 
| 183|0x00000000eb700000, 0x00000000eb700000, 0x00000000eb800000|  0%| F|  |TAMS 0x00000000eb700000| PB 0x00000000eb700000| Untracked 
| 184|0x00000000eb800000, 0x00000000eb800000, 0x00000000eb900000|  0%| F|  |TAMS 0x00000000eb800000| PB 0x00000000eb800000| Untracked 
| 185|0x00000000eb900000, 0x00000000eb900000, 0x00000000eba00000|  0%| F|  |TAMS 0x00000000eb900000| PB 0x00000000eb900000| Untracked 
| 186|0x00000000eba00000, 0x00000000eba00000, 0x00000000ebb00000|  0%| F|  |TAMS 0x00000000eba00000| PB 0x00000000eba00000| Untracked 
| 187|0x00000000ebb00000, 0x00000000ebb00000, 0x00000000ebc00000|  0%| F|  |TAMS 0x00000000ebb00000| PB 0x00000000ebb00000| Untracked 
| 188|0x00000000ebc00000, 0x00000000ebc00000, 0x00000000ebd00000|  0%| F|  |TAMS 0x00000000ebc00000| PB 0x00000000ebc00000| Untracked 
| 189|0x00000000ebd00000, 0x00000000ebd00000, 0x00000000ebe00000|  0%| F|  |TAMS 0x00000000ebd00000| PB 0x00000000ebd00000| Untracked 
| 190|0x00000000ebe00000, 0x00000000ebe00000, 0x00000000ebf00000|  0%| F|  |TAMS 0x00000000ebe00000| PB 0x00000000ebe00000| Untracked 
| 191|0x00000000ebf00000, 0x00000000ebf00000, 0x00000000ec000000|  0%| F|  |TAMS 0x00000000ebf00000| PB 0x00000000ebf00000| Untracked 
| 192|0x00000000ec000000, 0x00000000ec000000, 0x00000000ec100000|  0%| F|  |TAMS 0x00000000ec000000| PB 0x00000000ec000000| Untracked 
| 193|0x00000000ec100000, 0x00000000ec200000, 0x00000000ec200000|100%| E|  |TAMS 0x00000000ec100000| PB 0x00000000ec100000| Complete 
| 194|0x00000000ec200000, 0x00000000ec2a3aa0, 0x00000000ec300000| 63%| S|CS|TAMS 0x00000000ec200000| PB 0x00000000ec200000| Complete 
| 195|0x00000000ec300000, 0x00000000ec400000, 0x00000000ec400000|100%| S|CS|TAMS 0x00000000ec300000| PB 0x00000000ec300000| Complete 
| 196|0x00000000ec400000, 0x00000000ec500000, 0x00000000ec500000|100%| S|CS|TAMS 0x00000000ec400000| PB 0x00000000ec400000| Complete 
| 197|0x00000000ec500000, 0x00000000ec600000, 0x00000000ec600000|100%| S|CS|TAMS 0x00000000ec500000| PB 0x00000000ec500000| Complete 
| 198|0x00000000ec600000, 0x00000000ec700000, 0x00000000ec700000|100%| S|CS|TAMS 0x00000000ec600000| PB 0x00000000ec600000| Complete 
| 199|0x00000000ec700000, 0x00000000ec800000, 0x00000000ec800000|100%| S|CS|TAMS 0x00000000ec700000| PB 0x00000000ec700000| Complete 
| 200|0x00000000ec800000, 0x00000000ec900000, 0x00000000ec900000|100%| E|CS|TAMS 0x00000000ec800000| PB 0x00000000ec800000| Complete 
| 201|0x00000000ec900000, 0x00000000eca00000, 0x00000000eca00000|100%| E|CS|TAMS 0x00000000ec900000| PB 0x00000000ec900000| Complete 
| 202|0x00000000eca00000, 0x00000000ecb00000, 0x00000000ecb00000|100%| E|CS|TAMS 0x00000000eca00000| PB 0x00000000eca00000| Complete 
| 203|0x00000000ecb00000, 0x00000000ecc00000, 0x00000000ecc00000|100%| E|CS|TAMS 0x00000000ecb00000| PB 0x00000000ecb00000| Complete 
| 204|0x00000000ecc00000, 0x00000000ecd00000, 0x00000000ecd00000|100%| E|CS|TAMS 0x00000000ecc00000| PB 0x00000000ecc00000| Complete 
| 205|0x00000000ecd00000, 0x00000000ece00000, 0x00000000ece00000|100%| E|CS|TAMS 0x00000000ecd00000| PB 0x00000000ecd00000| Complete 
| 206|0x00000000ece00000, 0x00000000ecf00000, 0x00000000ecf00000|100%| E|CS|TAMS 0x00000000ece00000| PB 0x00000000ece00000| Complete 
| 207|0x00000000ecf00000, 0x00000000ed000000, 0x00000000ed000000|100%| E|CS|TAMS 0x00000000ecf00000| PB 0x00000000ecf00000| Complete 
| 208|0x00000000ed000000, 0x00000000ed100000, 0x00000000ed100000|100%| E|CS|TAMS 0x00000000ed000000| PB 0x00000000ed000000| Complete 
| 209|0x00000000ed100000, 0x00000000ed200000, 0x00000000ed200000|100%| E|CS|TAMS 0x00000000ed100000| PB 0x00000000ed100000| Complete 
| 210|0x00000000ed200000, 0x00000000ed300000, 0x00000000ed300000|100%| E|CS|TAMS 0x00000000ed200000| PB 0x00000000ed200000| Complete 
| 211|0x00000000ed300000, 0x00000000ed400000, 0x00000000ed400000|100%| E|CS|TAMS 0x00000000ed300000| PB 0x00000000ed300000| Complete 
| 212|0x00000000ed400000, 0x00000000ed500000, 0x00000000ed500000|100%| E|CS|TAMS 0x00000000ed400000| PB 0x00000000ed400000| Complete 
| 213|0x00000000ed500000, 0x00000000ed600000, 0x00000000ed600000|100%| E|CS|TAMS 0x00000000ed500000| PB 0x00000000ed500000| Complete 
| 214|0x00000000ed600000, 0x00000000ed700000, 0x00000000ed700000|100%| E|CS|TAMS 0x00000000ed600000| PB 0x00000000ed600000| Complete 
| 215|0x00000000ed700000, 0x00000000ed800000, 0x00000000ed800000|100%| E|CS|TAMS 0x00000000ed700000| PB 0x00000000ed700000| Complete 
| 216|0x00000000ed800000, 0x00000000ed900000, 0x00000000ed900000|100%| E|CS|TAMS 0x00000000ed800000| PB 0x00000000ed800000| Complete 
| 217|0x00000000ed900000, 0x00000000eda00000, 0x00000000eda00000|100%| E|CS|TAMS 0x00000000ed900000| PB 0x00000000ed900000| Complete 
| 218|0x00000000eda00000, 0x00000000edb00000, 0x00000000edb00000|100%| E|CS|TAMS 0x00000000eda00000| PB 0x00000000eda00000| Complete 
| 219|0x00000000edb00000, 0x00000000edc00000, 0x00000000edc00000|100%| E|CS|TAMS 0x00000000edb00000| PB 0x00000000edb00000| Complete 
| 220|0x00000000edc00000, 0x00000000edd00000, 0x00000000edd00000|100%| E|CS|TAMS 0x00000000edc00000| PB 0x00000000edc00000| Complete 
| 221|0x00000000edd00000, 0x00000000ede00000, 0x00000000ede00000|100%| E|CS|TAMS 0x00000000edd00000| PB 0x00000000edd00000| Complete 
| 222|0x00000000ede00000, 0x00000000edf00000, 0x00000000edf00000|100%| E|CS|TAMS 0x00000000ede00000| PB 0x00000000ede00000| Complete 
| 223|0x00000000edf00000, 0x00000000ee000000, 0x00000000ee000000|100%| E|CS|TAMS 0x00000000edf00000| PB 0x00000000edf00000| Complete 
| 224|0x00000000ee000000, 0x00000000ee100000, 0x00000000ee100000|100%| E|CS|TAMS 0x00000000ee000000| PB 0x00000000ee000000| Complete 
| 225|0x00000000ee100000, 0x00000000ee200000, 0x00000000ee200000|100%| E|CS|TAMS 0x00000000ee100000| PB 0x00000000ee100000| Complete 
| 226|0x00000000ee200000, 0x00000000ee300000, 0x00000000ee300000|100%| E|CS|TAMS 0x00000000ee200000| PB 0x00000000ee200000| Complete 
| 227|0x00000000ee300000, 0x00000000ee400000, 0x00000000ee400000|100%| E|CS|TAMS 0x00000000ee300000| PB 0x00000000ee300000| Complete 
| 228|0x00000000ee400000, 0x00000000ee500000, 0x00000000ee500000|100%| E|CS|TAMS 0x00000000ee400000| PB 0x00000000ee400000| Complete 
| 229|0x00000000ee500000, 0x00000000ee600000, 0x00000000ee600000|100%| E|CS|TAMS 0x00000000ee500000| PB 0x00000000ee500000| Complete 
| 230|0x00000000ee600000, 0x00000000ee700000, 0x00000000ee700000|100%| E|CS|TAMS 0x00000000ee600000| PB 0x00000000ee600000| Complete 
| 231|0x00000000ee700000, 0x00000000ee800000, 0x00000000ee800000|100%| E|CS|TAMS 0x00000000ee700000| PB 0x00000000ee700000| Complete 
| 232|0x00000000ee800000, 0x00000000ee900000, 0x00000000ee900000|100%| E|CS|TAMS 0x00000000ee800000| PB 0x00000000ee800000| Complete 
| 233|0x00000000ee900000, 0x00000000eea00000, 0x00000000eea00000|100%| E|CS|TAMS 0x00000000ee900000| PB 0x00000000ee900000| Complete 
| 234|0x00000000eea00000, 0x00000000eeb00000, 0x00000000eeb00000|100%| E|CS|TAMS 0x00000000eea00000| PB 0x00000000eea00000| Complete 
| 235|0x00000000eeb00000, 0x00000000eec00000, 0x00000000eec00000|100%| E|CS|TAMS 0x00000000eeb00000| PB 0x00000000eeb00000| Complete 
| 236|0x00000000eec00000, 0x00000000eed00000, 0x00000000eed00000|100%| E|CS|TAMS 0x00000000eec00000| PB 0x00000000eec00000| Complete 
| 237|0x00000000eed00000, 0x00000000eee00000, 0x00000000eee00000|100%| E|CS|TAMS 0x00000000eed00000| PB 0x00000000eed00000| Complete 
| 238|0x00000000eee00000, 0x00000000eef00000, 0x00000000eef00000|100%| E|CS|TAMS 0x00000000eee00000| PB 0x00000000eee00000| Complete 
| 239|0x00000000eef00000, 0x00000000ef000000, 0x00000000ef000000|100%| E|CS|TAMS 0x00000000eef00000| PB 0x00000000eef00000| Complete 
| 240|0x00000000ef000000, 0x00000000ef100000, 0x00000000ef100000|100%| E|CS|TAMS 0x00000000ef000000| PB 0x00000000ef000000| Complete 
| 241|0x00000000ef100000, 0x00000000ef200000, 0x00000000ef200000|100%| E|CS|TAMS 0x00000000ef100000| PB 0x00000000ef100000| Complete 
| 242|0x00000000ef200000, 0x00000000ef300000, 0x00000000ef300000|100%| E|CS|TAMS 0x00000000ef200000| PB 0x00000000ef200000| Complete 
| 243|0x00000000ef300000, 0x00000000ef400000, 0x00000000ef400000|100%| E|CS|TAMS 0x00000000ef300000| PB 0x00000000ef300000| Complete 
| 244|0x00000000ef400000, 0x00000000ef500000, 0x00000000ef500000|100%| E|CS|TAMS 0x00000000ef400000| PB 0x00000000ef400000| Complete 
| 245|0x00000000ef500000, 0x00000000ef600000, 0x00000000ef600000|100%| E|CS|TAMS 0x00000000ef500000| PB 0x00000000ef500000| Complete 
| 246|0x00000000ef600000, 0x00000000ef700000, 0x00000000ef700000|100%| E|CS|TAMS 0x00000000ef600000| PB 0x00000000ef600000| Complete 
| 247|0x00000000ef700000, 0x00000000ef800000, 0x00000000ef800000|100%| E|CS|TAMS 0x00000000ef700000| PB 0x00000000ef700000| Complete 
| 248|0x00000000ef800000, 0x00000000ef900000, 0x00000000ef900000|100%| E|CS|TAMS 0x00000000ef800000| PB 0x00000000ef800000| Complete 
| 249|0x00000000ef900000, 0x00000000efa00000, 0x00000000efa00000|100%| E|CS|TAMS 0x00000000ef900000| PB 0x00000000ef900000| Complete 
| 250|0x00000000efa00000, 0x00000000efb00000, 0x00000000efb00000|100%| E|CS|TAMS 0x00000000efa00000| PB 0x00000000efa00000| Complete 
| 251|0x00000000efb00000, 0x00000000efc00000, 0x00000000efc00000|100%| E|CS|TAMS 0x00000000efb00000| PB 0x00000000efb00000| Complete 
| 252|0x00000000efc00000, 0x00000000efd00000, 0x00000000efd00000|100%| E|CS|TAMS 0x00000000efc00000| PB 0x00000000efc00000| Complete 
| 253|0x00000000efd00000, 0x00000000efe00000, 0x00000000efe00000|100%| E|CS|TAMS 0x00000000efd00000| PB 0x00000000efd00000| Complete 
| 254|0x00000000efe00000, 0x00000000eff00000, 0x00000000eff00000|100%| E|CS|TAMS 0x00000000efe00000| PB 0x00000000efe00000| Complete 
| 255|0x00000000eff00000, 0x00000000f0000000, 0x00000000f0000000|100%| E|CS|TAMS 0x00000000eff00000| PB 0x00000000eff00000| Complete 

Card table byte_map: [0x0000026a697d0000,0x0000026a698d0000] _byte_map_base: 0x0000026a690d0000

Marking Bits: (CMBitMap*) 0x0000026a51aa1070
 Bits: [0x0000026a698d0000, 0x0000026a6a0d0000)

Polling page: 0x0000026a4f890000

Metaspace:

Usage:
  Non-class:     14.41 MB used.
      Class:      2.35 MB used.
       Both:     16.76 MB used.

Virtual space:
  Non-class space:       64.00 MB reserved,      14.75 MB ( 23%) committed,  1 nodes.
      Class space:      320.00 MB reserved,       2.56 MB ( <1%) committed,  1 nodes.
             Both:      384.00 MB reserved,      17.31 MB (  5%) committed. 

Chunk freelists:
   Non-Class:  368.00 KB
       Class:  13.45 MB
        Both:  13.81 MB

MaxMetaspaceSize: 384.00 MB
CompressedClassSpaceSize: 320.00 MB
Initial GC threshold: 21.00 MB
Current GC threshold: 21.00 MB
CDS: on
 - commit_granule_bytes: 65536.
 - commit_granule_words: 8192.
 - virtual_space_node_default_size: 8388608.
 - enlarge_chunks_in_place: 1.
 - use_allocation_guard: 0.


Internal statistics:

num_allocs_failed_limit: 0.
num_arena_births: 682.
num_arena_deaths: 0.
num_vsnodes_births: 2.
num_vsnodes_deaths: 0.
num_space_committed: 277.
num_space_uncommitted: 0.
num_chunks_returned_to_freelist: 0.
num_chunks_taken_from_freelist: 1293.
num_chunk_merges: 0.
num_chunk_splits: 841.
num_chunks_enlarged: 569.
num_inconsistent_stats: 0.

CodeHeap 'non-profiled nmethods': size=120000Kb used=1392Kb max_used=1392Kb free=118607Kb
 bounds [0x0000026a61c50000, 0x0000026a61ec0000, 0x0000026a69180000]
CodeHeap 'profiled nmethods': size=120000Kb used=5647Kb max_used=5647Kb free=114353Kb
 bounds [0x0000026a5a180000, 0x0000026a5a710000, 0x0000026a616b0000]
CodeHeap 'non-nmethods': size=5760Kb used=1418Kb max_used=1426Kb free=4341Kb
 bounds [0x0000026a616b0000, 0x0000026a61920000, 0x0000026a61c50000]
CodeCache: size=245760Kb, used=8457Kb, max_used=8465Kb, free=237301Kb
 total_blobs=3435, nmethods=2861, adapters=478, full_count=0
Compilation: enabled, stopped_count=0, restarted_count=0

Compilation events (20 events):
Event: 2.967 Thread 0x0000026a7102bc10 2783       3       java.lang.reflect.Constructor::setConstructorAccessor (20 bytes)
Event: 2.967 Thread 0x0000026a7102bc10 nmethod 2783 0x0000026a5a6e3f10 code [0x0000026a5a6e40e0, 0x0000026a5a6e43a0]
Event: 2.969 Thread 0x0000026a7102bc10 2784       3       java.lang.invoke.MemberName::getFactory (4 bytes)
Event: 2.969 Thread 0x0000026a7102bc10 nmethod 2784 0x0000026a5a6e4490 code [0x0000026a5a6e4620, 0x0000026a5a6e4718]
Event: 2.970 Thread 0x0000026a7102bc10 2786       3       java.lang.reflect.Method::isCallerSensitive (38 bytes)
Event: 2.971 Thread 0x0000026a7102bc10 nmethod 2786 0x0000026a5a6e4790 code [0x0000026a5a6e49e0, 0x0000026a5a6e5350]
Event: 2.974 Thread 0x0000026a7101b170 2787       4       jdk.internal.org.objectweb.asm.Frame::pop (46 bytes)
Event: 2.974 Thread 0x0000026a7101b170 nmethod 2787 0x0000026a61da2e90 code [0x0000026a61da3020, 0x0000026a61da30d8]
Event: 2.988 Thread 0x0000026a7102bc10 2788       3       java.lang.invoke.VarHandleReferences$FieldInstanceReadWrite::compareAndSet (48 bytes)
Event: 2.988 Thread 0x0000026a7102bc10 nmethod 2788 0x0000026a5a6e5610 code [0x0000026a5a6e5880, 0x0000026a5a6e6258]
Event: 2.997 Thread 0x0000026a7102bc10 2790       3       org.gradle.internal.service.DefaultServiceRegistry$ManagedObjectServiceProvider::requiredBy (20 bytes)
Event: 2.997 Thread 0x0000026a7102bc10 nmethod 2790 0x0000026a5a6e6610 code [0x0000026a5a6e67e0, 0x0000026a5a6e6cb8]
Event: 2.997 Thread 0x0000026a7102bc10 2791       3       org.gradle.internal.service.DefaultServiceRegistry$ManagedObjectServiceProvider::fromSameRegistry (27 bytes)
Event: 2.998 Thread 0x0000026a7102bc10 nmethod 2791 0x0000026a5a6e6e10 code [0x0000026a5a6e6fc0, 0x0000026a5a6e7348]
Event: 2.999 Thread 0x0000026a7101b170 2792       4       java.lang.Class::cast (27 bytes)
Event: 3.000 Thread 0x0000026a7101b170 nmethod 2792 0x0000026a61da3710 code [0x0000026a61da38a0, 0x0000026a61da39b8]
Event: 3.013 Thread 0x0000026a7102bc10 2793       1       java.util.concurrent.atomic.AtomicInteger::get (5 bytes)
Event: 3.013 Thread 0x0000026a7102bc10 nmethod 2793 0x0000026a61da3a90 code [0x0000026a61da3c20, 0x0000026a61da3ce8]
Event: 3.015 Thread 0x0000026a7102bc10 2794       3       java.lang.invoke.ClassSpecializer$SpeciesData::fieldCount (10 bytes)
Event: 3.015 Thread 0x0000026a7102bc10 nmethod 2794 0x0000026a5a6e7410 code [0x0000026a5a6e75c0, 0x0000026a5a6e7798]

GC Heap History (6 events):
Event: 0.640 GC heap before
{Heap before GC invocations=0 (full 0):
 garbage-first heap   total 262144K, used 22528K [0x00000000e0000000, 0x0000000100000000)
  region size 1024K, 23 young (23552K), 0 survivors (0K)
 Metaspace       used 935K, committed 1088K, reserved 393216K
  class space    used 74K, committed 128K, reserved 327680K
}
Event: 0.651 GC heap after
{Heap after GC invocations=1 (full 0):
 garbage-first heap   total 262144K, used 1663K [0x00000000e0000000, 0x0000000100000000)
  region size 1024K, 2 young (2048K), 2 survivors (2048K)
 Metaspace       used 935K, committed 1088K, reserved 393216K
  class space    used 74K, committed 128K, reserved 327680K
}
Event: 1.331 GC heap before
{Heap before GC invocations=1 (full 0):
 garbage-first heap   total 262144K, used 41599K [0x00000000e0000000, 0x0000000100000000)
  region size 1024K, 39 young (39936K), 2 survivors (2048K)
 Metaspace       used 4441K, committed 4608K, reserved 393216K
  class space    used 559K, committed 640K, reserved 327680K
}
Event: 1.336 GC heap after
{Heap after GC invocations=2 (full 0):
 garbage-first heap   total 262144K, used 11168K [0x00000000e0000000, 0x0000000100000000)
  region size 1024K, 5 young (5120K), 5 survivors (5120K)
 Metaspace       used 4441K, committed 4608K, reserved 393216K
  class space    used 559K, committed 640K, reserved 327680K
}
Event: 2.004 GC heap before
{Heap before GC invocations=2 (full 0):
 garbage-first heap   total 262144K, used 65440K [0x00000000e0000000, 0x0000000100000000)
  region size 1024K, 56 young (57344K), 5 survivors (5120K)
 Metaspace       used 6311K, committed 6528K, reserved 393216K
  class space    used 841K, committed 960K, reserved 327680K
}
Event: 2.009 GC heap after
{Heap after GC invocations=3 (full 0):
 garbage-first heap   total 262144K, used 18024K [0x00000000e0000000, 0x0000000100000000)
  region size 1024K, 6 young (6144K), 6 survivors (6144K)
 Metaspace       used 6311K, committed 6528K, reserved 393216K
  class space    used 841K, committed 960K, reserved 327680K
}

Dll operation events (15 events):
Event: 0.009 Loaded shared library C:\Program Files\Eclipse Adoptium\jdk-21.0.9.10-hotspot\bin\java.dll
Event: 0.039 Loaded shared library C:\Program Files\Eclipse Adoptium\jdk-21.0.9.10-hotspot\bin\jsvml.dll
Event: 0.167 Loaded shared library C:\Program Files\Eclipse Adoptium\jdk-21.0.9.10-hotspot\bin\zip.dll
Event: 0.210 Loaded shared library C:\Program Files\Eclipse Adoptium\jdk-21.0.9.10-hotspot\bin\instrument.dll
Event: 0.240 Loaded shared library C:\Program Files\Eclipse Adoptium\jdk-21.0.9.10-hotspot\bin\net.dll
Event: 0.243 Loaded shared library C:\Program Files\Eclipse Adoptium\jdk-21.0.9.10-hotspot\bin\nio.dll
Event: 0.246 Loaded shared library C:\Program Files\Eclipse Adoptium\jdk-21.0.9.10-hotspot\bin\zip.dll
Event: 0.578 Loaded shared library C:\Program Files\Eclipse Adoptium\jdk-21.0.9.10-hotspot\bin\jimage.dll
Event: 0.787 Loaded shared library C:\Program Files\Eclipse Adoptium\jdk-21.0.9.10-hotspot\bin\verify.dll
Event: 0.909 Loaded shared library C:\Users\akopa\.gradle\native\1def1411415f61bf3af743bc5b6707747c0891f09f0c88961ee8f79bc544acac\windows-amd64\native-platform.dll
Event: 0.919 Loaded shared library C:\Users\akopa\.gradle\native\0.2.7\x86_64-windows-gnu\gradle-fileevents.dll
Event: 1.998 Loaded shared library C:\Program Files\Eclipse Adoptium\jdk-21.0.9.10-hotspot\bin\management.dll
Event: 2.000 Loaded shared library C:\Program Files\Eclipse Adoptium\jdk-21.0.9.10-hotspot\bin\management_ext.dll
Event: 2.108 Loaded shared library C:\Program Files\Eclipse Adoptium\jdk-21.0.9.10-hotspot\bin\extnet.dll
Event: 2.318 Loaded shared library C:\Program Files\Eclipse Adoptium\jdk-21.0.9.10-hotspot\bin\sunmscapi.dll

Deoptimization events (20 events):
Event: 2.816 Thread 0x0000026a72d3cff0 Uncommon trap: trap_request=0xffffff45 fr.pc=0x0000026a61d67768 relative=0x0000000000000048
Event: 2.816 Thread 0x0000026a72d3cff0 Uncommon trap: reason=unstable_if action=reinterpret pc=0x0000026a61d67768 method=jdk.internal.misc.Unsafe.convEndian(ZI)I @ 4 c2
Event: 2.816 Thread 0x0000026a72d3cff0 DEOPT PACKING pc=0x0000026a61d67768 sp=0x0000009c508fac00
Event: 2.816 Thread 0x0000026a72d3cff0 DEOPT UNPACKING pc=0x0000026a61704422 sp=0x0000009c508fab98 mode 2
Event: 2.855 Thread 0x0000026a72d3cff0 Uncommon trap: trap_request=0xffffff45 fr.pc=0x0000026a61c7491c relative=0x0000000000000d1c
Event: 2.855 Thread 0x0000026a72d3cff0 Uncommon trap: reason=unstable_if action=reinterpret pc=0x0000026a61c7491c method=java.io.WinNTFileSystem.resolve(Ljava/lang/String;Ljava/lang/String;)Ljava/lang/String; @ 19 c2
Event: 2.855 Thread 0x0000026a72d3cff0 DEOPT PACKING pc=0x0000026a61c7491c sp=0x0000009c508fafb0
Event: 2.855 Thread 0x0000026a72d3cff0 DEOPT UNPACKING pc=0x0000026a61704422 sp=0x0000009c508faf48 mode 2
Event: 2.856 Thread 0x0000026a72d3cff0 Uncommon trap: trap_request=0xffffff45 fr.pc=0x0000026a61ceca90 relative=0x0000000000000630
Event: 2.856 Thread 0x0000026a72d3cff0 Uncommon trap: reason=unstable_if action=reinterpret pc=0x0000026a61ceca90 method=java.io.File.getName()Ljava/lang/String; @ 16 c2
Event: 2.856 Thread 0x0000026a72d3cff0 DEOPT PACKING pc=0x0000026a61ceca90 sp=0x0000009c508faf70
Event: 2.856 Thread 0x0000026a72d3cff0 DEOPT UNPACKING pc=0x0000026a61704422 sp=0x0000009c508faf40 mode 2
Event: 2.987 Thread 0x0000026a72d3cff0 DEOPT PACKING pc=0x0000026a5a5de082 sp=0x0000009c508f87f0
Event: 2.987 Thread 0x0000026a72d3cff0 DEOPT UNPACKING pc=0x0000026a61704bc2 sp=0x0000009c508f7d00 mode 0
Event: 2.998 Thread 0x0000026a72d3cff0 Uncommon trap: trap_request=0xffffff45 fr.pc=0x0000026a61d9b230 relative=0x0000000000000570
Event: 2.998 Thread 0x0000026a72d3cff0 Uncommon trap: reason=unstable_if action=reinterpret pc=0x0000026a61d9b230 method=java.util.ArrayList.grow(I)[Ljava/lang/Object; @ 17 c2
Event: 2.998 Thread 0x0000026a72d3cff0 DEOPT PACKING pc=0x0000026a61d9b230 sp=0x0000009c508fcfe0
Event: 2.998 Thread 0x0000026a72d3cff0 DEOPT UNPACKING pc=0x0000026a61704422 sp=0x0000009c508fcf98 mode 2
Event: 3.001 Thread 0x0000026a72d3cff0 DEOPT PACKING pc=0x0000026a5a5de082 sp=0x0000009c508fcf90
Event: 3.001 Thread 0x0000026a72d3cff0 DEOPT UNPACKING pc=0x0000026a61704bc2 sp=0x0000009c508fc4a0 mode 0

Classes loaded (20 events):
Event: 2.770 Loading class sun/nio/ch/DatagramChannelImpl$DatagramPackets
Event: 2.770 Loading class sun/nio/ch/DatagramChannelImpl$DatagramPackets done
Event: 2.813 Loading class sun/security/provider/MD5
Event: 2.814 Loading class sun/security/provider/MD5 done
Event: 2.814 Loading class sun/security/provider/SHA5$SHA512
Event: 2.814 Loading class sun/security/provider/SHA5
Event: 2.814 Loading class sun/security/provider/SHA5 done
Event: 2.814 Loading class sun/security/provider/SHA5$SHA512 done
Event: 2.815 Loading class sun/security/provider/ByteArrayAccess$LE
Event: 2.815 Loading class sun/security/provider/ByteArrayAccess$LE done
Event: 2.855 Loading class java/io/File$TempDirectory
Event: 2.856 Loading class java/io/File$TempDirectory done
Event: 2.907 Loading class java/util/concurrent/Semaphore
Event: 2.907 Loading class java/util/concurrent/Semaphore done
Event: 2.909 Loading class java/nio/file/FileVisitOption
Event: 2.909 Loading class java/nio/file/FileVisitOption done
Event: 2.913 Loading class java/util/stream/ReduceOps$1
Event: 2.913 Loading class java/util/stream/ReduceOps$1 done
Event: 2.913 Loading class java/util/stream/ReduceOps$1ReducingSink
Event: 2.913 Loading class java/util/stream/ReduceOps$1ReducingSink done

Classes unloaded (0 events):
No events

Classes redefined (0 events):
No events

Internal exceptions (20 events):
Event: 2.407 Thread 0x0000026a72a823d0 Exception <a 'java/lang/NoSuchMethodError'{0x00000000ef1e6190}: 'void java.lang.invoke.DirectMethodHandle$Holder.invokeSpecial(java.lang.Object, java.lang.Object, java.lang.Object)'> (0x00000000ef1e6190) 
thrown [s\src\hotspot\share\interpreter\linkResolver.cpp, line 773]
Event: 2.464 Thread 0x0000026a72d3cff0 Exception <a 'java/lang/NoSuchMethodError'{0x00000000ee92dcf8}: 'long java.lang.invoke.DirectMethodHandle$Holder.invokeInterface(java.lang.Object, java.lang.Object)'> (0x00000000ee92dcf8) 
thrown [s\src\hotspot\share\interpreter\linkResolver.cpp, line 773]
Event: 2.517 Thread 0x0000026a72d3cff0 Exception <a 'java/lang/NoSuchMethodError'{0x00000000ee563f98}: 'void java.lang.invoke.DirectMethodHandle$Holder.invokeStatic(java.lang.Object, java.lang.Object)'> (0x00000000ee563f98) 
thrown [s\src\hotspot\share\interpreter\linkResolver.cpp, line 773]
Event: 2.521 Thread 0x0000026a72d3cff0 Exception <a 'java/lang/NoSuchMethodError'{0x00000000ee5a9238}: 'java.lang.Object java.lang.invoke.DirectMethodHandle$Holder.invokeVirtual(java.lang.Object, java.lang.Object, java.lang.Object, java.lang.Object, java.lang.Object, java.lang.Object, java.lang.Object, java.lang.Object, java.lang.Object, java.lang.Object, java.lang.Object, java.lang.Object)'> (0x00000000ee5a9238) 
thrown [s\src\hotspot\share\interpreter\linkResolver.cpp, line 773]
Event: 2.522 Thread 0x0000026a72d3cff0 Exception <a 'java/lang/NoSuchMethodError'{0x00000000ee5ae260}: 'java.lang.Object java.lang.invoke.DirectMethodHandle$Holder.invokeSpecial(java.lang.Object, java.lang.Object, java.lang.Object, java.lang.Object, java.lang.Object, java.lang.Object, java.lang.Object, java.lang.Object, java.lang.Object, java.lang.Object, java.lang.Object, java.lang.Object, java.lang.Object)'> (0x00000000ee5ae260) 
thrown [s\src\hotspot\share\interpreter\linkResolver.cpp, line 773]
Event: 2.565 Thread 0x0000026a72d3cff0 Exception <a 'java/lang/NoSuchMethodError'{0x00000000ee217110}: 'int java.lang.invoke.DirectMethodHandle$Holder.invokeVirtual(java.lang.Object, java.lang.Object, java.lang.Object)'> (0x00000000ee217110) 
thrown [s\src\hotspot\share\interpreter\linkResolver.cpp, line 773]
Event: 2.598 Thread 0x0000026a72d3cff0 Exception <a 'java/lang/NoSuchMethodError'{0x00000000ee08a9b0}: 'java.lang.Object java.lang.invoke.DirectMethodHandle$Holder.newInvokeSpecial(java.lang.Object, java.lang.Object, java.lang.Object, java.lang.Object, java.lang.Object, java.lang.Object)'> (0x00000000ee08a9b0) 
thrown [s\src\hotspot\share\interpreter\linkResolver.cpp, line 773]
Event: 2.642 Thread 0x0000026a72d3cff0 Exception <a 'java/lang/NoSuchMethodError'{0x00000000edd5e0d8}: 'void java.lang.invoke.DelegatingMethodHandle$Holder.reinvoke_L(java.lang.Object, java.lang.Object, java.lang.Object, java.lang.Object, java.lang.Object, java.lang.Object, java.lang.Object, java.lang.Object, java.lang.Object, java.lang.Object)'> (0x00000000edd5e0d8) 
thrown [s\src\hotspot\share\interpreter\linkResolver.cpp, line 773]
Event: 2.643 Thread 0x0000026a72d3cff0 Exception <a 'java/lang/NoSuchMethodError'{0x00000000edd65bb8}: 'java.lang.Object java.lang.invoke.Invokers$Holder.invoker(java.lang.Object, java.lang.Object, java.lang.Object, java.lang.Object, java.lang.Object, java.lang.Object, java.lang.Object, java.lang.Object, java.lang.Object, java.lang.Object)'> (0x00000000edd65bb8) 
thrown [s\src\hotspot\share\interpreter\linkResolver.cpp, line 773]
Event: 2.744 Thread 0x0000026a72d3cff0 Exception <a 'java/lang/NoSuchMethodError'{0x00000000ed7a40b0}: 'void java.lang.invoke.DirectMethodHandle$Holder.invokeInterface(java.lang.Object, java.lang.Object)'> (0x00000000ed7a40b0) 
thrown [s\src\hotspot\share\interpreter\linkResolver.cpp, line 773]
Event: 2.744 Thread 0x0000026a72d3cff0 Exception <a 'java/lang/IncompatibleClassChangeError'{0x00000000ed7a7630}: Found class java.lang.Object, but interface was expected> (0x00000000ed7a7630) 
thrown [s\src\hotspot\share\interpreter\linkResolver.cpp, line 840]
Event: 2.765 Thread 0x0000026a72d3cff0 Exception <a 'java/lang/NoSuchMethodError'{0x00000000ed6ce830}: 'java.lang.Object java.lang.invoke.DirectMethodHandle$Holder.newInvokeSpecial(java.lang.Object, java.lang.Object, int)'> (0x00000000ed6ce830) 
thrown [s\src\hotspot\share\interpreter\linkResolver.cpp, line 773]
Event: 2.828 Thread 0x0000026a72d3cff0 Exception <a 'java/lang/NoSuchMethodError'{0x00000000ed1422b0}: 'java.lang.Object java.lang.invoke.DirectMethodHandle$Holder.invokeVirtual(java.lang.Object, java.lang.Object, java.lang.Object, java.lang.Object, java.lang.Object, java.lang.Object, java.lang.Object, java.lang.Object)'> (0x00000000ed1422b0) 
thrown [s\src\hotspot\share\interpreter\linkResolver.cpp, line 773]
Event: 2.850 Thread 0x0000026a72d3cff0 Exception <a 'java/lang/NoSuchMethodError'{0x00000000ed1e6820}: 'java.lang.Object java.lang.invoke.DirectMethodHandle$Holder.invokeVirtual(java.lang.Object, java.lang.Object, java.lang.Object, java.lang.Object, java.lang.Object, java.lang.Object, java.lang.Object, java.lang.Object, java.lang.Object, java.lang.Object)'> (0x00000000ed1e6820) 
thrown [s\src\hotspot\share\interpreter\linkResolver.cpp, line 773]
Event: 2.873 Thread 0x0000026a72d3cff0 Exception <a 'java/lang/NoSuchMethodError'{0x00000000ed07c8c0}: 'void java.lang.invoke.DirectMethodHandle$Holder.invokeStatic(java.lang.Object, java.lang.Object, java.lang.Object, java.lang.Object)'> (0x00000000ed07c8c0) 
thrown [s\src\hotspot\share\interpreter\linkResolver.cpp, line 773]
Event: 2.873 Thread 0x0000026a72d3cff0 Exception <a 'java/lang/NoSuchMethodError'{0x00000000ed080920}: 'void java.lang.invoke.DirectMethodHandle$Holder.invokeStaticInit(java.lang.Object, java.lang.Object, java.lang.Object, java.lang.Object)'> (0x00000000ed080920) 
thrown [s\src\hotspot\share\interpreter\linkResolver.cpp, line 773]
Event: 2.892 Thread 0x0000026a72d3cff0 Exception <a 'java/lang/NoSuchMethodError'{0x00000000ed0d6320}: 'java.lang.Object java.lang.invoke.DirectMethodHandle$Holder.invokeInterface(java.lang.Object, java.lang.Object, java.lang.Object)'> (0x00000000ed0d6320) 
thrown [s\src\hotspot\share\interpreter\linkResolver.cpp, line 773]
Event: 2.911 Thread 0x0000026a72d3cff0 Exception <a 'java/lang/NoSuchMethodError'{0x00000000ecfd9358}: 'int java.lang.invoke.DirectMethodHandle$Holder.invokeSpecialIFC(java.lang.Object, java.lang.Object, java.lang.Object, java.lang.Object)'> (0x00000000ecfd9358) 
thrown [s\src\hotspot\share\interpreter\linkResolver.cpp, line 773]
Event: 2.913 Thread 0x0000026a72d3cff0 Exception <a 'java/lang/IncompatibleClassChangeError'{0x00000000ecfe67b0}: Found class java.lang.Object, but interface was expected> (0x00000000ecfe67b0) 
thrown [s\src\hotspot\share\interpreter\linkResolver.cpp, line 840]
Event: 2.969 Thread 0x0000026a72d3cff0 Exception <a 'java/lang/NoSuchMethodError'{0x00000000ecde79b0}: 'int java.lang.invoke.DirectMethodHandle$Holder.invokeStatic(java.lang.Object, java.lang.Object, java.lang.Object, java.lang.Object)'> (0x00000000ecde79b0) 
thrown [s\src\hotspot\share\interpreter\linkResolver.cpp, line 773]

ZGC Phase Switch (0 events):
No events

VM Operations (20 events):
Event: 2.030 Executing VM operation: HandshakeAllThreads (Deoptimize)
Event: 2.030 Executing VM operation: HandshakeAllThreads (Deoptimize) done
Event: 2.033 Executing VM operation: HandshakeAllThreads (Deoptimize)
Event: 2.033 Executing VM operation: HandshakeAllThreads (Deoptimize) done
Event: 2.033 Executing VM operation: HandshakeAllThreads (Deoptimize)
Event: 2.033 Executing VM operation: HandshakeAllThreads (Deoptimize) done
Event: 2.061 Executing VM operation: HandshakeAllThreads (Deoptimize)
Event: 2.061 Executing VM operation: HandshakeAllThreads (Deoptimize) done
Event: 2.120 Executing VM operation: HandshakeAllThreads (Deoptimize)
Event: 2.120 Executing VM operation: HandshakeAllThreads (Deoptimize) done
Event: 2.151 Executing VM operation: HandshakeAllThreads (Deoptimize)
Event: 2.151 Executing VM operation: HandshakeAllThreads (Deoptimize) done
Event: 2.185 Executing VM operation: HandshakeAllThreads (Deoptimize)
Event: 2.185 Executing VM operation: HandshakeAllThreads (Deoptimize) done
Event: 2.322 Executing VM operation: HandshakeAllThreads (Deoptimize)
Event: 2.322 Executing VM operation: HandshakeAllThreads (Deoptimize) done
Event: 2.472 Executing VM operation: ICBufferFull
Event: 2.472 Executing VM operation: ICBufferFull done
Event: 2.763 Executing VM operation: HandshakeAllThreads (Deoptimize)
Event: 2.763 Executing VM operation: HandshakeAllThreads (Deoptimize) done

Memory protections (0 events):
No events

Nmethod flushes (0 events):
No events

Events (20 events):
Event: 0.037 Thread 0x0000026a51a73eb0 Thread added: 0x0000026a710183e0
Event: 0.037 Thread 0x0000026a51a73eb0 Thread added: 0x0000026a7101b170
Event: 0.037 Thread 0x0000026a51a73eb0 Thread added: 0x0000026a7102bc10
Event: 0.236 Thread 0x0000026a51a73eb0 Thread added: 0x0000026a71241930
Event: 0.264 Thread 0x0000026a51a73eb0 Thread added: 0x0000026a712b36b0
Event: 0.572 Thread 0x0000026a7102bc10 Thread added: 0x0000026a713ee680
Event: 0.575 Thread 0x0000026a713ee680 Thread added: 0x0000026a713efaf0
Event: 2.034 Thread 0x0000026a51a73eb0 Thread added: 0x0000026a72b52e50
Event: 2.205 Thread 0x0000026a51a73eb0 Thread added: 0x0000026a72b3a880
Event: 2.266 Thread 0x0000026a51a73eb0 Thread added: 0x0000026a72a86aa0
Event: 2.362 Thread 0x0000026a72b3a880 Thread added: 0x0000026a72a823d0
Event: 2.365 Thread 0x0000026a72a823d0 Thread added: 0x0000026a72a7dbd0
Event: 2.402 Thread 0x0000026a72a823d0 Thread added: 0x0000026a72d39b90
Event: 2.407 Thread 0x0000026a72a823d0 Thread added: 0x0000026a72d3cff0
Event: 2.418 Thread 0x0000026a72d3cff0 Thread added: 0x0000026a72d4bcd0
Event: 2.421 Thread 0x0000026a72d3cff0 Thread added: 0x0000026a72d4eac0
Event: 2.423 Thread 0x0000026a72d3cff0 Thread added: 0x0000026a72d4c9f0
Event: 2.764 Thread 0x0000026a72d3cff0 Thread added: 0x0000026a72d4c360
Event: 2.769 Thread 0x0000026a72d3cff0 Thread added: 0x0000026a72d4d080
Event: 2.806 Thread 0x0000026a72d3cff0 Thread added: 0x0000026a72d4d710


Dynamic libraries:
0x00007ff7bd420000 - 0x00007ff7bd42e000 	C:\Program Files\Eclipse Adoptium\jdk-21.0.9.10-hotspot\bin\java.exe
0x00007fff04180000 - 0x00007fff043e7000 	C:\WINDOWS\SYSTEM32\ntdll.dll
0x00007fff03440000 - 0x00007fff03509000 	C:\WINDOWS\System32\KERNEL32.DLL
0x00007fff01380000 - 0x00007fff0176f000 	C:\WINDOWS\System32\KERNELBASE.dll
0x00007fff018e0000 - 0x00007fff01a2b000 	C:\WINDOWS\System32\ucrtbase.dll
0x00007ffecff70000 - 0x00007ffecff8e000 	C:\Program Files\Eclipse Adoptium\jdk-21.0.9.10-hotspot\bin\VCRUNTIME140.dll
0x00007ffecf8b0000 - 0x00007ffecf8c8000 	C:\Program Files\Eclipse Adoptium\jdk-21.0.9.10-hotspot\bin\jli.dll
0x00007fff03630000 - 0x00007fff037f5000 	C:\WINDOWS\System32\USER32.dll
0x00007ffee1b80000 - 0x00007ffee1e13000 	C:\WINDOWS\WinSxS\amd64_microsoft.windows.common-controls_6595b64144ccf1df_6.0.26100.7309_none_3e05feeae336a044\COMCTL32.dll
0x00007fff01780000 - 0x00007fff017a7000 	C:\WINDOWS\System32\win32u.dll
0x00007fff02710000 - 0x00007fff0273b000 	C:\WINDOWS\System32\GDI32.dll
0x00007fff01f20000 - 0x00007fff01fc9000 	C:\WINDOWS\System32\msvcrt.dll
0x00007fff017b0000 - 0x00007fff018dc000 	C:\WINDOWS\System32\gdi32full.dll
0x00007fff01a30000 - 0x00007fff01ad3000 	C:\WINDOWS\System32\msvcp_win.dll
0x00007fff02800000 - 0x00007fff02831000 	C:\WINDOWS\System32\IMM32.DLL
0x00007ffed66a0000 - 0x00007ffed66ac000 	C:\Program Files\Eclipse Adoptium\jdk-21.0.9.10-hotspot\bin\vcruntime140_1.dll
0x00007ffe84790000 - 0x00007ffe8481d000 	C:\Program Files\Eclipse Adoptium\jdk-21.0.9.10-hotspot\bin\msvcp140.dll
0x00007ffe628d0000 - 0x00007ffe63670000 	C:\Program Files\Eclipse Adoptium\jdk-21.0.9.10-hotspot\bin\server\jvm.dll
0x00007fff02740000 - 0x00007fff027f4000 	C:\WINDOWS\System32\ADVAPI32.dll
0x00007fff03800000 - 0x00007fff038a6000 	C:\WINDOWS\System32\sechost.dll
0x00007fff03510000 - 0x00007fff03628000 	C:\WINDOWS\System32\RPCRT4.dll
0x00007fff01fd0000 - 0x00007fff02044000 	C:\WINDOWS\System32\WS2_32.dll
0x00007fff01130000 - 0x00007fff0118e000 	C:\WINDOWS\SYSTEM32\POWRPROF.dll
0x00007ffefa680000 - 0x00007ffefa68b000 	C:\WINDOWS\SYSTEM32\VERSION.dll
0x00007ffef4720000 - 0x00007ffef4755000 	C:\WINDOWS\SYSTEM32\WINMM.dll
0x00007fff01110000 - 0x00007fff01124000 	C:\WINDOWS\SYSTEM32\UMPDC.dll
0x00007fff00040000 - 0x00007fff0005b000 	C:\WINDOWS\SYSTEM32\kernel.appcore.dll
0x00007ffed2ce0000 - 0x00007ffed2cea000 	C:\Program Files\Eclipse Adoptium\jdk-21.0.9.10-hotspot\bin\jimage.dll
0x00007ffef2500000 - 0x00007ffef2742000 	C:\WINDOWS\SYSTEM32\DBGHELP.DLL
0x00007fff02fb0000 - 0x00007fff03335000 	C:\WINDOWS\System32\combase.dll
0x00007fff029e0000 - 0x00007fff02ab6000 	C:\WINDOWS\System32\OLEAUT32.dll
0x00007ffed9310000 - 0x00007ffed934c000 	C:\WINDOWS\SYSTEM32\dbgcore.DLL
0x00007fff012d0000 - 0x00007fff01375000 	C:\WINDOWS\System32\bcryptPrimitives.dll
0x00007ffec2dc0000 - 0x00007ffec2dcf000 	C:\Program Files\Eclipse Adoptium\jdk-21.0.9.10-hotspot\bin\instrument.dll
0x00007ffecf500000 - 0x00007ffecf520000 	C:\Program Files\Eclipse Adoptium\jdk-21.0.9.10-hotspot\bin\java.dll
0x00007fff039e0000 - 0x00007fff04133000 	C:\WINDOWS\System32\SHELL32.dll
0x00007fff01ba0000 - 0x00007fff01d0a000 	C:\WINDOWS\System32\wintypes.dll
0x00007ffefeeb0000 - 0x00007ffeff70e000 	C:\WINDOWS\SYSTEM32\windows.storage.dll
0x00007fff020f0000 - 0x00007fff021e5000 	C:\WINDOWS\System32\SHCORE.dll
0x00007fff03340000 - 0x00007fff033a6000 	C:\WINDOWS\System32\shlwapi.dll
0x00007fff011f0000 - 0x00007fff01219000 	C:\WINDOWS\SYSTEM32\profapi.dll
0x00007ffe7e890000 - 0x00007ffe7e967000 	C:\Program Files\Eclipse Adoptium\jdk-21.0.9.10-hotspot\bin\jsvml.dll
0x00007ffec6cd0000 - 0x00007ffec6ce8000 	C:\Program Files\Eclipse Adoptium\jdk-21.0.9.10-hotspot\bin\zip.dll
0x00007ffed0090000 - 0x00007ffed00a0000 	C:\Program Files\Eclipse Adoptium\jdk-21.0.9.10-hotspot\bin\net.dll
0x00007ffefb320000 - 0x00007ffefb448000 	C:\WINDOWS\SYSTEM32\WINHTTP.dll
0x00007fff00590000 - 0x00007fff005fb000 	C:\WINDOWS\system32\mswsock.dll
0x00007ffec93c0000 - 0x00007ffec93d6000 	C:\Program Files\Eclipse Adoptium\jdk-21.0.9.10-hotspot\bin\nio.dll
0x00007ffec6d20000 - 0x00007ffec6d30000 	C:\Program Files\Eclipse Adoptium\jdk-21.0.9.10-hotspot\bin\verify.dll
0x00007ffe98930000 - 0x00007ffe98957000 	C:\Users\akopa\.gradle\native\1def1411415f61bf3af743bc5b6707747c0891f09f0c88961ee8f79bc544acac\windows-amd64\native-platform.dll
0x00007ffe827e0000 - 0x00007ffe82858000 	C:\Users\akopa\.gradle\native\0.2.7\x86_64-windows-gnu\gradle-fileevents.dll
0x00007ffec55b0000 - 0x00007ffec55ba000 	C:\Program Files\Eclipse Adoptium\jdk-21.0.9.10-hotspot\bin\management.dll
0x00007ffec5390000 - 0x00007ffec539c000 	C:\Program Files\Eclipse Adoptium\jdk-21.0.9.10-hotspot\bin\management_ext.dll
0x00007fff033b0000 - 0x00007fff033b8000 	C:\WINDOWS\System32\PSAPI.DLL
0x00007ffeffa30000 - 0x00007ffeffa64000 	C:\WINDOWS\SYSTEM32\IPHLPAPI.DLL
0x00007fff038b0000 - 0x00007fff038ba000 	C:\WINDOWS\System32\NSI.dll
0x00007ffec4560000 - 0x00007ffec4569000 	C:\Program Files\Eclipse Adoptium\jdk-21.0.9.10-hotspot\bin\extnet.dll
0x00007fff00980000 - 0x00007fff0099b000 	C:\WINDOWS\SYSTEM32\CRYPTSP.dll
0x00007ffefffa0000 - 0x00007ffefffda000 	C:\WINDOWS\system32\rsaenh.dll
0x00007fff00640000 - 0x00007fff0066b000 	C:\WINDOWS\SYSTEM32\USERENV.dll
0x00007fff011c0000 - 0x00007fff011ea000 	C:\WINDOWS\SYSTEM32\bcrypt.dll
0x00007fff007e0000 - 0x00007fff007ec000 	C:\WINDOWS\SYSTEM32\CRYPTBASE.dll
0x00007ffeb1de0000 - 0x00007ffeb1dee000 	C:\Program Files\Eclipse Adoptium\jdk-21.0.9.10-hotspot\bin\sunmscapi.dll
0x00007fff01d10000 - 0x00007fff01e87000 	C:\WINDOWS\System32\CRYPT32.dll
0x00007fff00ad0000 - 0x00007fff00b00000 	C:\WINDOWS\SYSTEM32\ncrypt.dll
0x00007fff00a80000 - 0x00007fff00abf000 	C:\WINDOWS\SYSTEM32\NTASN1.dll
0x00007ffe9d2e0000 - 0x00007ffe9d2e8000 	C:\WINDOWS\system32\wshunix.dll

JVMTI agents:
C:\Users\akopa\.gradle\wrapper\dists\gradle-8.14-bin\38aieal9i53h9rfe7vjup95b9\gradle-8.14\lib\agents\gradle-instrumentation-agent-8.14.jar path:C:\Program Files\Eclipse Adoptium\jdk-21.0.9.10-hotspot\bin\instrument.dll, loaded, initialized, instrumentlib options:none

dbghelp: loaded successfully - version: 4.0.5 - missing functions: none
symbol engine: initialized successfully - sym options: 0x614 - pdb path: .;C:\Program Files\Eclipse Adoptium\jdk-21.0.9.10-hotspot\bin;C:\WINDOWS\SYSTEM32;C:\WINDOWS\WinSxS\amd64_microsoft.windows.common-controls_6595b64144ccf1df_6.0.26100.7309_none_3e05feeae336a044;C:\Program Files\Eclipse Adoptium\jdk-21.0.9.10-hotspot\bin\server;C:\Users\akopa\.gradle\native\1def1411415f61bf3af743bc5b6707747c0891f09f0c88961ee8f79bc544acac\windows-amd64;C:\Users\akopa\.gradle\native\0.2.7\x86_64-windows-gnu

VM Arguments:
jvm_args: --add-opens=java.base/java.lang=ALL-UNNAMED --add-opens=java.base/java.lang.invoke=ALL-UNNAMED --add-opens=java.base/java.util=ALL-UNNAMED --add-opens=java.prefs/java.util.prefs=ALL-UNNAMED --add-exports=jdk.compiler/com.sun.tools.javac.api=ALL-UNNAMED --add-exports=jdk.compiler/com.sun.tools.javac.util=ALL-UNNAMED --add-opens=java.base/java.util=ALL-UNNAMED --add-opens=java.prefs/java.util.prefs=ALL-UNNAMED --add-opens=java.base/java.nio.charset=ALL-UNNAMED --add-opens=java.base/java.net=ALL-UNNAMED --add-opens=java.base/java.util.concurrent.atomic=ALL-UNNAMED --add-opens=java.xml/javax.xml.namespace=ALL-UNNAMED -XX:MaxMetaspaceSize=384m -XX:+HeapDumpOnOutOfMemoryError -Xms256m -Xmx512m -Dfile.encoding=UTF-8 -Duser.country=RU -Duser.language=ru -Duser.variant -javaagent:C:\Users\akopa\.gradle\wrapper\dists\gradle-8.14-bin\38aieal9i53h9rfe7vjup95b9\gradle-8.14\lib\agents\gradle-instrumentation-agent-8.14.jar 
java_command: org.gradle.launcher.daemon.bootstrap.GradleDaemon 8.14
java_class_path (initial): C:\Users\akopa\.gradle\wrapper\dists\gradle-8.14-bin\38aieal9i53h9rfe7vjup95b9\gradle-8.14\lib\gradle-daemon-main-8.14.jar
Launcher Type: SUN_STANDARD

[Global flags]
     intx CICompilerCount                          = 4                                         {product} {ergonomic}
   size_t CompressedClassSpaceSize                 = 335544320                                 {product} {ergonomic}
     uint ConcGCThreads                            = 3                                         {product} {ergonomic}
     uint G1ConcRefinementThreads                  = 10                                        {product} {ergonomic}
   size_t G1HeapRegionSize                         = 1048576                                   {product} {ergonomic}
    uintx GCDrainStackTargetSize                   = 64                                        {product} {ergonomic}
     bool HeapDumpOnOutOfMemoryError               = true                                   {manageable} {command line}
   size_t InitialHeapSize                          = 268435456                                 {product} {command line}
   size_t MarkStackSize                            = 4194304                                   {product} {ergonomic}
   size_t MaxHeapSize                              = 536870912                                 {product} {command line}
   size_t MaxMetaspaceSize                         = 402653184                                 {product} {command line}
   size_t MaxNewSize                               = 321912832                                 {product} {ergonomic}
   size_t MinHeapDeltaBytes                        = 1048576                                   {product} {ergonomic}
   size_t MinHeapSize                              = 268435456                                 {product} {command line}
    uintx NonNMethodCodeHeapSize                   = 5839372                                {pd product} {ergonomic}
    uintx NonProfiledCodeHeapSize                  = 122909434                              {pd product} {ergonomic}
    uintx ProfiledCodeHeapSize                     = 122909434                              {pd product} {ergonomic}
    uintx ReservedCodeCacheSize                    = 251658240                              {pd product} {ergonomic}
     bool SegmentedCodeCache                       = true                                      {product} {ergonomic}
   size_t SoftMaxHeapSize                          = 536870912                              {manageable} {ergonomic}
     bool UseCompressedOops                        = true                           {product lp64_product} {ergonomic}
     bool UseG1GC                                  = true                                      {product} {ergonomic}
     bool UseLargePagesIndividualAllocation        = false                                  {pd product} {ergonomic}

Logging:
Log output configuration:
 #0: stdout all=warning uptime,level,tags foldmultilines=false
 #1: stderr all=off uptime,level,tags foldmultilines=false

Release file:
IMPLEMENTOR="Eclipse Adoptium" 
IMPLEMENTOR_VERSION="Temurin-21.0.9+10" 
JAVA_RUNTIME_VERSION="21.0.9+10-LTS" 
JAVA_VERSION="21.0.9" 
JAVA_VERSION_DATE="2025-10-21" 
LIBC="default" 
MODULES="java.base java.compiler java.datatransfer java.xml java.prefs java.desktop java.instrument java.logging java.management java.security.sasl java.naming java.rmi java.management.rmi java.net.http java.scripting java.security.jgss java.transaction.xa java.sql java.sql.rowset java.xml.crypto java.se java.smartcardio jdk.accessibility jdk.internal.jvmstat jdk.attach jdk.charsets jdk.internal.opt jdk.zipfs jdk.compiler jdk.crypto.ec jdk.crypto.cryptoki jdk.crypto.mscapi jdk.dynalink jdk.internal.ed jdk.editpad jdk.hotspot.agent jdk.httpserver jdk.incubator.vector jdk.internal.le jdk.internal.vm.ci jdk.internal.vm.compiler jdk.internal.vm.compiler.management jdk.jartool jdk.javadoc jdk.jcmd jdk.management jdk.management.agent jdk.jconsole jdk.jdeps jdk.jdwp.agent jdk.jdi jdk.jfr jdk.jlink jdk.jpackage jdk.jshell jdk.jsobject jdk.jstatd jdk.localedata jdk.management.jfr jdk.naming.dns jdk.naming.rmi jdk.net jdk.nio.mapmode jdk.random jdk.sctp jdk.security.auth jdk.security.jgss jdk.unsupported jdk.unsupported.desktop jdk.xml.dom" 
OS_ARCH="x86_64" 
OS_NAME="Windows" 
SOURCE=".:git:759062135b07" 
BUILD_SOURCE="git:839fa0b45d809157cffd3dc8515aad262a4a1776"
BUILD_SOURCE_REPO="https://github.com/adoptium/temurin-build.git"
SOURCE_REPO="https://github.com/adoptium/jdk21u.git"
FULL_VERSION="21.0.9+10-LTS"
SEMANTIC_VERSION="21.0.9+10"
BUILD_INFO="OS: Windows Server 2022 Version: 10.0"
JVM_VARIANT="Hotspot"
JVM_VERSION="21.0.9+10-LTS"
IMAGE_TYPE="JDK"

Environment Variables:
CLASSPATH=C:\Users\akopa\IdeaProjects\MinecraftButBetter\\gradle\wrapper\gradle-wrapper.jar
PATH=C:\Program Files (x86)\Common Files\Intel\Shared Libraries\redist\intel64\compiler;C:\Program Files\Eclipse Adoptium\jdk-21.0.9.10-hotspot\bin;C:\WINDOWS\system32;C:\WINDOWS;C:\WINDOWS\System32\Wbem;C:\WINDOWS\System32\WindowsPowerShell\v1.0\;C:\WINDOWS\System32\OpenSSH\;C:\Program Files\NVIDIA Corporation\NVIDIA App\NvDLISR;C:\Program Files (x86)\NVIDIA Corporation\PhysX\Common;C:\Program Files\Cloudflare\Cloudflare WARP\;C:\Program Files\Git\cmd;C:\Program Files\cursor\resources\app\bin;C:\Program Files\nodejs\;C:\Program Files\Docker\Docker\resources\bin;C:\Program Files\Git LFS;C:\apache-maven-3.9.14\bin;C:\Program Files\Go\bin;C:\Users\akopa\.cargo\bin;C:\Users\akopa\.local\bin;C:\Users\akopa\AppData\Local\Microsoft\WindowsApps;C:\Program Files\JetBrains\IntelliJ IDEA 2025.3.1\bin;C:\Users\akopa\AppData\Roaming\npm;C:\Users\akopa\go\bin
USERNAME=akopa
LANG=en_US.UTF-8
OS=Windows_NT
PROCESSOR_IDENTIFIER=AMD64 Family 25 Model 33 Stepping 2, AuthenticAMD
TMP=C:\Users\akopa\AppData\Local\Temp
TEMP=C:\Users\akopa\AppData\Local\Temp




Periodic native trim disabled

---------------  S Y S T E M  ---------------

OS:
 Windows 11 , 64 bit Build 26100 (10.0.26100.7309)
OS uptime: 0 days 0:38 hours
Hyper-V role detected

CPU: total 12 (initial active 12) (12 cores per cpu, 2 threads per core) family 25 model 33 stepping 2 microcode 0xa20120e, cx8, cmov, fxsr, ht, mmx, 3dnowpref, sse, sse2, sse3, ssse3, sse4a, sse4.1, sse4.2, popcnt, lzcnt, tsc, tscinvbit, avx, avx2, aes, erms, clmul, bmi1, bmi2, adx, sha, fma, vzeroupper, clflush, clflushopt, hv, rdtscp, rdpid, fsrm, f16c, cet_ss
Processor Information for the first 12 processors :
  Max Mhz: 3701, Current Mhz: 3701, Mhz Limit: 3701

Memory: 4k page, system-wide physical 16310M (2587M free)
TotalPageFile size 31158M (AvailPageFile size 9721M)
current process WorkingSet (physical memory assigned to process): 208M, peak: 208M
current process commit charge ("private bytes"): 438M, peak: 438M

vm_info: OpenJDK 64-Bit Server VM (21.0.9+10-LTS) for windows-amd64 JRE (21.0.9+10-LTS), built on 2025-10-21T00:00:00Z by "admin" with unknown MS VC++:1942

END.
